{"/Users/bhaumiktandan/1024/components/AchievementSystem.js": {"path":"/Users/bhaumiktandan/1024/components/AchievementSystem.js","statementMap":{"0":{"start":{"line":16,"column":28},"end":{"line":163,"column":1}},"1":{"start":{"line":166,"column":21},"end":{"line":212,"column":1}},"2":{"start":{"line":167,"column":2},"end":{"line":211,"column":9}},"3":{"start":{"line":214,"column":18},"end":{"line":251,"column":1}},"4":{"start":{"line":215,"column":2},"end":{"line":250,"column":9}},"5":{"start":{"line":253,"column":19},"end":{"line":285,"column":1}},"6":{"start":{"line":254,"column":2},"end":{"line":284,"column":9}},"7":{"start":{"line":288,"column":30},"end":{"line":367,"column":1}},"8":{"start":{"line":290,"column":28},"end":{"line":298,"column":3}},"9":{"start":{"line":300,"column":19},"end":{"line":300,"column":52}},"10":{"start":{"line":302,"column":2},"end":{"line":309,"column":3}},"11":{"start":{"line":304,"column":4},"end":{"line":308,"column":6}},"12":{"start":{"line":312,"column":29},"end":{"line":320,"column":3}},"13":{"start":{"line":322,"column":22},"end":{"line":322,"column":56}},"14":{"start":{"line":326,"column":2},"end":{"line":353,"column":3}},"15":{"start":{"line":328,"column":6},"end":{"line":328,"column":51}},"16":{"start":{"line":329,"column":6},"end":{"line":329,"column":12}},"17":{"start":{"line":331,"column":6},"end":{"line":331,"column":48}},"18":{"start":{"line":332,"column":6},"end":{"line":332,"column":12}},"19":{"start":{"line":334,"column":6},"end":{"line":334,"column":49}},"20":{"start":{"line":335,"column":6},"end":{"line":335,"column":12}},"21":{"start":{"line":338,"column":6},"end":{"line":352,"column":8}},"22":{"start":{"line":355,"column":2},"end":{"line":366,"column":4}},"23":{"start":{"line":370,"column":32},"end":{"line":431,"column":1}},"24":{"start":{"line":371,"column":20},"end":{"line":371,"column":60}},"25":{"start":{"line":372,"column":20},"end":{"line":372,"column":59}},"26":{"start":{"line":374,"column":2},"end":{"line":406,"column":9}},"27":{"start":{"line":375,"column":4},"end":{"line":388,"column":15}},"28":{"start":{"line":390,"column":18},"end":{"line":403,"column":12}},"29":{"start":{"line":391,"column":6},"end":{"line":402,"column":24}},"30":{"start":{"line":405,"column":4},"end":{"line":405,"column":37}},"31":{"start":{"line":405,"column":17},"end":{"line":405,"column":36}},"32":{"start":{"line":408,"column":2},"end":{"line":430,"column":4}},"33":{"start":{"line":434,"column":33},"end":{"line":659,"column":1}},"34":{"start":{"line":440,"column":44},"end":{"line":440,"column":56}},"35":{"start":{"line":441,"column":36},"end":{"line":441,"column":51}},"36":{"start":{"line":444,"column":40},"end":{"line":446,"column":26}},"37":{"start":{"line":445,"column":43},"end":{"line":445,"column":47}},"38":{"start":{"line":449,"column":2},"end":{"line":453,"column":29}},"39":{"start":{"line":450,"column":4},"end":{"line":452,"column":5}},"40":{"start":{"line":451,"column":6},"end":{"line":451,"column":35}},"41":{"start":{"line":455,"column":28},"end":{"line":515,"column":3}},"42":{"start":{"line":456,"column":28},"end":{"line":456,"column":30}},"43":{"start":{"line":459,"column":4},"end":{"line":506,"column":7}},"44":{"start":{"line":460,"column":6},"end":{"line":460,"column":73}},"45":{"start":{"line":460,"column":66},"end":{"line":460,"column":73}},"46":{"start":{"line":462,"column":21},"end":{"line":462,"column":26}},"47":{"start":{"line":464,"column":6},"end":{"line":501,"column":7}},"48":{"start":{"line":466,"column":10},"end":{"line":466,"column":51}},"49":{"start":{"line":467,"column":10},"end":{"line":467,"column":16}},"50":{"start":{"line":469,"column":10},"end":{"line":469,"column":51}},"51":{"start":{"line":470,"column":10},"end":{"line":470,"column":16}},"52":{"start":{"line":472,"column":10},"end":{"line":472,"column":52}},"53":{"start":{"line":473,"column":10},"end":{"line":473,"column":16}},"54":{"start":{"line":475,"column":10},"end":{"line":475,"column":53}},"55":{"start":{"line":476,"column":10},"end":{"line":476,"column":16}},"56":{"start":{"line":478,"column":10},"end":{"line":478,"column":54}},"57":{"start":{"line":479,"column":10},"end":{"line":479,"column":16}},"58":{"start":{"line":481,"column":10},"end":{"line":481,"column":54}},"59":{"start":{"line":482,"column":10},"end":{"line":482,"column":16}},"60":{"start":{"line":484,"column":10},"end":{"line":484,"column":55}},"61":{"start":{"line":485,"column":10},"end":{"line":485,"column":16}},"62":{"start":{"line":487,"column":10},"end":{"line":487,"column":52}},"63":{"start":{"line":488,"column":10},"end":{"line":488,"column":16}},"64":{"start":{"line":490,"column":10},"end":{"line":490,"column":52}},"65":{"start":{"line":491,"column":10},"end":{"line":491,"column":16}},"66":{"start":{"line":493,"column":10},"end":{"line":493,"column":53}},"67":{"start":{"line":494,"column":10},"end":{"line":494,"column":16}},"68":{"start":{"line":496,"column":10},"end":{"line":496,"column":54}},"69":{"start":{"line":497,"column":10},"end":{"line":497,"column":16}},"70":{"start":{"line":499,"column":10},"end":{"line":499,"column":53}},"71":{"start":{"line":500,"column":10},"end":{"line":500,"column":16}},"72":{"start":{"line":503,"column":6},"end":{"line":505,"column":7}},"73":{"start":{"line":504,"column":8},"end":{"line":504,"column":42}},"74":{"start":{"line":509,"column":4},"end":{"line":514,"column":7}},"75":{"start":{"line":510,"column":6},"end":{"line":510,"column":36}},"76":{"start":{"line":511,"column":6},"end":{"line":513,"column":7}},"77":{"start":{"line":512,"column":8},"end":{"line":512,"column":41}},"78":{"start":{"line":517,"column":27},"end":{"line":524,"column":3}},"79":{"start":{"line":518,"column":25},"end":{"line":521,"column":5}},"80":{"start":{"line":523,"column":4},"end":{"line":523,"column":54}},"81":{"start":{"line":523,"column":29},"end":{"line":523,"column":52}},"82":{"start":{"line":526,"column":29},"end":{"line":528,"column":3}},"83":{"start":{"line":527,"column":4},"end":{"line":527,"column":72}},"84":{"start":{"line":527,"column":29},"end":{"line":527,"column":70}},"85":{"start":{"line":527,"column":46},"end":{"line":527,"column":69}},"86":{"start":{"line":530,"column":21},"end":{"line":535,"column":3}},"87":{"start":{"line":531,"column":4},"end":{"line":534,"column":10}},"88":{"start":{"line":532,"column":26},"end":{"line":532,"column":87}},"89":{"start":{"line":532,"column":64},"end":{"line":532,"column":86}},"90":{"start":{"line":533,"column":6},"end":{"line":533,"column":48}},"91":{"start":{"line":537,"column":34},"end":{"line":539,"column":3}},"92":{"start":{"line":538,"column":4},"end":{"line":538,"column":103}},"93":{"start":{"line":541,"column":2},"end":{"line":658,"column":4}},"94":{"start":{"line":546,"column":10},"end":{"line":550,"column":12}},"95":{"start":{"line":549,"column":27},"end":{"line":549,"column":62}},"96":{"start":{"line":559,"column":30},"end":{"line":559,"column":49}},"97":{"start":{"line":564,"column":45},"end":{"line":564,"column":64}},"98":{"start":{"line":577,"column":33},"end":{"line":577,"column":87}},"99":{"start":{"line":579,"column":14},"end":{"line":639,"column":16}},"100":{"start":{"line":648,"column":23},"end":{"line":648,"column":41}},"101":{"start":{"line":661,"column":15},"end":{"line":1147,"column":2}}},"fnMap":{"0":{"name":"(anonymous_0)","decl":{"start":{"line":166,"column":21},"end":{"line":166,"column":22}},"loc":{"start":{"line":167,"column":2},"end":{"line":211,"column":9}},"line":167},"1":{"name":"(anonymous_1)","decl":{"start":{"line":214,"column":18},"end":{"line":214,"column":19}},"loc":{"start":{"line":215,"column":2},"end":{"line":250,"column":9}},"line":215},"2":{"name":"(anonymous_2)","decl":{"start":{"line":253,"column":19},"end":{"line":253,"column":20}},"loc":{"start":{"line":254,"column":2},"end":{"line":284,"column":9}},"line":254},"3":{"name":"(anonymous_3)","decl":{"start":{"line":288,"column":30},"end":{"line":288,"column":31}},"loc":{"start":{"line":288,"column":69},"end":{"line":367,"column":1}},"line":288},"4":{"name":"(anonymous_4)","decl":{"start":{"line":370,"column":32},"end":{"line":370,"column":33}},"loc":{"start":{"line":370,"column":62},"end":{"line":431,"column":1}},"line":370},"5":{"name":"(anonymous_5)","decl":{"start":{"line":374,"column":12},"end":{"line":374,"column":13}},"loc":{"start":{"line":374,"column":18},"end":{"line":406,"column":3}},"line":374},"6":{"name":"(anonymous_6)","decl":{"start":{"line":390,"column":29},"end":{"line":390,"column":30}},"loc":{"start":{"line":390,"column":35},"end":{"line":403,"column":5}},"line":390},"7":{"name":"(anonymous_7)","decl":{"start":{"line":405,"column":11},"end":{"line":405,"column":12}},"loc":{"start":{"line":405,"column":17},"end":{"line":405,"column":36}},"line":405},"8":{"name":"(anonymous_8)","decl":{"start":{"line":434,"column":33},"end":{"line":434,"column":34}},"loc":{"start":{"line":439,"column":6},"end":{"line":659,"column":1}},"line":439},"9":{"name":"(anonymous_9)","decl":{"start":{"line":445,"column":38},"end":{"line":445,"column":39}},"loc":{"start":{"line":445,"column":43},"end":{"line":445,"column":47}},"line":445},"10":{"name":"(anonymous_10)","decl":{"start":{"line":449,"column":12},"end":{"line":449,"column":13}},"loc":{"start":{"line":449,"column":18},"end":{"line":453,"column":3}},"line":449},"11":{"name":"(anonymous_11)","decl":{"start":{"line":455,"column":28},"end":{"line":455,"column":29}},"loc":{"start":{"line":455,"column":39},"end":{"line":515,"column":3}},"line":455},"12":{"name":"(anonymous_12)","decl":{"start":{"line":459,"column":40},"end":{"line":459,"column":41}},"loc":{"start":{"line":459,"column":55},"end":{"line":506,"column":5}},"line":459},"13":{"name":"(anonymous_13)","decl":{"start":{"line":509,"column":28},"end":{"line":509,"column":29}},"loc":{"start":{"line":509,"column":43},"end":{"line":514,"column":5}},"line":509},"14":{"name":"(anonymous_14)","decl":{"start":{"line":517,"column":27},"end":{"line":517,"column":28}},"loc":{"start":{"line":517,"column":44},"end":{"line":524,"column":3}},"line":517},"15":{"name":"(anonymous_15)","decl":{"start":{"line":523,"column":21},"end":{"line":523,"column":22}},"loc":{"start":{"line":523,"column":29},"end":{"line":523,"column":52}},"line":523},"16":{"name":"(anonymous_16)","decl":{"start":{"line":526,"column":29},"end":{"line":526,"column":30}},"loc":{"start":{"line":526,"column":49},"end":{"line":528,"column":3}},"line":526},"17":{"name":"(anonymous_17)","decl":{"start":{"line":527,"column":21},"end":{"line":527,"column":22}},"loc":{"start":{"line":527,"column":29},"end":{"line":527,"column":70}},"line":527},"18":{"name":"(anonymous_18)","decl":{"start":{"line":527,"column":41},"end":{"line":527,"column":42}},"loc":{"start":{"line":527,"column":46},"end":{"line":527,"column":69}},"line":527},"19":{"name":"(anonymous_19)","decl":{"start":{"line":530,"column":21},"end":{"line":530,"column":22}},"loc":{"start":{"line":530,"column":27},"end":{"line":535,"column":3}},"line":530},"20":{"name":"(anonymous_20)","decl":{"start":{"line":531,"column":48},"end":{"line":531,"column":49}},"loc":{"start":{"line":531,"column":74},"end":{"line":534,"column":5}},"line":531},"21":{"name":"(anonymous_21)","decl":{"start":{"line":532,"column":59},"end":{"line":532,"column":60}},"loc":{"start":{"line":532,"column":64},"end":{"line":532,"column":86}},"line":532},"22":{"name":"(anonymous_22)","decl":{"start":{"line":537,"column":34},"end":{"line":537,"column":35}},"loc":{"start":{"line":537,"column":40},"end":{"line":539,"column":3}},"line":537},"23":{"name":"(anonymous_23)","decl":{"start":{"line":545,"column":27},"end":{"line":545,"column":28}},"loc":{"start":{"line":546,"column":10},"end":{"line":550,"column":12}},"line":546},"24":{"name":"(anonymous_24)","decl":{"start":{"line":549,"column":21},"end":{"line":549,"column":22}},"loc":{"start":{"line":549,"column":27},"end":{"line":549,"column":62}},"line":549},"25":{"name":"(anonymous_25)","decl":{"start":{"line":559,"column":24},"end":{"line":559,"column":25}},"loc":{"start":{"line":559,"column":30},"end":{"line":559,"column":49}},"line":559},"26":{"name":"(anonymous_26)","decl":{"start":{"line":564,"column":39},"end":{"line":564,"column":40}},"loc":{"start":{"line":564,"column":45},"end":{"line":564,"column":64}},"line":564},"27":{"name":"(anonymous_27)","decl":{"start":{"line":576,"column":45},"end":{"line":576,"column":46}},"loc":{"start":{"line":576,"column":60},"end":{"line":640,"column":13}},"line":576},"28":{"name":"(anonymous_28)","decl":{"start":{"line":648,"column":17},"end":{"line":648,"column":18}},"loc":{"start":{"line":648,"column":23},"end":{"line":648,"column":41}},"line":648}},"branchMap":{"0":{"loc":{"start":{"line":302,"column":2},"end":{"line":309,"column":3}},"type":"if","locations":[{"start":{"line":302,"column":2},"end":{"line":309,"column":3}},{"start":{},"end":{}}],"line":302},"1":{"loc":{"start":{"line":326,"column":2},"end":{"line":353,"column":3}},"type":"switch","locations":[{"start":{"line":327,"column":4},"end":{"line":329,"column":12}},{"start":{"line":330,"column":4},"end":{"line":332,"column":12}},{"start":{"line":333,"column":4},"end":{"line":335,"column":12}},{"start":{"line":336,"column":4},"end":{"line":352,"column":8}}],"line":326},"2":{"loc":{"start":{"line":435,"column":2},"end":{"line":435,"column":27}},"type":"default-arg","locations":[{"start":{"line":435,"column":25},"end":{"line":435,"column":27}}],"line":435},"3":{"loc":{"start":{"line":437,"column":2},"end":{"line":437,"column":16}},"type":"default-arg","locations":[{"start":{"line":437,"column":14},"end":{"line":437,"column":16}}],"line":437},"4":{"loc":{"start":{"line":438,"column":2},"end":{"line":438,"column":18}},"type":"default-arg","locations":[{"start":{"line":438,"column":14},"end":{"line":438,"column":18}}],"line":438},"5":{"loc":{"start":{"line":444,"column":40},"end":{"line":446,"column":26}},"type":"cond-expr","locations":[{"start":{"line":445,"column":6},"end":{"line":445,"column":48}},{"start":{"line":446,"column":6},"end":{"line":446,"column":26}}],"line":444},"6":{"loc":{"start":{"line":450,"column":4},"end":{"line":452,"column":5}},"type":"if","locations":[{"start":{"line":450,"column":4},"end":{"line":452,"column":5}},{"start":{},"end":{}}],"line":450},"7":{"loc":{"start":{"line":460,"column":6},"end":{"line":460,"column":73}},"type":"if","locations":[{"start":{"line":460,"column":6},"end":{"line":460,"column":73}},{"start":{},"end":{}}],"line":460},"8":{"loc":{"start":{"line":464,"column":6},"end":{"line":501,"column":7}},"type":"switch","locations":[{"start":{"line":465,"column":8},"end":{"line":467,"column":16}},{"start":{"line":468,"column":8},"end":{"line":470,"column":16}},{"start":{"line":471,"column":8},"end":{"line":473,"column":16}},{"start":{"line":474,"column":8},"end":{"line":476,"column":16}},{"start":{"line":477,"column":8},"end":{"line":479,"column":16}},{"start":{"line":480,"column":8},"end":{"line":482,"column":16}},{"start":{"line":483,"column":8},"end":{"line":485,"column":16}},{"start":{"line":486,"column":8},"end":{"line":488,"column":16}},{"start":{"line":489,"column":8},"end":{"line":491,"column":16}},{"start":{"line":492,"column":8},"end":{"line":494,"column":16}},{"start":{"line":495,"column":8},"end":{"line":497,"column":16}},{"start":{"line":498,"column":8},"end":{"line":500,"column":16}}],"line":464},"9":{"loc":{"start":{"line":466,"column":22},"end":{"line":466,"column":44}},"type":"binary-expr","locations":[{"start":{"line":466,"column":22},"end":{"line":466,"column":39}},{"start":{"line":466,"column":43},"end":{"line":466,"column":44}}],"line":466},"10":{"loc":{"start":{"line":469,"column":22},"end":{"line":469,"column":44}},"type":"binary-expr","locations":[{"start":{"line":469,"column":22},"end":{"line":469,"column":39}},{"start":{"line":469,"column":43},"end":{"line":469,"column":44}}],"line":469},"11":{"loc":{"start":{"line":472,"column":22},"end":{"line":472,"column":44}},"type":"binary-expr","locations":[{"start":{"line":472,"column":22},"end":{"line":472,"column":39}},{"start":{"line":472,"column":43},"end":{"line":472,"column":44}}],"line":472},"12":{"loc":{"start":{"line":475,"column":22},"end":{"line":475,"column":44}},"type":"binary-expr","locations":[{"start":{"line":475,"column":22},"end":{"line":475,"column":39}},{"start":{"line":475,"column":43},"end":{"line":475,"column":44}}],"line":475},"13":{"loc":{"start":{"line":478,"column":22},"end":{"line":478,"column":44}},"type":"binary-expr","locations":[{"start":{"line":478,"column":22},"end":{"line":478,"column":39}},{"start":{"line":478,"column":43},"end":{"line":478,"column":44}}],"line":478},"14":{"loc":{"start":{"line":481,"column":22},"end":{"line":481,"column":44}},"type":"binary-expr","locations":[{"start":{"line":481,"column":22},"end":{"line":481,"column":39}},{"start":{"line":481,"column":43},"end":{"line":481,"column":44}}],"line":481},"15":{"loc":{"start":{"line":484,"column":22},"end":{"line":484,"column":44}},"type":"binary-expr","locations":[{"start":{"line":484,"column":22},"end":{"line":484,"column":39}},{"start":{"line":484,"column":43},"end":{"line":484,"column":44}}],"line":484},"16":{"loc":{"start":{"line":487,"column":22},"end":{"line":487,"column":45}},"type":"binary-expr","locations":[{"start":{"line":487,"column":22},"end":{"line":487,"column":40}},{"start":{"line":487,"column":44},"end":{"line":487,"column":45}}],"line":487},"17":{"loc":{"start":{"line":490,"column":22},"end":{"line":490,"column":42}},"type":"binary-expr","locations":[{"start":{"line":490,"column":22},"end":{"line":490,"column":37}},{"start":{"line":490,"column":41},"end":{"line":490,"column":42}}],"line":490},"18":{"loc":{"start":{"line":493,"column":22},"end":{"line":493,"column":42}},"type":"binary-expr","locations":[{"start":{"line":493,"column":22},"end":{"line":493,"column":37}},{"start":{"line":493,"column":41},"end":{"line":493,"column":42}}],"line":493},"19":{"loc":{"start":{"line":496,"column":22},"end":{"line":496,"column":42}},"type":"binary-expr","locations":[{"start":{"line":496,"column":22},"end":{"line":496,"column":37}},{"start":{"line":496,"column":41},"end":{"line":496,"column":42}}],"line":496},"20":{"loc":{"start":{"line":499,"column":22},"end":{"line":499,"column":44}},"type":"binary-expr","locations":[{"start":{"line":499,"column":22},"end":{"line":499,"column":39}},{"start":{"line":499,"column":43},"end":{"line":499,"column":44}}],"line":499},"21":{"loc":{"start":{"line":503,"column":6},"end":{"line":505,"column":7}},"type":"if","locations":[{"start":{"line":503,"column":6},"end":{"line":505,"column":7}},{"start":{},"end":{}}],"line":503},"22":{"loc":{"start":{"line":511,"column":6},"end":{"line":513,"column":7}},"type":"if","locations":[{"start":{"line":511,"column":6},"end":{"line":513,"column":7}},{"start":{},"end":{}}],"line":511},"23":{"loc":{"start":{"line":533,"column":22},"end":{"line":533,"column":46}},"type":"binary-expr","locations":[{"start":{"line":533,"column":22},"end":{"line":533,"column":41}},{"start":{"line":533,"column":45},"end":{"line":533,"column":46}}],"line":533},"24":{"loc":{"start":{"line":584,"column":20},"end":{"line":584,"column":60}},"type":"binary-expr","locations":[{"start":{"line":584,"column":20},"end":{"line":584,"column":30}},{"start":{"line":584,"column":34},"end":{"line":584,"column":60}}],"line":584},"25":{"loc":{"start":{"line":589,"column":21},"end":{"line":600,"column":21}},"type":"cond-expr","locations":[{"start":{"line":590,"column":22},"end":{"line":594,"column":24}},{"start":{"line":596,"column":22},"end":{"line":599,"column":29}}],"line":589},"26":{"loc":{"start":{"line":598,"column":58},"end":{"line":598,"column":84}},"type":"binary-expr","locations":[{"start":{"line":598,"column":58},"end":{"line":598,"column":75}},{"start":{"line":598,"column":79},"end":{"line":598,"column":84}}],"line":598},"27":{"loc":{"start":{"line":607,"column":22},"end":{"line":607,"column":54}},"type":"binary-expr","locations":[{"start":{"line":607,"column":22},"end":{"line":607,"column":33}},{"start":{"line":607,"column":37},"end":{"line":607,"column":54}}],"line":607},"28":{"loc":{"start":{"line":613,"column":22},"end":{"line":613,"column":54}},"type":"binary-expr","locations":[{"start":{"line":613,"column":22},"end":{"line":613,"column":33}},{"start":{"line":613,"column":37},"end":{"line":613,"column":54}}],"line":613},"29":{"loc":{"start":{"line":622,"column":21},"end":{"line":636,"column":21}},"type":"binary-expr","locations":[{"start":{"line":622,"column":21},"end":{"line":622,"column":32}},{"start":{"line":622,"column":36},"end":{"line":622,"column":59}},{"start":{"line":623,"column":22},"end":{"line":635,"column":29}}],"line":622},"30":{"loc":{"start":{"line":625,"column":37},"end":{"line":625,"column":73}},"type":"binary-expr","locations":[{"start":{"line":625,"column":37},"end":{"line":625,"column":68}},{"start":{"line":625,"column":72},"end":{"line":625,"column":73}}],"line":625},"31":{"loc":{"start":{"line":631,"column":52},"end":{"line":631,"column":88}},"type":"binary-expr","locations":[{"start":{"line":631,"column":52},"end":{"line":631,"column":83}},{"start":{"line":631,"column":87},"end":{"line":631,"column":88}}],"line":631},"32":{"loc":{"start":{"line":651,"column":9},"end":{"line":655,"column":9}},"type":"binary-expr","locations":[{"start":{"line":651,"column":9},"end":{"line":651,"column":49}},{"start":{"line":652,"column":10},"end":{"line":654,"column":17}}],"line":651}},"s":{"0":0,"1":0,"2":0,"3":0,"4":0,"5":0,"6":0,"7":0,"8":0,"9":0,"10":0,"11":0,"12":0,"13":0,"14":0,"15":0,"16":0,"17":0,"18":0,"19":0,"20":0,"21":0,"22":0,"23":0,"24":0,"25":0,"26":0,"27":0,"28":0,"29":0,"30":0,"31":0,"32":0,"33":0,"34":0,"35":0,"36":0,"37":0,"38":0,"39":0,"40":0,"41":0,"42":0,"43":0,"44":0,"45":0,"46":0,"47":0,"48":0,"49":0,"50":0,"51":0,"52":0,"53":0,"54":0,"55":0,"56":0,"57":0,"58":0,"59":0,"60":0,"61":0,"62":0,"63":0,"64":0,"65":0,"66":0,"67":0,"68":0,"69":0,"70":0,"71":0,"72":0,"73":0,"74":0,"75":0,"76":0,"77":0,"78":0,"79":0,"80":0,"81":0,"82":0,"83":0,"84":0,"85":0,"86":0,"87":0,"88":0,"89":0,"90":0,"91":0,"92":0,"93":0,"94":0,"95":0,"96":0,"97":0,"98":0,"99":0,"100":0,"101":0},"f":{"0":0,"1":0,"2":0,"3":0,"4":0,"5":0,"6":0,"7":0,"8":0,"9":0,"10":0,"11":0,"12":0,"13":0,"14":0,"15":0,"16":0,"17":0,"18":0,"19":0,"20":0,"21":0,"22":0,"23":0,"24":0,"25":0,"26":0,"27":0,"28":0},"b":{"0":[0,0],"1":[0,0,0,0],"2":[0],"3":[0],"4":[0],"5":[0,0],"6":[0,0],"7":[0,0],"8":[0,0,0,0,0,0,0,0,0,0,0,0],"9":[0,0],"10":[0,0],"11":[0,0],"12":[0,0],"13":[0,0],"14":[0,0],"15":[0,0],"16":[0,0],"17":[0,0],"18":[0,0],"19":[0,0],"20":[0,0],"21":[0,0],"22":[0,0],"23":[0,0],"24":[0,0],"25":[0,0],"26":[0,0],"27":[0,0],"28":[0,0],"29":[0,0,0],"30":[0,0],"31":[0,0],"32":[0,0]}}
,"/Users/bhaumiktandan/1024/components/AnimationManager.js": {"path":"/Users/bhaumiktandan/1024/components/AnimationManager.js","statementMap":{"0":{"start":{"line":7,"column":35},"end":{"line":625,"column":1}},"1":{"start":{"line":8,"column":32},"end":{"line":8,"column":46}},"2":{"start":{"line":9,"column":42},"end":{"line":9,"column":54}},"3":{"start":{"line":10,"column":40},"end":{"line":10,"column":54}},"4":{"start":{"line":11,"column":48},"end":{"line":11,"column":60}},"5":{"start":{"line":12,"column":50},"end":{"line":12,"column":62}},"6":{"start":{"line":13,"column":42},"end":{"line":13,"column":54}},"7":{"start":{"line":14,"column":50},"end":{"line":14,"column":61}},"8":{"start":{"line":17,"column":30},"end":{"line":17,"column":42}},"9":{"start":{"line":18,"column":25},"end":{"line":18,"column":38}},"10":{"start":{"line":20,"column":32},"end":{"line":36,"column":3}},"11":{"start":{"line":21,"column":17},"end":{"line":21,"column":38}},"12":{"start":{"line":22,"column":24},"end":{"line":22,"column":73}},"13":{"start":{"line":23,"column":4},"end":{"line":23,"column":28}},"14":{"start":{"line":25,"column":4},"end":{"line":33,"column":7}},"15":{"start":{"line":30,"column":6},"end":{"line":32,"column":7}},"16":{"start":{"line":31,"column":8},"end":{"line":31,"column":27}},"17":{"start":{"line":35,"column":4},"end":{"line":35,"column":23}},"18":{"start":{"line":38,"column":27},"end":{"line":53,"column":3}},"19":{"start":{"line":39,"column":4},"end":{"line":39,"column":25}},"20":{"start":{"line":39,"column":18},"end":{"line":39,"column":25}},"21":{"start":{"line":41,"column":14},"end":{"line":41,"column":22}},"22":{"start":{"line":42,"column":4},"end":{"line":42,"column":52}},"23":{"start":{"line":42,"column":46},"end":{"line":42,"column":52}},"24":{"start":{"line":43,"column":4},"end":{"line":43,"column":24}},"25":{"start":{"line":43,"column":17},"end":{"line":43,"column":24}},"26":{"start":{"line":45,"column":23},"end":{"line":45,"column":54}},"27":{"start":{"line":46,"column":4},"end":{"line":46,"column":27}},"28":{"start":{"line":48,"column":4},"end":{"line":52,"column":15}},"29":{"start":{"line":55,"column":28},"end":{"line":70,"column":3}},"30":{"start":{"line":56,"column":4},"end":{"line":56,"column":45}},"31":{"start":{"line":56,"column":38},"end":{"line":56,"column":45}},"32":{"start":{"line":58,"column":14},"end":{"line":58,"column":22}},"33":{"start":{"line":59,"column":4},"end":{"line":59,"column":52}},"34":{"start":{"line":59,"column":46},"end":{"line":59,"column":52}},"35":{"start":{"line":60,"column":4},"end":{"line":60,"column":24}},"36":{"start":{"line":60,"column":17},"end":{"line":60,"column":24}},"37":{"start":{"line":62,"column":23},"end":{"line":62,"column":70}},"38":{"start":{"line":63,"column":4},"end":{"line":63,"column":27}},"39":{"start":{"line":65,"column":4},"end":{"line":69,"column":15}},"40":{"start":{"line":72,"column":23},"end":{"line":89,"column":3}},"41":{"start":{"line":73,"column":4},"end":{"line":88,"column":5}},"42":{"start":{"line":74,"column":6},"end":{"line":83,"column":7}},"43":{"start":{"line":76,"column":8},"end":{"line":78,"column":9}},"44":{"start":{"line":77,"column":10},"end":{"line":77,"column":39}},"45":{"start":{"line":80,"column":8},"end":{"line":82,"column":9}},"46":{"start":{"line":81,"column":10},"end":{"line":81,"column":38}},"47":{"start":{"line":84,"column":6},"end":{"line":84,"column":23}},"48":{"start":{"line":87,"column":6},"end":{"line":87,"column":23}},"49":{"start":{"line":91,"column":31},"end":{"line":130,"column":3}},"50":{"start":{"line":92,"column":22},"end":{"line":92,"column":43}},"51":{"start":{"line":93,"column":22},"end":{"line":93,"column":43}},"52":{"start":{"line":95,"column":4},"end":{"line":95,"column":42}},"53":{"start":{"line":95,"column":32},"end":{"line":95,"column":40}},"54":{"start":{"line":96,"column":24},"end":{"line":105,"column":5}},"55":{"start":{"line":107,"column":4},"end":{"line":107,"column":52}},"56":{"start":{"line":107,"column":28},"end":{"line":107,"column":50}},"57":{"start":{"line":109,"column":4},"end":{"line":129,"column":7}},"58":{"start":{"line":128,"column":6},"end":{"line":128,"column":79}},"59":{"start":{"line":128,"column":30},"end":{"line":128,"column":77}},"60":{"start":{"line":128,"column":50},"end":{"line":128,"column":76}},"61":{"start":{"line":133,"column":35},"end":{"line":517,"column":3}},"62":{"start":{"line":136,"column":4},"end":{"line":136,"column":27}},"63":{"start":{"line":139,"column":4},"end":{"line":139,"column":42}},"64":{"start":{"line":139,"column":32},"end":{"line":139,"column":40}},"65":{"start":{"line":140,"column":19},"end":{"line":140,"column":73}},"66":{"start":{"line":141,"column":22},"end":{"line":141,"column":32}},"67":{"start":{"line":144,"column":33},"end":{"line":155,"column":5}},"68":{"start":{"line":145,"column":27},"end":{"line":145,"column":54}},"69":{"start":{"line":146,"column":35},"end":{"line":146,"column":65}},"70":{"start":{"line":147,"column":29},"end":{"line":147,"column":100}},"71":{"start":{"line":149,"column":6},"end":{"line":154,"column":8}},"72":{"start":{"line":158,"column":32},"end":{"line":188,"column":5}},"73":{"start":{"line":159,"column":6},"end":{"line":159,"column":107}},"74":{"start":{"line":159,"column":37},"end":{"line":159,"column":107}},"75":{"start":{"line":161,"column":27},"end":{"line":161,"column":87}},"76":{"start":{"line":161,"column":54},"end":{"line":161,"column":86}},"77":{"start":{"line":162,"column":25},"end":{"line":162,"column":85}},"78":{"start":{"line":162,"column":52},"end":{"line":162,"column":84}},"79":{"start":{"line":163,"column":25},"end":{"line":163,"column":53}},"80":{"start":{"line":166,"column":21},"end":{"line":166,"column":94}},"81":{"start":{"line":166,"column":55},"end":{"line":166,"column":68}},"82":{"start":{"line":167,"column":21},"end":{"line":167,"column":94}},"83":{"start":{"line":167,"column":55},"end":{"line":167,"column":68}},"84":{"start":{"line":170,"column":34},"end":{"line":170,"column":61}},"85":{"start":{"line":171,"column":32},"end":{"line":171,"column":59}},"86":{"start":{"line":174,"column":24},"end":{"line":174,"column":116}},"87":{"start":{"line":176,"column":6},"end":{"line":179,"column":8}},"88":{"start":{"line":176,"column":27},"end":{"line":179,"column":8}},"89":{"start":{"line":181,"column":6},"end":{"line":187,"column":8}},"90":{"start":{"line":191,"column":37},"end":{"line":228,"column":5}},"91":{"start":{"line":192,"column":23},"end":{"line":194,"column":7}},"92":{"start":{"line":197,"column":27},"end":{"line":197,"column":42}},"93":{"start":{"line":198,"column":30},"end":{"line":198,"column":57}},"94":{"start":{"line":199,"column":27},"end":{"line":199,"column":57}},"95":{"start":{"line":202,"column":22},"end":{"line":218,"column":7}},"96":{"start":{"line":220,"column":26},"end":{"line":220,"column":64}},"97":{"start":{"line":222,"column":6},"end":{"line":227,"column":8}},"98":{"start":{"line":231,"column":25},"end":{"line":231,"column":81}},"99":{"start":{"line":232,"column":19},"end":{"line":232,"column":105}},"100":{"start":{"line":235,"column":30},"end":{"line":263,"column":6}},"101":{"start":{"line":236,"column":24},"end":{"line":236,"column":45}},"102":{"start":{"line":237,"column":26},"end":{"line":237,"column":47}},"103":{"start":{"line":238,"column":24},"end":{"line":238,"column":45}},"104":{"start":{"line":239,"column":24},"end":{"line":239,"column":45}},"105":{"start":{"line":240,"column":23},"end":{"line":240,"column":44}},"106":{"start":{"line":241,"column":27},"end":{"line":241,"column":48}},"107":{"start":{"line":244,"column":22},"end":{"line":244,"column":95}},"108":{"start":{"line":246,"column":6},"end":{"line":262,"column":8}},"109":{"start":{"line":266,"column":28},"end":{"line":266,"column":49}},"110":{"start":{"line":267,"column":30},"end":{"line":267,"column":51}},"111":{"start":{"line":268,"column":27},"end":{"line":268,"column":48}},"112":{"start":{"line":269,"column":29},"end":{"line":269,"column":50}},"113":{"start":{"line":270,"column":29},"end":{"line":270,"column":50}},"114":{"start":{"line":272,"column":28},"end":{"line":283,"column":5}},"115":{"start":{"line":286,"column":28},"end":{"line":298,"column":5}},"116":{"start":{"line":301,"column":4},"end":{"line":301,"column":64}},"117":{"start":{"line":302,"column":4},"end":{"line":302,"column":43}},"118":{"start":{"line":305,"column":28},"end":{"line":337,"column":6}},"119":{"start":{"line":306,"column":41},"end":{"line":306,"column":53}},"120":{"start":{"line":309,"column":21},"end":{"line":309,"column":60}},"121":{"start":{"line":310,"column":21},"end":{"line":310,"column":62}},"122":{"start":{"line":312,"column":6},"end":{"line":336,"column":9}},"123":{"start":{"line":340,"column":27},"end":{"line":403,"column":5}},"124":{"start":{"line":343,"column":8},"end":{"line":355,"column":10}},"125":{"start":{"line":406,"column":27},"end":{"line":461,"column":5}},"126":{"start":{"line":464,"column":25},"end":{"line":470,"column":5}},"127":{"start":{"line":473,"column":32},"end":{"line":496,"column":5}},"128":{"start":{"line":474,"column":6},"end":{"line":495,"column":7}},"129":{"start":{"line":475,"column":26},"end":{"line":475,"column":53}},"130":{"start":{"line":477,"column":8},"end":{"line":492,"column":9}},"131":{"start":{"line":479,"column":10},"end":{"line":479,"column":84}},"132":{"start":{"line":480,"column":10},"end":{"line":484,"column":11}},"133":{"start":{"line":481,"column":12},"end":{"line":483,"column":19}},"134":{"start":{"line":482,"column":14},"end":{"line":482,"column":69}},"135":{"start":{"line":487,"column":10},"end":{"line":491,"column":11}},"136":{"start":{"line":488,"column":12},"end":{"line":488,"column":74}},"137":{"start":{"line":490,"column":12},"end":{"line":490,"column":73}},"138":{"start":{"line":499,"column":4},"end":{"line":516,"column":7}},"139":{"start":{"line":506,"column":6},"end":{"line":506,"column":88}},"140":{"start":{"line":509,"column":6},"end":{"line":509,"column":83}},"141":{"start":{"line":509,"column":33},"end":{"line":509,"column":81}},"142":{"start":{"line":509,"column":53},"end":{"line":509,"column":80}},"143":{"start":{"line":510,"column":6},"end":{"line":510,"column":30}},"144":{"start":{"line":511,"column":6},"end":{"line":511,"column":26}},"145":{"start":{"line":513,"column":6},"end":{"line":515,"column":7}},"146":{"start":{"line":514,"column":8},"end":{"line":514,"column":21}},"147":{"start":{"line":519,"column":31},"end":{"line":607,"column":3}},"148":{"start":{"line":520,"column":4},"end":{"line":606,"column":5}},"149":{"start":{"line":522,"column":6},"end":{"line":525,"column":7}},"150":{"start":{"line":523,"column":8},"end":{"line":523,"column":50}},"151":{"start":{"line":524,"column":8},"end":{"line":524,"column":43}},"152":{"start":{"line":528,"column":6},"end":{"line":555,"column":9}},"153":{"start":{"line":529,"column":8},"end":{"line":531,"column":9}},"154":{"start":{"line":530,"column":10},"end":{"line":530,"column":37}},"155":{"start":{"line":532,"column":8},"end":{"line":534,"column":9}},"156":{"start":{"line":533,"column":10},"end":{"line":533,"column":39}},"157":{"start":{"line":535,"column":8},"end":{"line":537,"column":9}},"158":{"start":{"line":536,"column":10},"end":{"line":536,"column":36}},"159":{"start":{"line":539,"column":8},"end":{"line":541,"column":9}},"160":{"start":{"line":540,"column":10},"end":{"line":540,"column":40}},"161":{"start":{"line":542,"column":8},"end":{"line":544,"column":9}},"162":{"start":{"line":543,"column":10},"end":{"line":543,"column":37}},"163":{"start":{"line":545,"column":8},"end":{"line":547,"column":9}},"164":{"start":{"line":546,"column":10},"end":{"line":546,"column":37}},"165":{"start":{"line":549,"column":8},"end":{"line":551,"column":9}},"166":{"start":{"line":550,"column":10},"end":{"line":550,"column":38}},"167":{"start":{"line":552,"column":8},"end":{"line":554,"column":9}},"168":{"start":{"line":553,"column":10},"end":{"line":553,"column":38}},"169":{"start":{"line":558,"column":6},"end":{"line":581,"column":9}},"170":{"start":{"line":559,"column":8},"end":{"line":561,"column":9}},"171":{"start":{"line":560,"column":10},"end":{"line":560,"column":43}},"172":{"start":{"line":562,"column":8},"end":{"line":564,"column":9}},"173":{"start":{"line":563,"column":10},"end":{"line":563,"column":39}},"174":{"start":{"line":565,"column":8},"end":{"line":567,"column":9}},"175":{"start":{"line":566,"column":10},"end":{"line":566,"column":41}},"176":{"start":{"line":569,"column":8},"end":{"line":571,"column":9}},"177":{"start":{"line":570,"column":10},"end":{"line":570,"column":52}},"178":{"start":{"line":572,"column":8},"end":{"line":574,"column":9}},"179":{"start":{"line":573,"column":10},"end":{"line":573,"column":57}},"180":{"start":{"line":575,"column":8},"end":{"line":577,"column":9}},"181":{"start":{"line":576,"column":10},"end":{"line":576,"column":40}},"182":{"start":{"line":578,"column":8},"end":{"line":580,"column":9}},"183":{"start":{"line":579,"column":10},"end":{"line":579,"column":44}},"184":{"start":{"line":584,"column":6},"end":{"line":591,"column":9}},"185":{"start":{"line":585,"column":8},"end":{"line":587,"column":9}},"186":{"start":{"line":586,"column":10},"end":{"line":586,"column":38}},"187":{"start":{"line":588,"column":8},"end":{"line":590,"column":9}},"188":{"start":{"line":589,"column":10},"end":{"line":589,"column":40}},"189":{"start":{"line":593,"column":6},"end":{"line":593,"column":29}},"190":{"start":{"line":594,"column":6},"end":{"line":594,"column":30}},"191":{"start":{"line":595,"column":6},"end":{"line":595,"column":26}},"192":{"start":{"line":596,"column":6},"end":{"line":596,"column":29}},"193":{"start":{"line":599,"column":6},"end":{"line":602,"column":7}},"194":{"start":{"line":600,"column":8},"end":{"line":600,"column":50}},"195":{"start":{"line":601,"column":8},"end":{"line":601,"column":43}},"196":{"start":{"line":603,"column":6},"end":{"line":603,"column":29}},"197":{"start":{"line":604,"column":6},"end":{"line":604,"column":30}},"198":{"start":{"line":605,"column":6},"end":{"line":605,"column":26}},"199":{"start":{"line":609,"column":2},"end":{"line":624,"column":4}}},"fnMap":{"0":{"name":"(anonymous_0)","decl":{"start":{"line":7,"column":35},"end":{"line":7,"column":36}},"loc":{"start":{"line":7,"column":41},"end":{"line":625,"column":1}},"line":7},"1":{"name":"(anonymous_1)","decl":{"start":{"line":20,"column":32},"end":{"line":20,"column":33}},"loc":{"start":{"line":20,"column":75},"end":{"line":36,"column":3}},"line":20},"2":{"name":"(anonymous_2)","decl":{"start":{"line":29,"column":13},"end":{"line":29,"column":14}},"loc":{"start":{"line":29,"column":31},"end":{"line":33,"column":5}},"line":29},"3":{"name":"(anonymous_3)","decl":{"start":{"line":38,"column":27},"end":{"line":38,"column":28}},"loc":{"start":{"line":38,"column":43},"end":{"line":53,"column":3}},"line":38},"4":{"name":"(anonymous_4)","decl":{"start":{"line":55,"column":28},"end":{"line":55,"column":29}},"loc":{"start":{"line":55,"column":44},"end":{"line":70,"column":3}},"line":55},"5":{"name":"(anonymous_5)","decl":{"start":{"line":72,"column":23},"end":{"line":72,"column":24}},"loc":{"start":{"line":72,"column":29},"end":{"line":89,"column":3}},"line":72},"6":{"name":"(anonymous_6)","decl":{"start":{"line":91,"column":31},"end":{"line":91,"column":32}},"loc":{"start":{"line":91,"column":70},"end":{"line":130,"column":3}},"line":91},"7":{"name":"(anonymous_7)","decl":{"start":{"line":95,"column":24},"end":{"line":95,"column":25}},"loc":{"start":{"line":95,"column":32},"end":{"line":95,"column":40}},"line":95},"8":{"name":"(anonymous_8)","decl":{"start":{"line":107,"column":20},"end":{"line":107,"column":21}},"loc":{"start":{"line":107,"column":28},"end":{"line":107,"column":50}},"line":107},"9":{"name":"(anonymous_9)","decl":{"start":{"line":127,"column":13},"end":{"line":127,"column":14}},"loc":{"start":{"line":127,"column":19},"end":{"line":129,"column":5}},"line":127},"10":{"name":"(anonymous_10)","decl":{"start":{"line":128,"column":22},"end":{"line":128,"column":23}},"loc":{"start":{"line":128,"column":30},"end":{"line":128,"column":77}},"line":128},"11":{"name":"(anonymous_11)","decl":{"start":{"line":128,"column":42},"end":{"line":128,"column":43}},"loc":{"start":{"line":128,"column":50},"end":{"line":128,"column":76}},"line":128},"12":{"name":"(anonymous_12)","decl":{"start":{"line":133,"column":35},"end":{"line":133,"column":36}},"loc":{"start":{"line":133,"column":128},"end":{"line":517,"column":3}},"line":133},"13":{"name":"(anonymous_13)","decl":{"start":{"line":139,"column":24},"end":{"line":139,"column":25}},"loc":{"start":{"line":139,"column":32},"end":{"line":139,"column":40}},"line":139},"14":{"name":"(anonymous_14)","decl":{"start":{"line":144,"column":33},"end":{"line":144,"column":34}},"loc":{"start":{"line":144,"column":76},"end":{"line":155,"column":5}},"line":144},"15":{"name":"(anonymous_15)","decl":{"start":{"line":158,"column":32},"end":{"line":158,"column":33}},"loc":{"start":{"line":158,"column":66},"end":{"line":188,"column":5}},"line":158},"16":{"name":"(anonymous_16)","decl":{"start":{"line":161,"column":46},"end":{"line":161,"column":47}},"loc":{"start":{"line":161,"column":54},"end":{"line":161,"column":86}},"line":161},"17":{"name":"(anonymous_17)","decl":{"start":{"line":162,"column":44},"end":{"line":162,"column":45}},"loc":{"start":{"line":162,"column":52},"end":{"line":162,"column":84}},"line":162},"18":{"name":"(anonymous_18)","decl":{"start":{"line":166,"column":41},"end":{"line":166,"column":42}},"loc":{"start":{"line":166,"column":55},"end":{"line":166,"column":68}},"line":166},"19":{"name":"(anonymous_19)","decl":{"start":{"line":167,"column":41},"end":{"line":167,"column":42}},"loc":{"start":{"line":167,"column":55},"end":{"line":167,"column":68}},"line":167},"20":{"name":"(anonymous_20)","decl":{"start":{"line":191,"column":37},"end":{"line":191,"column":38}},"loc":{"start":{"line":191,"column":77},"end":{"line":228,"column":5}},"line":191},"21":{"name":"(anonymous_21)","decl":{"start":{"line":235,"column":56},"end":{"line":235,"column":57}},"loc":{"start":{"line":235,"column":72},"end":{"line":263,"column":5}},"line":235},"22":{"name":"(anonymous_22)","decl":{"start":{"line":305,"column":50},"end":{"line":305,"column":51}},"loc":{"start":{"line":305,"column":58},"end":{"line":337,"column":5}},"line":305},"23":{"name":"(anonymous_23)","decl":{"start":{"line":342,"column":31},"end":{"line":342,"column":32}},"loc":{"start":{"line":343,"column":8},"end":{"line":355,"column":10}},"line":343},"24":{"name":"(anonymous_24)","decl":{"start":{"line":473,"column":32},"end":{"line":473,"column":33}},"loc":{"start":{"line":473,"column":71},"end":{"line":496,"column":5}},"line":473},"25":{"name":"(anonymous_25)","decl":{"start":{"line":481,"column":23},"end":{"line":481,"column":24}},"loc":{"start":{"line":481,"column":29},"end":{"line":483,"column":13}},"line":481},"26":{"name":"(anonymous_26)","decl":{"start":{"line":504,"column":13},"end":{"line":504,"column":14}},"loc":{"start":{"line":504,"column":25},"end":{"line":516,"column":5}},"line":504},"27":{"name":"(anonymous_27)","decl":{"start":{"line":509,"column":25},"end":{"line":509,"column":26}},"loc":{"start":{"line":509,"column":33},"end":{"line":509,"column":81}},"line":509},"28":{"name":"(anonymous_28)","decl":{"start":{"line":509,"column":45},"end":{"line":509,"column":46}},"loc":{"start":{"line":509,"column":53},"end":{"line":509,"column":80}},"line":509},"29":{"name":"(anonymous_29)","decl":{"start":{"line":519,"column":31},"end":{"line":519,"column":32}},"loc":{"start":{"line":519,"column":37},"end":{"line":607,"column":3}},"line":519},"30":{"name":"(anonymous_30)","decl":{"start":{"line":528,"column":30},"end":{"line":528,"column":31}},"loc":{"start":{"line":528,"column":38},"end":{"line":555,"column":7}},"line":528},"31":{"name":"(anonymous_31)","decl":{"start":{"line":558,"column":31},"end":{"line":558,"column":32}},"loc":{"start":{"line":558,"column":41},"end":{"line":581,"column":7}},"line":558},"32":{"name":"(anonymous_32)","decl":{"start":{"line":584,"column":27},"end":{"line":584,"column":28}},"loc":{"start":{"line":584,"column":36},"end":{"line":591,"column":7}},"line":584}},"branchMap":{"0":{"loc":{"start":{"line":20,"column":52},"end":{"line":20,"column":70}},"type":"default-arg","locations":[{"start":{"line":20,"column":65},"end":{"line":20,"column":70}}],"line":20},"1":{"loc":{"start":{"line":27,"column":16},"end":{"line":27,"column":106}},"type":"cond-expr","locations":[{"start":{"line":27,"column":29},"end":{"line":27,"column":66}},{"start":{"line":27,"column":69},"end":{"line":27,"column":106}}],"line":27},"2":{"loc":{"start":{"line":30,"column":6},"end":{"line":32,"column":7}},"type":"if","locations":[{"start":{"line":30,"column":6},"end":{"line":32,"column":7}},{"start":{},"end":{}}],"line":30},"3":{"loc":{"start":{"line":39,"column":4},"end":{"line":39,"column":25}},"type":"if","locations":[{"start":{"line":39,"column":4},"end":{"line":39,"column":25}},{"start":{},"end":{}}],"line":39},"4":{"loc":{"start":{"line":42,"column":11},"end":{"line":42,"column":44}},"type":"binary-expr","locations":[{"start":{"line":42,"column":11},"end":{"line":42,"column":19}},{"start":{"line":42,"column":23},"end":{"line":42,"column":44}}],"line":42},"5":{"loc":{"start":{"line":43,"column":4},"end":{"line":43,"column":24}},"type":"if","locations":[{"start":{"line":43,"column":4},"end":{"line":43,"column":24}},{"start":{},"end":{}}],"line":43},"6":{"loc":{"start":{"line":56,"column":4},"end":{"line":56,"column":45}},"type":"if","locations":[{"start":{"line":56,"column":4},"end":{"line":56,"column":45}},{"start":{},"end":{}}],"line":56},"7":{"loc":{"start":{"line":56,"column":8},"end":{"line":56,"column":36}},"type":"binary-expr","locations":[{"start":{"line":56,"column":8},"end":{"line":56,"column":16}},{"start":{"line":56,"column":20},"end":{"line":56,"column":36}}],"line":56},"8":{"loc":{"start":{"line":59,"column":11},"end":{"line":59,"column":44}},"type":"binary-expr","locations":[{"start":{"line":59,"column":11},"end":{"line":59,"column":19}},{"start":{"line":59,"column":23},"end":{"line":59,"column":44}}],"line":59},"9":{"loc":{"start":{"line":60,"column":4},"end":{"line":60,"column":24}},"type":"if","locations":[{"start":{"line":60,"column":4},"end":{"line":60,"column":24}},{"start":{},"end":{}}],"line":60},"10":{"loc":{"start":{"line":74,"column":6},"end":{"line":83,"column":7}},"type":"if","locations":[{"start":{"line":74,"column":6},"end":{"line":83,"column":7}},{"start":{},"end":{}}],"line":74},"11":{"loc":{"start":{"line":76,"column":8},"end":{"line":78,"column":9}},"type":"if","locations":[{"start":{"line":76,"column":8},"end":{"line":78,"column":9}},{"start":{},"end":{}}],"line":76},"12":{"loc":{"start":{"line":76,"column":12},"end":{"line":76,"column":54}},"type":"binary-expr","locations":[{"start":{"line":76,"column":12},"end":{"line":76,"column":24}},{"start":{"line":76,"column":28},"end":{"line":76,"column":54}}],"line":76},"13":{"loc":{"start":{"line":80,"column":8},"end":{"line":82,"column":9}},"type":"if","locations":[{"start":{"line":80,"column":8},"end":{"line":82,"column":9}},{"start":{},"end":{}}],"line":80},"14":{"loc":{"start":{"line":80,"column":12},"end":{"line":80,"column":61}},"type":"binary-expr","locations":[{"start":{"line":80,"column":12},"end":{"line":80,"column":32}},{"start":{"line":80,"column":36},"end":{"line":80,"column":61}}],"line":80},"15":{"loc":{"start":{"line":133,"column":53},"end":{"line":133,"column":79}},"type":"default-arg","locations":[{"start":{"line":133,"column":77},"end":{"line":133,"column":79}}],"line":133},"16":{"loc":{"start":{"line":133,"column":81},"end":{"line":133,"column":104}},"type":"default-arg","locations":[{"start":{"line":133,"column":99},"end":{"line":133,"column":104}}],"line":133},"17":{"loc":{"start":{"line":133,"column":106},"end":{"line":133,"column":123}},"type":"default-arg","locations":[{"start":{"line":133,"column":119},"end":{"line":133,"column":123}}],"line":133},"18":{"loc":{"start":{"line":145,"column":27},"end":{"line":145,"column":54}},"type":"cond-expr","locations":[{"start":{"line":145,"column":45},"end":{"line":145,"column":48}},{"start":{"line":145,"column":51},"end":{"line":145,"column":54}}],"line":145},"19":{"loc":{"start":{"line":147,"column":29},"end":{"line":147,"column":100}},"type":"cond-expr","locations":[{"start":{"line":147,"column":58},"end":{"line":147,"column":61}},{"start":{"line":147,"column":64},"end":{"line":147,"column":100}}],"line":147},"20":{"loc":{"start":{"line":147,"column":64},"end":{"line":147,"column":100}},"type":"cond-expr","locations":[{"start":{"line":147,"column":91},"end":{"line":147,"column":94}},{"start":{"line":147,"column":97},"end":{"line":147,"column":100}}],"line":147},"21":{"loc":{"start":{"line":159,"column":6},"end":{"line":159,"column":107}},"type":"if","locations":[{"start":{"line":159,"column":6},"end":{"line":159,"column":107}},{"start":{},"end":{}}],"line":159},"22":{"loc":{"start":{"line":163,"column":25},"end":{"line":163,"column":53}},"type":"binary-expr","locations":[{"start":{"line":163,"column":25},"end":{"line":163,"column":38}},{"start":{"line":163,"column":42},"end":{"line":163,"column":53}}],"line":163},"23":{"loc":{"start":{"line":176,"column":6},"end":{"line":179,"column":8}},"type":"if","locations":[{"start":{"line":176,"column":6},"end":{"line":179,"column":8}},{"start":{},"end":{}}],"line":176},"24":{"loc":{"start":{"line":177,"column":14},"end":{"line":177,"column":80}},"type":"cond-expr","locations":[{"start":{"line":177,"column":29},"end":{"line":177,"column":41}},{"start":{"line":177,"column":44},"end":{"line":177,"column":80}}],"line":177},"25":{"loc":{"start":{"line":177,"column":44},"end":{"line":177,"column":80}},"type":"cond-expr","locations":[{"start":{"line":177,"column":57},"end":{"line":177,"column":67}},{"start":{"line":177,"column":70},"end":{"line":177,"column":80}}],"line":177},"26":{"loc":{"start":{"line":182,"column":14},"end":{"line":182,"column":80}},"type":"cond-expr","locations":[{"start":{"line":182,"column":29},"end":{"line":182,"column":41}},{"start":{"line":182,"column":44},"end":{"line":182,"column":80}}],"line":182},"27":{"loc":{"start":{"line":182,"column":44},"end":{"line":182,"column":80}},"type":"cond-expr","locations":[{"start":{"line":182,"column":57},"end":{"line":182,"column":67}},{"start":{"line":182,"column":70},"end":{"line":182,"column":80}}],"line":182},"28":{"loc":{"start":{"line":220,"column":26},"end":{"line":220,"column":64}},"type":"binary-expr","locations":[{"start":{"line":220,"column":26},"end":{"line":220,"column":44}},{"start":{"line":220,"column":48},"end":{"line":220,"column":64}}],"line":220},"29":{"loc":{"start":{"line":477,"column":8},"end":{"line":492,"column":9}},"type":"if","locations":[{"start":{"line":477,"column":8},"end":{"line":492,"column":9}},{"start":{"line":485,"column":15},"end":{"line":492,"column":9}}],"line":477},"30":{"loc":{"start":{"line":480,"column":10},"end":{"line":484,"column":11}},"type":"if","locations":[{"start":{"line":480,"column":10},"end":{"line":484,"column":11}},{"start":{},"end":{}}],"line":480},"31":{"loc":{"start":{"line":487,"column":10},"end":{"line":491,"column":11}},"type":"if","locations":[{"start":{"line":487,"column":10},"end":{"line":491,"column":11}},{"start":{"line":489,"column":17},"end":{"line":491,"column":11}}],"line":487},"32":{"loc":{"start":{"line":513,"column":6},"end":{"line":515,"column":7}},"type":"if","locations":[{"start":{"line":513,"column":6},"end":{"line":515,"column":7}},{"start":{},"end":{}}],"line":513},"33":{"loc":{"start":{"line":522,"column":6},"end":{"line":525,"column":7}},"type":"if","locations":[{"start":{"line":522,"column":6},"end":{"line":525,"column":7}},{"start":{},"end":{}}],"line":522},"34":{"loc":{"start":{"line":529,"column":8},"end":{"line":531,"column":9}},"type":"if","locations":[{"start":{"line":529,"column":8},"end":{"line":531,"column":9}},{"start":{},"end":{}}],"line":529},"35":{"loc":{"start":{"line":529,"column":12},"end":{"line":529,"column":50}},"type":"binary-expr","locations":[{"start":{"line":529,"column":12},"end":{"line":529,"column":22}},{"start":{"line":529,"column":26},"end":{"line":529,"column":50}}],"line":529},"36":{"loc":{"start":{"line":532,"column":8},"end":{"line":534,"column":9}},"type":"if","locations":[{"start":{"line":532,"column":8},"end":{"line":534,"column":9}},{"start":{},"end":{}}],"line":532},"37":{"loc":{"start":{"line":532,"column":12},"end":{"line":532,"column":54}},"type":"binary-expr","locations":[{"start":{"line":532,"column":12},"end":{"line":532,"column":24}},{"start":{"line":532,"column":28},"end":{"line":532,"column":54}}],"line":532},"38":{"loc":{"start":{"line":535,"column":8},"end":{"line":537,"column":9}},"type":"if","locations":[{"start":{"line":535,"column":8},"end":{"line":537,"column":9}},{"start":{},"end":{}}],"line":535},"39":{"loc":{"start":{"line":535,"column":12},"end":{"line":535,"column":48}},"type":"binary-expr","locations":[{"start":{"line":535,"column":12},"end":{"line":535,"column":21}},{"start":{"line":535,"column":25},"end":{"line":535,"column":48}}],"line":535},"40":{"loc":{"start":{"line":539,"column":8},"end":{"line":541,"column":9}},"type":"if","locations":[{"start":{"line":539,"column":8},"end":{"line":541,"column":9}},{"start":{},"end":{}}],"line":539},"41":{"loc":{"start":{"line":539,"column":12},"end":{"line":539,"column":56}},"type":"binary-expr","locations":[{"start":{"line":539,"column":12},"end":{"line":539,"column":25}},{"start":{"line":539,"column":29},"end":{"line":539,"column":56}}],"line":539},"42":{"loc":{"start":{"line":542,"column":8},"end":{"line":544,"column":9}},"type":"if","locations":[{"start":{"line":542,"column":8},"end":{"line":544,"column":9}},{"start":{},"end":{}}],"line":542},"43":{"loc":{"start":{"line":542,"column":12},"end":{"line":542,"column":50}},"type":"binary-expr","locations":[{"start":{"line":542,"column":12},"end":{"line":542,"column":22}},{"start":{"line":542,"column":26},"end":{"line":542,"column":50}}],"line":542},"44":{"loc":{"start":{"line":545,"column":8},"end":{"line":547,"column":9}},"type":"if","locations":[{"start":{"line":545,"column":8},"end":{"line":547,"column":9}},{"start":{},"end":{}}],"line":545},"45":{"loc":{"start":{"line":545,"column":12},"end":{"line":545,"column":50}},"type":"binary-expr","locations":[{"start":{"line":545,"column":12},"end":{"line":545,"column":22}},{"start":{"line":545,"column":26},"end":{"line":545,"column":50}}],"line":545},"46":{"loc":{"start":{"line":549,"column":8},"end":{"line":551,"column":9}},"type":"if","locations":[{"start":{"line":549,"column":8},"end":{"line":551,"column":9}},{"start":{},"end":{}}],"line":549},"47":{"loc":{"start":{"line":549,"column":12},"end":{"line":549,"column":52}},"type":"binary-expr","locations":[{"start":{"line":549,"column":12},"end":{"line":549,"column":23}},{"start":{"line":549,"column":27},"end":{"line":549,"column":52}}],"line":549},"48":{"loc":{"start":{"line":552,"column":8},"end":{"line":554,"column":9}},"type":"if","locations":[{"start":{"line":552,"column":8},"end":{"line":554,"column":9}},{"start":{},"end":{}}],"line":552},"49":{"loc":{"start":{"line":552,"column":12},"end":{"line":552,"column":52}},"type":"binary-expr","locations":[{"start":{"line":552,"column":12},"end":{"line":552,"column":23}},{"start":{"line":552,"column":27},"end":{"line":552,"column":52}}],"line":552},"50":{"loc":{"start":{"line":559,"column":8},"end":{"line":561,"column":9}},"type":"if","locations":[{"start":{"line":559,"column":8},"end":{"line":561,"column":9}},{"start":{},"end":{}}],"line":559},"51":{"loc":{"start":{"line":559,"column":12},"end":{"line":559,"column":62}},"type":"binary-expr","locations":[{"start":{"line":559,"column":12},"end":{"line":559,"column":28}},{"start":{"line":559,"column":32},"end":{"line":559,"column":62}}],"line":559},"52":{"loc":{"start":{"line":562,"column":8},"end":{"line":564,"column":9}},"type":"if","locations":[{"start":{"line":562,"column":8},"end":{"line":564,"column":9}},{"start":{},"end":{}}],"line":562},"53":{"loc":{"start":{"line":562,"column":12},"end":{"line":562,"column":54}},"type":"binary-expr","locations":[{"start":{"line":562,"column":12},"end":{"line":562,"column":24}},{"start":{"line":562,"column":28},"end":{"line":562,"column":54}}],"line":562},"54":{"loc":{"start":{"line":565,"column":8},"end":{"line":567,"column":9}},"type":"if","locations":[{"start":{"line":565,"column":8},"end":{"line":567,"column":9}},{"start":{},"end":{}}],"line":565},"55":{"loc":{"start":{"line":565,"column":12},"end":{"line":565,"column":58}},"type":"binary-expr","locations":[{"start":{"line":565,"column":12},"end":{"line":565,"column":26}},{"start":{"line":565,"column":30},"end":{"line":565,"column":58}}],"line":565},"56":{"loc":{"start":{"line":569,"column":8},"end":{"line":571,"column":9}},"type":"if","locations":[{"start":{"line":569,"column":8},"end":{"line":571,"column":9}},{"start":{},"end":{}}],"line":569},"57":{"loc":{"start":{"line":569,"column":12},"end":{"line":569,"column":80}},"type":"binary-expr","locations":[{"start":{"line":569,"column":12},"end":{"line":569,"column":37}},{"start":{"line":569,"column":41},"end":{"line":569,"column":80}}],"line":569},"58":{"loc":{"start":{"line":572,"column":8},"end":{"line":574,"column":9}},"type":"if","locations":[{"start":{"line":572,"column":8},"end":{"line":574,"column":9}},{"start":{},"end":{}}],"line":572},"59":{"loc":{"start":{"line":572,"column":12},"end":{"line":572,"column":90}},"type":"binary-expr","locations":[{"start":{"line":572,"column":12},"end":{"line":572,"column":42}},{"start":{"line":572,"column":46},"end":{"line":572,"column":90}}],"line":572},"60":{"loc":{"start":{"line":575,"column":8},"end":{"line":577,"column":9}},"type":"if","locations":[{"start":{"line":575,"column":8},"end":{"line":577,"column":9}},{"start":{},"end":{}}],"line":575},"61":{"loc":{"start":{"line":575,"column":12},"end":{"line":575,"column":56}},"type":"binary-expr","locations":[{"start":{"line":575,"column":12},"end":{"line":575,"column":25}},{"start":{"line":575,"column":29},"end":{"line":575,"column":56}}],"line":575},"62":{"loc":{"start":{"line":578,"column":8},"end":{"line":580,"column":9}},"type":"if","locations":[{"start":{"line":578,"column":8},"end":{"line":580,"column":9}},{"start":{},"end":{}}],"line":578},"63":{"loc":{"start":{"line":578,"column":12},"end":{"line":578,"column":64}},"type":"binary-expr","locations":[{"start":{"line":578,"column":12},"end":{"line":578,"column":29}},{"start":{"line":578,"column":33},"end":{"line":578,"column":64}}],"line":578},"64":{"loc":{"start":{"line":585,"column":8},"end":{"line":587,"column":9}},"type":"if","locations":[{"start":{"line":585,"column":8},"end":{"line":587,"column":9}},{"start":{},"end":{}}],"line":585},"65":{"loc":{"start":{"line":585,"column":12},"end":{"line":585,"column":52}},"type":"binary-expr","locations":[{"start":{"line":585,"column":12},"end":{"line":585,"column":23}},{"start":{"line":585,"column":27},"end":{"line":585,"column":52}}],"line":585},"66":{"loc":{"start":{"line":588,"column":8},"end":{"line":590,"column":9}},"type":"if","locations":[{"start":{"line":588,"column":8},"end":{"line":590,"column":9}},{"start":{},"end":{}}],"line":588},"67":{"loc":{"start":{"line":588,"column":12},"end":{"line":588,"column":56}},"type":"binary-expr","locations":[{"start":{"line":588,"column":12},"end":{"line":588,"column":25}},{"start":{"line":588,"column":29},"end":{"line":588,"column":56}}],"line":588},"68":{"loc":{"start":{"line":599,"column":6},"end":{"line":602,"column":7}},"type":"if","locations":[{"start":{"line":599,"column":6},"end":{"line":602,"column":7}},{"start":{},"end":{}}],"line":599}},"s":{"0":0,"1":0,"2":0,"3":0,"4":0,"5":0,"6":0,"7":0,"8":0,"9":0,"10":0,"11":0,"12":0,"13":0,"14":0,"15":0,"16":0,"17":0,"18":0,"19":0,"20":0,"21":0,"22":0,"23":0,"24":0,"25":0,"26":0,"27":0,"28":0,"29":0,"30":0,"31":0,"32":0,"33":0,"34":0,"35":0,"36":0,"37":0,"38":0,"39":0,"40":0,"41":0,"42":0,"43":0,"44":0,"45":0,"46":0,"47":0,"48":0,"49":0,"50":0,"51":0,"52":0,"53":0,"54":0,"55":0,"56":0,"57":0,"58":0,"59":0,"60":0,"61":0,"62":0,"63":0,"64":0,"65":0,"66":0,"67":0,"68":0,"69":0,"70":0,"71":0,"72":0,"73":0,"74":0,"75":0,"76":0,"77":0,"78":0,"79":0,"80":0,"81":0,"82":0,"83":0,"84":0,"85":0,"86":0,"87":0,"88":0,"89":0,"90":0,"91":0,"92":0,"93":0,"94":0,"95":0,"96":0,"97":0,"98":0,"99":0,"100":0,"101":0,"102":0,"103":0,"104":0,"105":0,"106":0,"107":0,"108":0,"109":0,"110":0,"111":0,"112":0,"113":0,"114":0,"115":0,"116":0,"117":0,"118":0,"119":0,"120":0,"121":0,"122":0,"123":0,"124":0,"125":0,"126":0,"127":0,"128":0,"129":0,"130":0,"131":0,"132":0,"133":0,"134":0,"135":0,"136":0,"137":0,"138":0,"139":0,"140":0,"141":0,"142":0,"143":0,"144":0,"145":0,"146":0,"147":0,"148":0,"149":0,"150":0,"151":0,"152":0,"153":0,"154":0,"155":0,"156":0,"157":0,"158":0,"159":0,"160":0,"161":0,"162":0,"163":0,"164":0,"165":0,"166":0,"167":0,"168":0,"169":0,"170":0,"171":0,"172":0,"173":0,"174":0,"175":0,"176":0,"177":0,"178":0,"179":0,"180":0,"181":0,"182":0,"183":0,"184":0,"185":0,"186":0,"187":0,"188":0,"189":0,"190":0,"191":0,"192":0,"193":0,"194":0,"195":0,"196":0,"197":0,"198":0,"199":0},"f":{"0":0,"1":0,"2":0,"3":0,"4":0,"5":0,"6":0,"7":0,"8":0,"9":0,"10":0,"11":0,"12":0,"13":0,"14":0,"15":0,"16":0,"17":0,"18":0,"19":0,"20":0,"21":0,"22":0,"23":0,"24":0,"25":0,"26":0,"27":0,"28":0,"29":0,"30":0,"31":0,"32":0},"b":{"0":[0],"1":[0,0],"2":[0,0],"3":[0,0],"4":[0,0],"5":[0,0],"6":[0,0],"7":[0,0],"8":[0,0],"9":[0,0],"10":[0,0],"11":[0,0],"12":[0,0],"13":[0,0],"14":[0,0],"15":[0],"16":[0],"17":[0],"18":[0,0],"19":[0,0],"20":[0,0],"21":[0,0],"22":[0,0],"23":[0,0],"24":[0,0],"25":[0,0],"26":[0,0],"27":[0,0],"28":[0,0],"29":[0,0],"30":[0,0],"31":[0,0],"32":[0,0],"33":[0,0],"34":[0,0],"35":[0,0],"36":[0,0],"37":[0,0],"38":[0,0],"39":[0,0],"40":[0,0],"41":[0,0],"42":[0,0],"43":[0,0],"44":[0,0],"45":[0,0],"46":[0,0],"47":[0,0],"48":[0,0],"49":[0,0],"50":[0,0],"51":[0,0],"52":[0,0],"53":[0,0],"54":[0,0],"55":[0,0],"56":[0,0],"57":[0,0],"58":[0,0],"59":[0,0],"60":[0,0],"61":[0,0],"62":[0,0],"63":[0,0],"64":[0,0],"65":[0,0],"66":[0,0],"67":[0,0],"68":[0,0]}}
,"/Users/bhaumiktandan/1024/components/ElementTile.js": {"path":"/Users/bhaumiktandan/1024/components/ElementTile.js","statementMap":{"0":{"start":{"line":15,"column":20},"end":{"line":28,"column":1}},"1":{"start":{"line":17,"column":2},"end":{"line":27,"column":4}}},"fnMap":{"0":{"name":"(anonymous_0)","decl":{"start":{"line":15,"column":20},"end":{"line":15,"column":21}},"loc":{"start":{"line":15,"column":92},"end":{"line":28,"column":1}},"line":15}},"branchMap":{},"s":{"0":0,"1":0},"f":{"0":0},"b":{}}
,"/Users/bhaumiktandan/1024/components/EnhancedSpaceBackground.js": {"path":"/Users/bhaumiktandan/1024/components/EnhancedSpaceBackground.js","statementMap":{"0":{"start":{"line":6,"column":26},"end":{"line":6,"column":50}},"1":{"start":{"line":9,"column":36},"end":{"line":58,"column":1}},"2":{"start":{"line":10,"column":2},"end":{"line":57,"column":4}},"3":{"start":{"line":61,"column":30},"end":{"line":90,"column":2}},"4":{"start":{"line":62,"column":17},"end":{"line":81,"column":17}},"5":{"start":{"line":64,"column":22},"end":{"line":64,"column":79}},"6":{"start":{"line":65,"column":4},"end":{"line":65,"column":35}},"7":{"start":{"line":65,"column":25},"end":{"line":65,"column":35}},"8":{"start":{"line":67,"column":4},"end":{"line":80,"column":8}},"9":{"start":{"line":67,"column":52},"end":{"line":80,"column":5}},"10":{"start":{"line":83,"column":2},"end":{"line":89,"column":4}},"11":{"start":{"line":86,"column":8},"end":{"line":86,"column":60}},"12":{"start":{"line":93,"column":31},"end":{"line":142,"column":2}},"13":{"start":{"line":94,"column":21},"end":{"line":94,"column":70}},"14":{"start":{"line":96,"column":2},"end":{"line":122,"column":9}},"15":{"start":{"line":97,"column":25},"end":{"line":110,"column":5}},"16":{"start":{"line":99,"column":6},"end":{"line":99,"column":41}},"17":{"start":{"line":102,"column":6},"end":{"line":109,"column":9}},"18":{"start":{"line":108,"column":8},"end":{"line":108,"column":64}},"19":{"start":{"line":113,"column":18},"end":{"line":113,"column":39}},"20":{"start":{"line":114,"column":18},"end":{"line":116,"column":13}},"21":{"start":{"line":115,"column":6},"end":{"line":115,"column":21}},"22":{"start":{"line":118,"column":4},"end":{"line":121,"column":6}},"23":{"start":{"line":119,"column":6},"end":{"line":119,"column":26}},"24":{"start":{"line":120,"column":6},"end":{"line":120,"column":33}},"25":{"start":{"line":124,"column":2},"end":{"line":141,"column":4}},"26":{"start":{"line":145,"column":24},"end":{"line":242,"column":2}},"27":{"start":{"line":147,"column":24},"end":{"line":147,"column":81}},"28":{"start":{"line":148,"column":20},"end":{"line":148,"column":30}},"29":{"start":{"line":149,"column":25},"end":{"line":149,"column":35}},"30":{"start":{"line":151,"column":2},"end":{"line":169,"column":3}},"31":{"start":{"line":152,"column":4},"end":{"line":168,"column":5}},"32":{"start":{"line":152,"column":17},"end":{"line":152,"column":18}},"33":{"start":{"line":153,"column":23},"end":{"line":161,"column":7}},"34":{"start":{"line":163,"column":6},"end":{"line":163,"column":39}},"35":{"start":{"line":164,"column":6},"end":{"line":167,"column":9}},"36":{"start":{"line":171,"column":2},"end":{"line":216,"column":9}},"37":{"start":{"line":172,"column":23},"end":{"line":209,"column":6}},"38":{"start":{"line":173,"column":38},"end":{"line":173,"column":67}},"39":{"start":{"line":175,"column":27},"end":{"line":203,"column":7}},"40":{"start":{"line":177,"column":8},"end":{"line":177,"column":40}},"41":{"start":{"line":178,"column":8},"end":{"line":178,"column":28}},"42":{"start":{"line":181,"column":8},"end":{"line":202,"column":11}},"43":{"start":{"line":201,"column":10},"end":{"line":201,"column":64}},"44":{"start":{"line":206,"column":6},"end":{"line":206,"column":45}},"45":{"start":{"line":208,"column":6},"end":{"line":208,"column":26}},"46":{"start":{"line":211,"column":4},"end":{"line":215,"column":6}},"47":{"start":{"line":212,"column":6},"end":{"line":214,"column":9}},"48":{"start":{"line":218,"column":2},"end":{"line":241,"column":4}},"49":{"start":{"line":221,"column":40},"end":{"line":221,"column":69}},"50":{"start":{"line":223,"column":8},"end":{"line":238,"column":10}},"51":{"start":{"line":245,"column":34},"end":{"line":339,"column":1}},"52":{"start":{"line":246,"column":16},"end":{"line":330,"column":17}},"53":{"start":{"line":247,"column":22},"end":{"line":247,"column":24}},"54":{"start":{"line":250,"column":19},"end":{"line":254,"column":5}},"55":{"start":{"line":256,"column":19},"end":{"line":256,"column":53}},"56":{"start":{"line":259,"column":4},"end":{"line":270,"column":5}},"57":{"start":{"line":259,"column":17},"end":{"line":259,"column":18}},"58":{"start":{"line":260,"column":6},"end":{"line":269,"column":9}},"59":{"start":{"line":273,"column":4},"end":{"line":284,"column":5}},"60":{"start":{"line":273,"column":17},"end":{"line":273,"column":18}},"61":{"start":{"line":274,"column":6},"end":{"line":283,"column":9}},"62":{"start":{"line":287,"column":4},"end":{"line":298,"column":5}},"63":{"start":{"line":287,"column":17},"end":{"line":287,"column":18}},"64":{"start":{"line":288,"column":6},"end":{"line":297,"column":9}},"65":{"start":{"line":301,"column":4},"end":{"line":327,"column":5}},"66":{"start":{"line":301,"column":17},"end":{"line":301,"column":18}},"67":{"start":{"line":302,"column":20},"end":{"line":302,"column":41}},"68":{"start":{"line":303,"column":20},"end":{"line":303,"column":42}},"69":{"start":{"line":304,"column":25},"end":{"line":304,"column":46}},"70":{"start":{"line":306,"column":6},"end":{"line":315,"column":9}},"71":{"start":{"line":317,"column":6},"end":{"line":326,"column":9}},"72":{"start":{"line":329,"column":4},"end":{"line":329,"column":21}},"73":{"start":{"line":332,"column":2},"end":{"line":338,"column":4}},"74":{"start":{"line":335,"column":8},"end":{"line":335,"column":51}},"75":{"start":{"line":342,"column":22},"end":{"line":410,"column":2}},"76":{"start":{"line":343,"column":22},"end":{"line":343,"column":70}},"77":{"start":{"line":345,"column":2},"end":{"line":372,"column":9}},"78":{"start":{"line":347,"column":20},"end":{"line":360,"column":5}},"79":{"start":{"line":363,"column":18},"end":{"line":363,"column":38}},"80":{"start":{"line":364,"column":18},"end":{"line":366,"column":13}},"81":{"start":{"line":365,"column":6},"end":{"line":365,"column":22}},"82":{"start":{"line":368,"column":4},"end":{"line":371,"column":6}},"83":{"start":{"line":369,"column":6},"end":{"line":369,"column":26}},"84":{"start":{"line":370,"column":6},"end":{"line":370,"column":21}},"85":{"start":{"line":374,"column":2},"end":{"line":409,"column":4}},"86":{"start":{"line":413,"column":28},"end":{"line":527,"column":1}},"87":{"start":{"line":414,"column":20},"end":{"line":414,"column":30}},"88":{"start":{"line":415,"column":25},"end":{"line":415,"column":35}},"89":{"start":{"line":418,"column":22},"end":{"line":420,"column":51}},"90":{"start":{"line":422,"column":2},"end":{"line":443,"column":3}},"91":{"start":{"line":423,"column":4},"end":{"line":442,"column":5}},"92":{"start":{"line":423,"column":17},"end":{"line":423,"column":18}},"93":{"start":{"line":424,"column":23},"end":{"line":434,"column":7}},"94":{"start":{"line":436,"column":6},"end":{"line":436,"column":39}},"95":{"start":{"line":437,"column":6},"end":{"line":441,"column":9}},"96":{"start":{"line":445,"column":2},"end":{"line":501,"column":9}},"97":{"start":{"line":446,"column":23},"end":{"line":491,"column":6}},"98":{"start":{"line":447,"column":50},"end":{"line":447,"column":79}},"99":{"start":{"line":448,"column":21},"end":{"line":448,"column":81}},"100":{"start":{"line":449,"column":21},"end":{"line":449,"column":80}},"101":{"start":{"line":451,"column":6},"end":{"line":490,"column":8}},"102":{"start":{"line":494,"column":4},"end":{"line":496,"column":7}},"103":{"start":{"line":495,"column":6},"end":{"line":495,"column":56}},"104":{"start":{"line":495,"column":23},"end":{"line":495,"column":40}},"105":{"start":{"line":498,"column":4},"end":{"line":500,"column":6}},"106":{"start":{"line":499,"column":6},"end":{"line":499,"column":56}},"107":{"start":{"line":499,"column":38},"end":{"line":499,"column":54}},"108":{"start":{"line":503,"column":2},"end":{"line":526,"column":4}},"109":{"start":{"line":506,"column":52},"end":{"line":506,"column":81}},"110":{"start":{"line":508,"column":8},"end":{"line":523,"column":10}},"111":{"start":{"line":530,"column":31},"end":{"line":567,"column":1}},"112":{"start":{"line":531,"column":20},"end":{"line":558,"column":17}},"113":{"start":{"line":532,"column":19},"end":{"line":532,"column":50}},"114":{"start":{"line":533,"column":18},"end":{"line":533,"column":40}},"115":{"start":{"line":535,"column":4},"end":{"line":557,"column":7}},"116":{"start":{"line":536,"column":23},"end":{"line":536,"column":48}},"117":{"start":{"line":537,"column":20},"end":{"line":537,"column":39}},"118":{"start":{"line":538,"column":22},"end":{"line":538,"column":31}},"119":{"start":{"line":539,"column":22},"end":{"line":539,"column":32}},"120":{"start":{"line":541,"column":6},"end":{"line":556,"column":8}},"121":{"start":{"line":560,"column":2},"end":{"line":566,"column":4}},"122":{"start":{"line":563,"column":8},"end":{"line":563,"column":75}},"123":{"start":{"line":570,"column":34},"end":{"line":650,"column":2}},"124":{"start":{"line":571,"column":23},"end":{"line":571,"column":60}},"125":{"start":{"line":572,"column":22},"end":{"line":572,"column":59}},"126":{"start":{"line":574,"column":2},"end":{"line":602,"column":9}},"127":{"start":{"line":575,"column":21},"end":{"line":581,"column":5}},"128":{"start":{"line":583,"column":20},"end":{"line":589,"column":5}},"129":{"start":{"line":592,"column":18},"end":{"line":592,"column":38}},"130":{"start":{"line":593,"column":4},"end":{"line":596,"column":14}},"131":{"start":{"line":594,"column":6},"end":{"line":594,"column":23}},"132":{"start":{"line":595,"column":6},"end":{"line":595,"column":22}},"133":{"start":{"line":598,"column":4},"end":{"line":601,"column":6}},"134":{"start":{"line":599,"column":6},"end":{"line":599,"column":22}},"135":{"start":{"line":600,"column":6},"end":{"line":600,"column":21}},"136":{"start":{"line":604,"column":22},"end":{"line":607,"column":4}},"137":{"start":{"line":609,"column":21},"end":{"line":618,"column":4}},"138":{"start":{"line":620,"column":21},"end":{"line":629,"column":4}},"139":{"start":{"line":631,"column":2},"end":{"line":649,"column":4}},"140":{"start":{"line":653,"column":24},"end":{"line":702,"column":2}},"141":{"start":{"line":654,"column":19},"end":{"line":682,"column":8}},"142":{"start":{"line":654,"column":39},"end":{"line":682,"column":3}},"143":{"start":{"line":684,"column":2},"end":{"line":701,"column":4}},"144":{"start":{"line":687,"column":8},"end":{"line":698,"column":10}},"145":{"start":{"line":705,"column":25},"end":{"line":754,"column":2}},"146":{"start":{"line":706,"column":18},"end":{"line":734,"column":8}},"147":{"start":{"line":706,"column":38},"end":{"line":734,"column":3}},"148":{"start":{"line":736,"column":2},"end":{"line":753,"column":4}},"149":{"start":{"line":739,"column":8},"end":{"line":750,"column":10}},"150":{"start":{"line":757,"column":27},"end":{"line":784,"column":2}},"151":{"start":{"line":758,"column":18},"end":{"line":775,"column":17}},"152":{"start":{"line":759,"column":18},"end":{"line":759,"column":75}},"153":{"start":{"line":760,"column":4},"end":{"line":760,"column":31}},"154":{"start":{"line":760,"column":21},"end":{"line":760,"column":31}},"155":{"start":{"line":762,"column":4},"end":{"line":774,"column":8}},"156":{"start":{"line":762,"column":48},"end":{"line":774,"column":5}},"157":{"start":{"line":777,"column":2},"end":{"line":783,"column":4}},"158":{"start":{"line":780,"column":8},"end":{"line":780,"column":56}},"159":{"start":{"line":787,"column":21},"end":{"line":901,"column":2}},"160":{"start":{"line":788,"column":19},"end":{"line":788,"column":56}},"161":{"start":{"line":789,"column":22},"end":{"line":789,"column":59}},"162":{"start":{"line":791,"column":2},"end":{"line":833,"column":9}},"163":{"start":{"line":792,"column":27},"end":{"line":820,"column":5}},"164":{"start":{"line":793,"column":6},"end":{"line":819,"column":9}},"165":{"start":{"line":816,"column":8},"end":{"line":816,"column":29}},"166":{"start":{"line":817,"column":8},"end":{"line":817,"column":32}},"167":{"start":{"line":818,"column":8},"end":{"line":818,"column":25}},"168":{"start":{"line":823,"column":18},"end":{"line":823,"column":39}},"169":{"start":{"line":824,"column":18},"end":{"line":826,"column":13}},"170":{"start":{"line":825,"column":6},"end":{"line":825,"column":23}},"171":{"start":{"line":828,"column":4},"end":{"line":832,"column":6}},"172":{"start":{"line":829,"column":6},"end":{"line":829,"column":26}},"173":{"start":{"line":830,"column":6},"end":{"line":830,"column":31}},"174":{"start":{"line":831,"column":6},"end":{"line":831,"column":34}},"175":{"start":{"line":835,"column":21},"end":{"line":838,"column":4}},"176":{"start":{"line":840,"column":21},"end":{"line":843,"column":4}},"177":{"start":{"line":845,"column":18},"end":{"line":848,"column":4}},"178":{"start":{"line":850,"column":16},"end":{"line":850,"column":100}},"179":{"start":{"line":852,"column":2},"end":{"line":900,"column":4}},"180":{"start":{"line":904,"column":32},"end":{"line":983,"column":2}},"181":{"start":{"line":905,"column":22},"end":{"line":905,"column":59}},"182":{"start":{"line":907,"column":2},"end":{"line":932,"column":9}},"183":{"start":{"line":908,"column":20},"end":{"line":921,"column":5}},"184":{"start":{"line":923,"column":18},"end":{"line":923,"column":38}},"185":{"start":{"line":924,"column":18},"end":{"line":926,"column":13}},"186":{"start":{"line":925,"column":6},"end":{"line":925,"column":22}},"187":{"start":{"line":928,"column":4},"end":{"line":931,"column":6}},"188":{"start":{"line":929,"column":6},"end":{"line":929,"column":26}},"189":{"start":{"line":930,"column":6},"end":{"line":930,"column":21}},"190":{"start":{"line":934,"column":19},"end":{"line":962,"column":8}},"191":{"start":{"line":934,"column":39},"end":{"line":962,"column":3}},"192":{"start":{"line":964,"column":2},"end":{"line":982,"column":4}},"193":{"start":{"line":967,"column":8},"end":{"line":979,"column":10}},"194":{"start":{"line":986,"column":39},"end":{"line":1042,"column":1}},"195":{"start":{"line":990,"column":28},"end":{"line":990,"column":86}},"196":{"start":{"line":991,"column":20},"end":{"line":991,"column":79}},"197":{"start":{"line":993,"column":2},"end":{"line":1041,"column":4}}},"fnMap":{"0":{"name":"(anonymous_0)","decl":{"start":{"line":9,"column":36},"end":{"line":9,"column":37}},"loc":{"start":{"line":9,"column":42},"end":{"line":58,"column":1}},"line":9},"1":{"name":"(anonymous_1)","decl":{"start":{"line":61,"column":41},"end":{"line":61,"column":42}},"loc":{"start":{"line":61,"column":71},"end":{"line":90,"column":1}},"line":61},"2":{"name":"(anonymous_2)","decl":{"start":{"line":62,"column":31},"end":{"line":62,"column":32}},"loc":{"start":{"line":62,"column":37},"end":{"line":81,"column":3}},"line":62},"3":{"name":"(anonymous_3)","decl":{"start":{"line":67,"column":37},"end":{"line":67,"column":38}},"loc":{"start":{"line":67,"column":52},"end":{"line":80,"column":5}},"line":67},"4":{"name":"(anonymous_4)","decl":{"start":{"line":85,"column":18},"end":{"line":85,"column":19}},"loc":{"start":{"line":86,"column":8},"end":{"line":86,"column":60}},"line":86},"5":{"name":"(anonymous_5)","decl":{"start":{"line":93,"column":42},"end":{"line":93,"column":43}},"loc":{"start":{"line":93,"column":56},"end":{"line":142,"column":1}},"line":93},"6":{"name":"(anonymous_6)","decl":{"start":{"line":96,"column":12},"end":{"line":96,"column":13}},"loc":{"start":{"line":96,"column":18},"end":{"line":122,"column":3}},"line":96},"7":{"name":"(anonymous_7)","decl":{"start":{"line":97,"column":25},"end":{"line":97,"column":26}},"loc":{"start":{"line":97,"column":31},"end":{"line":110,"column":5}},"line":97},"8":{"name":"(anonymous_8)","decl":{"start":{"line":106,"column":15},"end":{"line":106,"column":16}},"loc":{"start":{"line":106,"column":21},"end":{"line":109,"column":7}},"line":106},"9":{"name":"(anonymous_9)","decl":{"start":{"line":114,"column":29},"end":{"line":114,"column":30}},"loc":{"start":{"line":114,"column":35},"end":{"line":116,"column":5}},"line":114},"10":{"name":"(anonymous_10)","decl":{"start":{"line":118,"column":11},"end":{"line":118,"column":12}},"loc":{"start":{"line":118,"column":17},"end":{"line":121,"column":5}},"line":118},"11":{"name":"(anonymous_11)","decl":{"start":{"line":145,"column":35},"end":{"line":145,"column":36}},"loc":{"start":{"line":145,"column":65},"end":{"line":242,"column":1}},"line":145},"12":{"name":"(anonymous_12)","decl":{"start":{"line":171,"column":12},"end":{"line":171,"column":13}},"loc":{"start":{"line":171,"column":18},"end":{"line":216,"column":3}},"line":171},"13":{"name":"(anonymous_13)","decl":{"start":{"line":172,"column":45},"end":{"line":172,"column":46}},"loc":{"start":{"line":172,"column":66},"end":{"line":209,"column":5}},"line":172},"14":{"name":"(anonymous_14)","decl":{"start":{"line":175,"column":27},"end":{"line":175,"column":28}},"loc":{"start":{"line":175,"column":33},"end":{"line":203,"column":7}},"line":175},"15":{"name":"(anonymous_15)","decl":{"start":{"line":199,"column":17},"end":{"line":199,"column":18}},"loc":{"start":{"line":199,"column":23},"end":{"line":202,"column":9}},"line":199},"16":{"name":"(anonymous_16)","decl":{"start":{"line":211,"column":11},"end":{"line":211,"column":12}},"loc":{"start":{"line":211,"column":17},"end":{"line":215,"column":5}},"line":211},"17":{"name":"(anonymous_17)","decl":{"start":{"line":212,"column":25},"end":{"line":212,"column":26}},"loc":{"start":{"line":212,"column":33},"end":{"line":214,"column":7}},"line":212},"18":{"name":"(anonymous_18)","decl":{"start":{"line":220,"column":29},"end":{"line":220,"column":30}},"loc":{"start":{"line":220,"column":50},"end":{"line":239,"column":7}},"line":220},"19":{"name":"(anonymous_19)","decl":{"start":{"line":245,"column":34},"end":{"line":245,"column":35}},"loc":{"start":{"line":245,"column":64},"end":{"line":339,"column":1}},"line":245},"20":{"name":"(anonymous_20)","decl":{"start":{"line":246,"column":30},"end":{"line":246,"column":31}},"loc":{"start":{"line":246,"column":36},"end":{"line":330,"column":3}},"line":246},"21":{"name":"(anonymous_21)","decl":{"start":{"line":334,"column":17},"end":{"line":334,"column":18}},"loc":{"start":{"line":335,"column":8},"end":{"line":335,"column":51}},"line":335},"22":{"name":"(anonymous_22)","decl":{"start":{"line":342,"column":33},"end":{"line":342,"column":34}},"loc":{"start":{"line":342,"column":47},"end":{"line":410,"column":1}},"line":342},"23":{"n
[...]
mn":48}},"24":{"start":{"line":78,"column":4},"end":{"line":80,"column":5}},"25":{"start":{"line":79,"column":6},"end":{"line":79,"column":51}},"26":{"start":{"line":82,"column":4},"end":{"line":82,"column":72}},"27":{"start":{"line":87,"column":4},"end":{"line":87,"column":39}},"28":{"start":{"line":90,"column":22},"end":{"line":90,"column":32}},"29":{"start":{"line":91,"column":4},"end":{"line":94,"column":5}},"30":{"start":{"line":91,"column":17},"end":{"line":91,"column":18}},"31":{"start":{"line":92,"column":6},"end":{"line":92,"column":38}},"32":{"start":{"line":93,"column":6},"end":{"line":93,"column":60}},"33":{"start":{"line":93,"column":35},"end":{"line":93,"column":58}},"34":{"start":{"line":96,"column":19},"end":{"line":96,"column":43}},"35":{"start":{"line":99,"column":4},"end":{"line":99,"column":60}},"36":{"start":{"line":99,"column":33},"end":{"line":99,"column":58}},"37":{"start":{"line":101,"column":24},"end":{"line":101,"column":48}},"38":{"start":{"line":102,"column":4},"end":{"line":104,"column":5}},"39":{"start":{"line":103,"column":6},"end":{"line":103,"column":64}},"40":{"start":{"line":106,"column":4},"end":{"line":106,"column":76}},"41":{"start":{"line":111,"column":4},"end":{"line":111,"column":39}},"42":{"start":{"line":114,"column":21},"end":{"line":119,"column":5}},"43":{"start":{"line":121,"column":4},"end":{"line":121,"column":32}},"44":{"start":{"line":123,"column":19},"end":{"line":123,"column":43}},"45":{"start":{"line":126,"column":4},"end":{"line":126,"column":60}},"46":{"start":{"line":126,"column":33},"end":{"line":126,"column":58}},"47":{"start":{"line":128,"column":4},"end":{"line":128,"column":73}},"48":{"start":{"line":133,"column":4},"end":{"line":133,"column":39}},"49":{"start":{"line":135,"column":22},"end":{"line":135,"column":32}},"50":{"start":{"line":138,"column":4},"end":{"line":142,"column":5}},"51":{"start":{"line":138,"column":17},"end":{"line":138,"column":18}},"52":{"start":{"line":139,"column":24},"end":{"line":139,"column":69}},"53":{"start":{"line":140,"column":6},"end":{"line":140,"column":41}},"54":{"start":{"line":141,"column":6},"end":{"line":141,"column":59}},"55":{"start":{"line":141,"column":35},"end":{"line":141,"column":57}},"56":{"start":{"line":144,"column":22},"end":{"line":144,"column":44}},"57":{"start":{"line":147,"column":4},"end":{"line":147,"column":60}},"58":{"start":{"line":147,"column":33},"end":{"line":147,"column":58}},"59":{"start":{"line":149,"column":24},"end":{"line":149,"column":48}},"60":{"start":{"line":150,"column":4},"end":{"line":152,"column":5}},"61":{"start":{"line":151,"column":6},"end":{"line":151,"column":66}},"62":{"start":{"line":154,"column":4},"end":{"line":154,"column":72}},"63":{"start":{"line":159,"column":4},"end":{"line":159,"column":39}},"64":{"start":{"line":162,"column":22},"end":{"line":168,"column":5}},"65":{"start":{"line":170,"column":4},"end":{"line":182,"column":5}},"66":{"start":{"line":172,"column":24},"end":{"line":172,"column":34}},"67":{"start":{"line":173,"column":6},"end":{"line":173,"column":41}},"68":{"start":{"line":176,"column":6},"end":{"line":176,"column":41}},"69":{"start":{"line":178,"column":21},"end":{"line":178,"column":45}},"70":{"start":{"line":181,"column":6},"end":{"line":181,"column":72}},"71":{"start":{"line":181,"column":35},"end":{"line":181,"column":70}},"72":{"start":{"line":184,"column":4},"end":{"line":184,"column":73}},"73":{"start":{"line":190,"column":4},"end":{"line":193,"column":5}},"74":{"start":{"line":191,"column":6},"end":{"line":191,"column":46}},"75":{"start":{"line":196,"column":26},"end":{"line":196,"column":49}},"76":{"start":{"line":197,"column":4},"end":{"line":197,"column":51}},"77":{"start":{"line":199,"column":4},"end":{"line":199,"column":36}},"78":{"start":{"line":200,"column":19},"end":{"line":200,"column":43}},"79":{"start":{"line":203,"column":4},"end":{"line":203,"column":72}},"80":{"start":{"line":205,"column":4},"end":{"line":205,"column":72}},"81":{"start":{"line":210,"column":19},"end":{"line":210,"column":77}},"82":{"start":{"line":210,"column":48},"end":{"line":210,"column":69}},"83":{"start":{"line":211,"column":19},"end":{"line":211,"column":77}},"84":{"start":{"line":211,"column":48},"end":{"line":211,"column":69}},"85":{"start":{"line":213,"column":4},"end":{"line":217,"column":7}},"86":{"start":{"line":214,"column":19},"end":{"line":214,"column":57}},"87":{"start":{"line":215,"column":6},"end":{"line":216,"column":7}},"88":{"start":{"line":219,"column":4},"end":{"line":221,"column":5}},"89":{"start":{"line":227,"column":4},"end":{"line":227,"column":39}},"90":{"start":{"line":230,"column":23},"end":{"line":230,"column":73}},"91":{"start":{"line":232,"column":4},"end":{"line":235,"column":5}},"92":{"start":{"line":233,"column":6},"end":{"line":233,"column":47}},"93":{"start":{"line":234,"column":6},"end":{"line":234,"column":61}},"94":{"start":{"line":234,"column":35},"end":{"line":234,"column":59}},"95":{"start":{"line":241,"column":27},"end":{"line":241,"column":50}},"96":{"start":{"line":244,"column":31},"end":{"line":246,"column":1}},"97":{"start":{"line":245,"column":2},"end":{"line":245,"column":28}},"98":{"start":{"line":248,"column":30},"end":{"line":250,"column":1}},"99":{"start":{"line":249,"column":2},"end":{"line":249,"column":26}}},"fnMap":{"0":{"name":"(anonymous_0)","decl":{"start":{"line":10,"column":2},"end":{"line":10,"column":3}},"loc":{"start":{"line":10,"column":16},"end":{"line":12,"column":3}},"line":10},"1":{"name":"(anonymous_1)","decl":{"start":{"line":14,"column":2},"end":{"line":14,"column":3}},"loc":{"start":{"line":14,"column":22},"end":{"line":35,"column":3}},"line":14},"2":{"name":"(anonymous_2)","decl":{"start":{"line":37,"column":2},"end":{"line":37,"column":3}},"loc":{"start":{"line":37,"column":29},"end":{"line":55,"column":3}},"line":37},"3":{"name":"(anonymous_3)","decl":{"start":{"line":49,"column":67},"end":{"line":49,"column":68}},"loc":{"start":{"line":49,"column":77},"end":{"line":49,"column":83}},"line":49},"4":{"name":"(anonymous_4)","decl":{"start":{"line":57,"column":2},"end":{"line":57,"column":3}},"loc":{"start":{"line":57,"column":28},"end":{"line":83,"column":3}},"line":57},"5":{"name":"(anonymous_5)","decl":{"start":{"line":75,"column":22},"end":{"line":75,"column":23}},"loc":{"start":{"line":75,"column":33},"end":{"line":75,"column":58}},"line":75},"6":{"name":"(anonymous_6)","decl":{"start":{"line":85,"column":2},"end":{"line":85,"column":3}},"loc":{"start":{"line":85,"column":32},"end":{"line":107,"column":3}},"line":85},"7":{"name":"(anonymous_7)","decl":{"start":{"line":93,"column":24},"end":{"line":93,"column":25}},"loc":{"start":{"line":93,"column":35},"end":{"line":93,"column":58}},"line":93},"8":{"name":"(anonymous_8)","decl":{"start":{"line":99,"column":22},"end":{"line":99,"column":23}},"loc":{"start":{"line":99,"column":33},"end":{"line":99,"column":58}},"line":99},"9":{"name":"(anonymous_9)","decl":{"start":{"line":109,"column":2},"end":{"line":109,"column":3}},"loc":{"start":{"line":109,"column":29},"end":{"line":129,"column":3}},"line":109},"10":{"name":"(anonymous_10)","decl":{"start":{"line":126,"column":22},"end":{"line":126,"column":23}},"loc":{"start":{"line":126,"column":33},"end":{"line":126,"column":58}},"line":126},"11":{"name":"(anonymous_11)","decl":{"start":{"line":131,"column":2},"end":{"line":131,"column":3}},"loc":{"start":{"line":131,"column":28},"end":{"line":155,"column":3}},"line":131},"12":{"name":"(anonymous_12)","decl":{"start":{"line":141,"column":24},"end":{"line":141,"column":25}},"loc":{"start":{"line":141,"column":35},"end":{"line":141,"column":57}},"line":141},"13":{"name":"(anonymous_13)","decl":{"start":{"line":147,"column":22},"end":{"line":147,"column":23}},"loc":{"start":{"line":147,"column":33},"end":{"line":147,"column":58}},"line":147},"14":{"name":"(anonymous_14)","decl":{"start":{"line":157,"column":2},"end":{"line":157,"column":3}},"loc":{"start":{"line":157,"column":29},"end":{"line":185,"column":3}},"line":157},"15":{"name":"(anonymous_15)","decl":{"start":{"line":181,"column":24},"end":{"line":181,"column":25}},"loc":{"start":{"line":181,"column":35},"end":{"line":181,"column":70}},"line":181},"16":{"name":"(anonymous_16)","decl":{"start":{"line":187,"column":2},"end":{"line":187,"column":3}},"loc":{"start":{"line":187,"column":28},"end":{"line":206,"column":3}},"line":187},"17":{"name":"(anonymous_17)","decl":{"start":{"line":208,"column":2},"end":{"line":208,"column":3}},"loc":{"start":{"line":208,"column":21},"end":{"line":222,"column":3}},"line":208},"18":{"name":"(anonymous_18)","decl":{"start":{"line":210,"column":43},"end":{"line":210,"column":44}},"loc":{"start":{"line":210,"column":48},"end":{"line":210,"column":69}},"line":210},"19":{"name":"(anonymous_19)","decl":{"start":{"line":211,"column":43},"end":{"line":211,"column":44}},"loc":{"start":{"line":211,"column":48},"end":{"line":211,"column":69}},"line":211},"20":{"name":"(anonymous_20)","decl":{"start":{"line":213,"column":29},"end":{"line":213,"column":30}},"loc":{"start":{"line":213,"column":39},"end":{"line":217,"column":5}},"line":213},"21":{"name":"(anonymous_21)","decl":{"start":{"line":225,"column":2},"end":{"line":225,"column":3}},"loc":{"start":{"line":225,"column":20},"end":{"line":237,"column":3}},"line":225},"22":{"name":"(anonymous_22)","decl":{"start":{"line":234,"column":24},"end":{"line":234,"column":25}},"loc":{"start":{"line":234,"column":35},"end":{"line":234,"column":59}},"line":234},"23":{"name":"(anonymous_23)","decl":{"start":{"line":244,"column":31},"end":{"line":244,"column":32}},"loc":{"start":{"line":244,"column":37},"end":{"line":246,"column":1}},"line":244},"24":{"name":"(anonymous_24)","decl":{"start":{"line":248,"column":30},"end":{"line":248,"column":31}},"loc":{"start":{"line":248,"column":36},"end":{"line":250,"column":1}},"line":248}},"branchMap":{"0":{"loc":{"start":{"line":41,"column":4},"end":{"line":43,"column":5}},"type":"if","locations":[{"start":{"line":41,"column":4},"end":{"line":43,"column":5}},{"start":{},"end":{}}],"line":41},"1":{"loc":{"start":{"line":45,"column":4},"end":{"line":47,"column":5}},"type":"if","locations":[{"start":{"line":45,"column":4},"end":{"line":47,"column":5}},{"start":{},"end":{}}],"line":45},"2":{"loc":{"start":{"line":50,"column":4},"end":{"line":52,"column":5}},"type":"if","locations":[{"start":{"line":50,"column":4},"end":{"line":52,"column":5}},{"start":{},"end":{}}],"line":50},"3":{"loc":{"start":{"line":78,"column":4},"end":{"line":80,"column":5}},"type":"if","locations":[{"start":{"line":78,"column":4},"end":{"line":80,"column":5}},{"start":{},"end":{}}],"line":78},"4":{"loc":{"start":{"line":102,"column":4},"end":{"line":104,"column":5}},"type":"if","locations":[{"start":{"line":102,"column":4},"end":{"line":104,"column":5}},{"start":{},"end":{}}],"line":102},"5":{"loc":{"start":{"line":150,"column":4},"end":{"line":152,"column":5}},"type":"if","locations":[{"start":{"line":150,"column":4},"end":{"line":152,"column":5}},{"start":{},"end":{}}],"line":150},"6":{"loc":{"start":{"line":214,"column":19},"end":{"line":214,"column":57}},"type":"cond-expr","locations":[{"start":{"line":214,"column":48},"end":{"line":214,"column":51}},{"start":{"line":214,"column":54},"end":{"line":214,"column":57}}],"line":214},"7":{"loc":{"start":{"line":215,"column":6},"end":{"line":216,"column":7}},"type":"if","locations":[{"start":{"line":215,"column":6},"end":{"line":216,"column":7}},{"start":{},"end":{}}],"line":215},"8":{"loc":{"start":{"line":219,"column":4},"end":{"line":221,"column":5}},"type":"if","locations":[{"start":{"line":219,"column":4},"end":{"line":221,"column":5}},{"start":{"line":220,"column":11},"end":{"line":221,"column":5}}],"line":219}},"s":{"0":0,"1":0,"2":0,"3":0,"4":0,"5":0,"6":0,"7":0,"8":0,"9":0,"10":0,"11":0,"12":0,"13":0,"14":0,"15":0,"16":0,"17":0,"18":0,"19":0,"20":0,"21":0,"22":0,"23":0,"24":0,"25":0,"26":0,"27":0,"28":0,"29":0,"30":0,"31":0,"32":0,"33":0,"34":0,"35":0,"36":0,"37":0,"38":0,"39":0,"40":0,"41":0,"42":0,"43":0,"44":0,"45":0,"46":0,"47":0,"48":0,"49":0,"50":0,"51":0,"52":0,"53":0,"54":0,"55":0,"56":0,"57":0,"58":0,"59":0,"60":0,"61":0,"62":0,"63":0,"64":0,"65":0,"66":0,"67":0,"68":0,"69":0,"70":0,"71":0,"72":0,"73":0,"74":0,"75":0,"76":0,"77":0,"78":0,"79":0,"80":0,"81":0,"82":0,"83":0,"84":0,"85":0,"86":0,"87":0,"88":0,"89":0,"90":0,"91":0,"92":0,"93":0,"94":0,"95":0,"96":0,"97":0,"98":0,"99":0},"f":{"0":0,"1":0,"2":0,"3":0,"4":0,"5":0,"6":0,"7":0,"8":0,"9":0,"10":0,"11":0,"12":0,"13":0,"14":0,"15":0,"16":0,"17":0,"18":0,"19":0,"20":0,"21":0,"22":0,"23":0,"24":0},"b":{"0":[0,0],"1":[0,0],"2":[0,0],"3":[0,0],"4":[0,0],"5":[0,0],"6":[0,0],"7":[0,0],"8":[0,0]}}
,"/Users/bhaumiktandan/1024/utils/vibration.js": {"path":"/Users/bhaumiktandan/1024/utils/vibration.js","statementMap":{"0":{"start":{"line":6,"column":16},"end":{"line":6,"column":20}},"1":{"start":{"line":7,"column":0},"end":{"line":9,"column":1}},"2":{"start":{"line":8,"column":2},"end":{"line":8,"column":48}},"3":{"start":{"line":12,"column":30},"end":{"line":28,"column":1}},"4":{"start":{"line":13,"column":45},"end":{"line":13,"column":68}},"5":{"start":{"line":15,"column":2},"end":{"line":18,"column":3}},"6":{"start":{"line":17,"column":4},"end":{"line":17,"column":27}},"7":{"start":{"line":21,"column":2},"end":{"line":27,"column":3}},"8":{"start":{"line":22,"column":4},"end":{"line":26,"column":5}},"9":{"start":{"line":23,"column":6},"end":{"line":23,"column":57}},"10":{"start":{"line":31,"column":42},"end":{"line":47,"column":1}},"11":{"start":{"line":32,"column":45},"end":{"line":32,"column":68}},"12":{"start":{"line":34,"column":2},"end":{"line":37,"column":3}},"13":{"start":{"line":36,"column":4},"end":{"line":36,"column":26}},"14":{"start":{"line":40,"column":2},"end":{"line":46,"column":3}},"15":{"start":{"line":41,"column":4},"end":{"line":45,"column":5}},"16":{"start":{"line":42,"column":6},"end":{"line":42,"column":69}},"17":{"start":{"line":50,"column":27},"end":{"line":57,"column":1}},"18":{"start":{"line":51,"column":31},"end":{"line":51,"column":54}},"19":{"start":{"line":53,"column":2},"end":{"line":56,"column":3}},"20":{"start":{"line":55,"column":4},"end":{"line":55,"column":27}},"21":{"start":{"line":60,"column":30},"end":{"line":72,"column":1}},"22":{"start":{"line":61,"column":27},"end":{"line":61,"column":50}},"23":{"start":{"line":65,"column":2},"end":{"line":71,"column":3}},"24":{"start":{"line":66,"column":4},"end":{"line":70,"column":5}},"25":{"start":{"line":67,"column":6},"end":{"line":67,"column":50}},"26":{"start":{"line":74,"column":36},"end":{"line":90,"column":1}},"27":{"start":{"line":75,"column":45},"end":{"line":75,"column":68}},"28":{"start":{"line":77,"column":2},"end":{"line":80,"column":3}},"29":{"start":{"line":79,"column":4},"end":{"line":79,"column":26}},"30":{"start":{"line":83,"column":2},"end":{"line":89,"column":3}},"31":{"start":{"line":84,"column":4},"end":{"line":88,"column":5}},"32":{"start":{"line":85,"column":6},"end":{"line":85,"column":41}}},"fnMap":{"0":{"name":"(anonymous_0)","decl":{"start":{"line":12,"column":30},"end":{"line":12,"column":31}},"loc":{"start":{"line":12,"column":65},"end":{"line":28,"column":1}},"line":12},"1":{"name":"(anonymous_1)","decl":{"start":{"line":31,"column":42},"end":{"line":31,"column":43}},"loc":{"start":{"line":31,"column":76},"end":{"line":47,"column":1}},"line":31},"2":{"name":"(anonymous_2)","decl":{"start":{"line":50,"column":27},"end":{"line":50,"column":28}},"loc":{"start":{"line":50,"column":33},"end":{"line":57,"column":1}},"line":50},"3":{"name":"(anonymous_3)","decl":{"start":{"line":60,"column":30},"end":{"line":60,"column":31}},"loc":{"start":{"line":60,"column":59},"end":{"line":72,"column":1}},"line":60},"4":{"name":"(anonymous_4)","decl":{"start":{"line":74,"column":36},"end":{"line":74,"column":37}},"loc":{"start":{"line":74,"column":48},"end":{"line":90,"column":1}},"line":74}},"branchMap":{"0":{"loc":{"start":{"line":7,"column":0},"end":{"line":9,"column":1}},"type":"if","locations":[{"start":{"line":7,"column":0},"end":{"line":9,"column":1}},{"start":{},"end":{}}],"line":7},"1":{"loc":{"start":{"line":12,"column":37},"end":{"line":12,"column":60}},"type":"default-arg","locations":[{"start":{"line":12,"column":55},"end":{"line":12,"column":60}}],"line":12},"2":{"loc":{"start":{"line":15,"column":2},"end":{"line":18,"column":3}},"type":"if","locations":[{"start":{"line":15,"column":2},"end":{"line":18,"column":3}},{"start":{},"end":{}}],"line":15},"3":{"loc":{"start":{"line":15,"column":6},"end":{"line":15,"column":60}},"type":"binary-expr","locations":[{"start":{"line":15,"column":6},"end":{"line":15,"column":22}},{"start":{"line":15,"column":26},"end":{"line":15,"column":47}},{"start":{"line":15,"column":51},"end":{"line":15,"column":60}}],"line":15},"4":{"loc":{"start":{"line":21,"column":2},"end":{"line":27,"column":3}},"type":"if","locations":[{"start":{"line":21,"column":2},"end":{"line":27,"column":3}},{"start":{},"end":{}}],"line":21},"5":{"loc":{"start":{"line":31,"column":49},"end":{"line":31,"column":71}},"type":"default-arg","locations":[{"start":{"line":31,"column":67},"end":{"line":31,"column":71}}],"line":31},"6":{"loc":{"start":{"line":34,"column":2},"end":{"line":37,"column":3}},"type":"if","locations":[{"start":{"line":34,"column":2},"end":{"line":37,"column":3}},{"start":{},"end":{}}],"line":34},"7":{"loc":{"start":{"line":34,"column":6},"end":{"line":34,"column":60}},"type":"binary-expr","locations":[{"start":{"line":34,"column":6},"end":{"line":34,"column":22}},{"start":{"line":34,"column":26},"end":{"line":34,"column":47}},{"start":{"line":34,"column":51},"end":{"line":34,"column":60}}],"line":34},"8":{"loc":{"start":{"line":40,"column":2},"end":{"line":46,"column":3}},"type":"if","locations":[{"start":{"line":40,"column":2},"end":{"line":46,"column":3}},{"start":{},"end":{}}],"line":40},"9":{"loc":{"start":{"line":53,"column":2},"end":{"line":56,"column":3}},"type":"if","locations":[{"start":{"line":53,"column":2},"end":{"line":56,"column":3}},{"start":{},"end":{}}],"line":53},"10":{"loc":{"start":{"line":53,"column":6},"end":{"line":53,"column":60}},"type":"binary-expr","locations":[{"start":{"line":53,"column":6},"end":{"line":53,"column":22}},{"start":{"line":53,"column":26},"end":{"line":53,"column":47}},{"start":{"line":53,"column":51},"end":{"line":53,"column":60}}],"line":53},"11":{"loc":{"start":{"line":60,"column":37},"end":{"line":60,"column":54}},"type":"default-arg","locations":[{"start":{"line":60,"column":49},"end":{"line":60,"column":54}}],"line":60},"12":{"loc":{"start":{"line":65,"column":2},"end":{"line":71,"column":3}},"type":"if","locations":[{"start":{"line":65,"column":2},"end":{"line":71,"column":3}},{"start":{},"end":{}}],"line":65},"13":{"loc":{"start":{"line":77,"column":2},"end":{"line":80,"column":3}},"type":"if","locations":[{"start":{"line":77,"column":2},"end":{"line":80,"column":3}},{"start":{},"end":{}}],"line":77},"14":{"loc":{"start":{"line":77,"column":6},"end":{"line":77,"column":60}},"type":"binary-expr","locations":[{"start":{"line":77,"column":6},"end":{"line":77,"column":22}},{"start":{"line":77,"column":26},"end":{"line":77,"column":47}},{"start":{"line":77,"column":51},"end":{"line":77,"column":60}}],"line":77},"15":{"loc":{"start":{"line":83,"column":2},"end":{"line":89,"column":3}},"type":"if","locations":[{"start":{"line":83,"column":2},"end":{"line":89,"column":3}},{"start":{},"end":{}}],"line":83}},"s":{"0":0,"1":0,"2":0,"3":0,"4":0,"5":0,"6":0,"7":0,"8":0,"9":0,"10":0,"11":0,"12":0,"13":0,"14":0,"15":0,"16":0,"17":0,"18":0,"19":0,"20":0,"21":0,"22":0,"23":0,"24":0,"25":0,"26":0,"27":0,"28":0,"29":0,"30":0,"31":0,"32":0},"f":{"0":0,"1":0,"2":0,"3":0,"4":0},"b":{"0":[0,0],"1":[0],"2":[0,0],"3":[0,0,0],"4":[0,0],"5":[0],"6":[0,0],"7":[0,0,0],"8":[0,0],"9":[0,0],"10":[0,0,0],"11":[0],"12":[0,0],"13":[0,0],"14":[0,0,0],"15":[0,0]}}
}
