TN:
SF:components/AchievementSystem.js
FN:166,(anonymous_0)
FN:214,(anonymous_1)
FN:253,(anonymous_2)
FN:288,(anonymous_3)
FN:370,(anonymous_4)
FN:374,(anonymous_5)
FN:390,(anonymous_6)
FN:405,(anonymous_7)
FN:434,(anonymous_8)
FN:445,(anonymous_9)
FN:449,(anonymous_10)
FN:455,(anonymous_11)
FN:459,(anonymous_12)
FN:509,(anonymous_13)
FN:517,(anonymous_14)
FN:523,(anonymous_15)
FN:526,(anonymous_16)
FN:527,(anonymous_17)
FN:527,(anonymous_18)
FN:530,(anonymous_19)
FN:531,(anonymous_20)
FN:532,(anonymous_21)
FN:537,(anonymous_22)
FN:545,(anonymous_23)
FN:549,(anonymous_24)
FN:559,(anonymous_25)
FN:564,(anonymous_26)
FN:576,(anonymous_27)
FN:648,(anonymous_28)
FNF:29
FNH:0
FNDA:0,(anonymous_0)
FNDA:0,(anonymous_1)
FNDA:0,(anonymous_2)
FNDA:0,(anonymous_3)
FNDA:0,(anonymous_4)
FNDA:0,(anonymous_5)
FNDA:0,(anonymous_6)
FNDA:0,(anonymous_7)
FNDA:0,(anonymous_8)
FNDA:0,(anonymous_9)
FNDA:0,(anonymous_10)
FNDA:0,(anonymous_11)
FNDA:0,(anonymous_12)
FNDA:0,(anonymous_13)
FNDA:0,(anonymous_14)
FNDA:0,(anonymous_15)
FNDA:0,(anonymous_16)
FNDA:0,(anonymous_17)
FNDA:0,(anonymous_18)
FNDA:0,(anonymous_19)
FNDA:0,(anonymous_20)
FNDA:0,(anonymous_21)
FNDA:0,(anonymous_22)
FNDA:0,(anonymous_23)
FNDA:0,(anonymous_24)
FNDA:0,(anonymous_25)
FNDA:0,(anonymous_26)
FNDA:0,(anonymous_27)
FNDA:0,(anonymous_28)
DA:16,0
DA:166,0
DA:167,0
DA:214,0
DA:215,0
DA:253,0
DA:254,0
DA:288,0
DA:290,0
DA:300,0
DA:302,0
DA:304,0
DA:312,0
DA:322,0
DA:326,0
DA:328,0
DA:329,0
DA:331,0
DA:332,0
DA:334,0
DA:335,0
DA:338,0
DA:355,0
DA:370,0
DA:371,0
DA:372,0
DA:374,0
DA:375,0
DA:390,0
DA:391,0
DA:405,0
DA:408,0
DA:434,0
DA:440,0
DA:441,0
DA:444,0
DA:445,0
DA:449,0
DA:450,0
DA:451,0
DA:455,0
DA:456,0
DA:459,0
DA:460,0
DA:462,0
DA:464,0
DA:466,0
DA:467,0
DA:469,0
DA:470,0
DA:472,0
DA:473,0
DA:475,0
DA:476,0
DA:478,0
DA:479,0
DA:481,0
DA:482,0
DA:484,0
DA:485,0
DA:487,0
DA:488,0
DA:490,0
DA:491,0
DA:493,0
DA:494,0
DA:496,0
DA:497,0
DA:499,0
DA:500,0
DA:503,0
DA:504,0
DA:509,0
DA:510,0
DA:511,0
DA:512,0
DA:517,0
DA:518,0
DA:523,0
DA:526,0
DA:527,0
DA:530,0
DA:531,0
DA:532,0
DA:533,0
DA:537,0
DA:538,0
DA:541,0
DA:546,0
DA:549,0
DA:559,0
DA:564,0
DA:577,0
DA:579,0
DA:648,0
DA:661,0
LF:96
LH:0
BRDA:302,0,0,0
BRDA:302,0,1,0
BRDA:326,1,0,0
BRDA:326,1,1,0
BRDA:326,1,2,0
BRDA:326,1,3,0
BRDA:435,2,0,0
BRDA:437,3,0,0
BRDA:438,4,0,0
BRDA:444,5,0,0
BRDA:444,5,1,0
BRDA:450,6,0,0
BRDA:450,6,1,0
BRDA:460,7,0,0
BRDA:460,7,1,0
BRDA:464,8,0,0
BRDA:464,8,1,0
BRDA:464,8,2,0
BRDA:464,8,3,0
BRDA:464,8,4,0
BRDA:464,8,5,0
BRDA:464,8,6,0
BRDA:464,8,7,0
BRDA:464,8,8,0
BRDA:464,8,9,0
BRDA:464,8,10,0
BRDA:464,8,11,0
BRDA:466,9,0,0
BRDA:466,9,1,0
BRDA:469,10,0,0
BRDA:469,10,1,0
BRDA:472,11,0,0
BRDA:472,11,1,0
BRDA:475,12,0,0
BRDA:475,12,1,0
BRDA:478,13,0,0
BRDA:478,13,1,0
BRDA:481,14,0,0
BRDA:481,14,1,0
BRDA:484,15,0,0
BRDA:484,15,1,0
BRDA:487,16,0,0
BRDA:487,16,1,0
BRDA:490,17,0,0
BRDA:490,17,1,0
BRDA:493,18,0,0
BRDA:493,18,1,0
BRDA:496,19,0,0
BRDA:496,19,1,0
BRDA:499,20,0,0
BRDA:499,20,1,0
BRDA:503,21,0,0
BRDA:503,21,1,0
BRDA:511,22,0,0
BRDA:511,22,1,0
BRDA:533,23,0,0
BRDA:533,23,1,0
BRDA:584,24,0,0
BRDA:584,24,1,0
BRDA:589,25,0,0
BRDA:589,25,1,0
BRDA:598,26,0,0
BRDA:598,26,1,0
BRDA:607,27,0,0
BRDA:607,27,1,0
BRDA:613,28,0,0
BRDA:613,28,1,0
BRDA:622,29,0,0
BRDA:622,29,1,0
BRDA:622,29,2,0
BRDA:625,30,0,0
BRDA:625,30,1,0
BRDA:631,31,0,0
BRDA:631,31,1,0
BRDA:651,32,0,0
BRDA:651,32,1,0
BRF:76
BRH:0
end_of_record
TN:
SF:components/AnimationManager.js
FN:7,(anonymous_0)
FN:20,(anonymous_1)
FN:29,(anonymous_2)
FN:38,(anonymous_3)
FN:55,(anonymous_4)
FN:72,(anonymous_5)
FN:91,(anonymous_6)
FN:95,(anonymous_7)
FN:107,(anonymous_8)
FN:127,(anonymous_9)
FN:128,(anonymous_10)
FN:128,(anonymous_11)
FN:133,(anonymous_12)
FN:139,(anonymous_13)
FN:144,(anonymous_14)
FN:158,(anonymous_15)
FN:161,(anonymous_16)
FN:162,(anonymous_17)
FN:166,(anonymous_18)
FN:167,(anonymous_19)
FN:191,(anonymous_20)
FN:235,(anonymous_21)
FN:305,(anonymous_22)
FN:342,(anonymous_23)
FN:473,(anonymous_24)
FN:481,(anonymous_25)
FN:504,(anonymous_26)
FN:509,(anonymous_27)
FN:509,(anonymous_28)
FN:519,(anonymous_29)
FN:528,(anonymous_30)
FN:558,(anonymous_31)
FN:584,(anonymous_32)
FNF:33
FNH:0
FNDA:0,(anonymous_0)
FNDA:0,(anonymous_1)
FNDA:0,(anonymous_2)
FNDA:0,(anonymous_3)
FNDA:0,(anonymous_4)
FNDA:0,(anonymous_5)
FNDA:0,(anonymous_6)
FNDA:0,(anonymous_7)
FNDA:0,(anonymous_8)
FNDA:0,(anonymous_9)
FNDA:0,(anonymous_10)
FNDA:0,(anonymous_11)
FNDA:0,(anonymous_12)
FNDA:0,(anonymous_13)
FNDA:0,(anonymous_14)
FNDA:0,(anonymous_15)
FNDA:0,(anonymous_16)
FNDA:0,(anonymous_17)
FNDA:0,(anonymous_18)
FNDA:0,(anonymous_19)
FNDA:0,(anonymous_20)
FNDA:0,(anonymous_21)
FNDA:0,(anonymous_22)
FNDA:0,(anonymous_23)
FNDA:0,(anonymous_24)
FNDA:0,(anonymous_25)
FNDA:0,(anonymous_26)
FNDA:0,(anonymous_27)
FNDA:0,(anonymous_28)
FNDA:0,(anonymous_29)
FNDA:0,(anonymous_30)
FNDA:0,(anonymous_31)
FNDA:0,(anonymous_32)
DA:7,0
DA:8,0
DA:9,0
DA:10,0
DA:11,0
DA:12,0
DA:13,0
DA:14,0
DA:17,0
DA:18,0
DA:20,0
DA:21,0
DA:22,0
DA:23,0
DA:25,0
DA:30,0
DA:31,0
DA:35,0
DA:38,0
DA:39,0
DA:41,0
DA:42,0
DA:43,0
DA:45,0
DA:46,0
DA:48,0
DA:55,0
DA:56,0
DA:58,0
DA:59,0
DA:60,0
DA:62,0
DA:63,0
DA:65,0
DA:72,0
DA:73,0
DA:74,0
DA:76,0
DA:77,0
DA:80,0
DA:81,0
DA:84,0
DA:87,0
DA:91,0
DA:92,0
DA:93,0
DA:95,0
DA:96,0
DA:107,0
DA:109,0
DA:128,0
DA:133,0
DA:136,0
DA:139,0
DA:140,0
DA:141,0
DA:144,0
DA:145,0
DA:146,0
DA:147,0
DA:149,0
DA:158,0
DA:159,0
DA:161,0
DA:162,0
DA:163,0
DA:166,0
DA:167,0
DA:170,0
DA:171,0
DA:174,0
DA:176,0
DA:181,0
DA:191,0
DA:192,0
DA:197,0
DA:198,0
DA:199,0
DA:202,0
DA:220,0
DA:222,0
DA:231,0
DA:232,0
DA:235,0
DA:236,0
DA:237,0
DA:238,0
DA:239,0
DA:240,0
DA:241,0
DA:244,0
DA:246,0
DA:266,0
DA:267,0
DA:268,0
DA:269,0
DA:270,0
DA:272,0
DA:286,0
DA:301,0
DA:302,0
DA:305,0
DA:306,0
DA:309,0
DA:310,0
DA:312,0
DA:340,0
DA:343,0
DA:406,0
DA:464,0
DA:473,0
DA:474,0
DA:475,0
DA:477,0
DA:479,0
DA:480,0
DA:481,0
DA:482,0
DA:487,0
DA:488,0
DA:490,0
DA:499,0
DA:506,0
DA:509,0
DA:510,0
DA:511,0
DA:513,0
DA:514,0
DA:519,0
DA:520,0
DA:522,0
DA:523,0
DA:524,0
DA:528,0
DA:529,0
DA:530,0
DA:532,0
DA:533,0
DA:535,0
DA:536,0
DA:539,0
DA:540,0
DA:542,0
DA:543,0
DA:545,0
DA:546,0
DA:549,0
DA:550,0
DA:552,0
DA:553,0
DA:558,0
DA:559,0
DA:560,0
DA:562,0
DA:563,0
DA:565,0
DA:566,0
DA:569,0
DA:570,0
DA:572,0
DA:573,0
DA:575,0
DA:576,0
DA:578,0
DA:579,0
DA:584,0
DA:585,0
DA:586,0
DA:588,0
DA:589,0
DA:593,0
DA:594,0
DA:595,0
DA:596,0
DA:599,0
DA:600,0
DA:601,0
DA:603,0
DA:604,0
DA:605,0
DA:609,0
LF:181
LH:0
BRDA:20,0,0,0
BRDA:27,1,0,0
BRDA:27,1,1,0
BRDA:30,2,0,0
BRDA:30,2,1,0
BRDA:39,3,0,0
BRDA:39,3,1,0
BRDA:42,4,0,0
BRDA:42,4,1,0
BRDA:43,5,0,0
BRDA:43,5,1,0
BRDA:56,6,0,0
BRDA:56,6,1,0
BRDA:56,7,0,0
BRDA:56,7,1,0
BRDA:59,8,0,0
BRDA:59,8,1,0
BRDA:60,9,0,0
BRDA:60,9,1,0
BRDA:74,10,0,0
BRDA:74,10,1,0
BRDA:76,11,0,0
BRDA:76,11,1,0
BRDA:76,12,0,0
BRDA:76,12,1,0
BRDA:80,13,0,0
BRDA:80,13,1,0
BRDA:80,14,0,0
BRDA:80,14,1,0
BRDA:133,15,0,0
BRDA:133,16,0,0
BRDA:133,17,0,0
BRDA:145,18,0,0
BRDA:145,18,1,0
BRDA:147,19,0,0
BRDA:147,19,1,0
BRDA:147,20,0,0
BRDA:147,20,1,0
BRDA:159,21,0,0
BRDA:159,21,1,0
BRDA:163,22,0,0
BRDA:163,22,1,0
BRDA:176,23,0,0
BRDA:176,23,1,0
BRDA:177,24,0,0
BRDA:177,24,1,0
BRDA:177,25,0,0
BRDA:177,25,1,0
BRDA:182,26,0,0
BRDA:182,26,1,0
BRDA:182,27,0,0
BRDA:182,27,1,0
BRDA:220,28,0,0
BRDA:220,28,1,0
BRDA:477,29,0,0
BRDA:477,29,1,0
BRDA:480,30,0,0
BRDA:480,30,1,0
BRDA:487,31,0,0
BRDA:487,31,1,0
BRDA:513,32,0,0
BRDA:513,32,1,0
BRDA:522,33,0,0
BRDA:522,33,1,0
BRDA:529,34,0,0
BRDA:529,34,1,0
BRDA:529,35,0,0
BRDA:529,35,1,0
BRDA:532,36,0,0
BRDA:532,36,1,0
BRDA:532,37,0,0
BRDA:532,37,1,0
BRDA:535,38,0,0
BRDA:535,38,1,0
BRDA:535,39,0,0
BRDA:535,39,1,0
BRDA:539,40,0,0
BRDA:539,40,1,0
BRDA:539,41,0,0
BRDA:539,41,1,0
BRDA:542,42,0,0
BRDA:542,42,1,0
BRDA:542,43,0,0
BRDA:542,43,1,0
BRDA:545,44,0,0
BRDA:545,44,1,0
BRDA:545,45,0,0
BRDA:545,45,1,0
BRDA:549,46,0,0
BRDA:549,46,1,0
BRDA:549,47,0,0
BRDA:549,47,1,0
BRDA:552,48,0,0
BRDA:552,48,1,0
BRDA:552,49,0,0
BRDA:552,49,1,0
BRDA:559,50,0,0
BRDA:559,50,1,0
BRDA:559,51,0,0
BRDA:559,51,1,0
BRDA:562,52,0,0
BRDA:562,52,1,0
BRDA:562,53,0,0
BRDA:562,53,1,0
BRDA:565,54,0,0
BRDA:565,54,1,0
BRDA:565,55,0,0
BRDA:565,55,1,0
BRDA:569,56,0,0
BRDA:569,56,1,0
BRDA:569,57,0,0
BRDA:569,57,1,0
BRDA:572,58,0,0
BRDA:572,58,1,0
BRDA:572,59,0,0
BRDA:572,59,1,0
BRDA:575,60,0,0
BRDA:575,60,1,0
BRDA:575,61,0,0
BRDA:575,61,1,0
BRDA:578,62,0,0
BRDA:578,62,1,0
BRDA:578,63,0,0
BRDA:578,63,1,0
BRDA:585,64,0,0
BRDA:585,64,1,0
BRDA:585,65,0,0
BRDA:585,65,1,0
BRDA:588,66,0,0
BRDA:588,66,1,0
BRDA:588,67,0,0
BRDA:588,67,1,0
BRDA:599,68,0,0
BRDA:599,68,1,0
BRF:134
BRH:0
end_of_record
TN:
SF:components/ElementTile.js
FN:15,(anonymous_0)
FNF:1
FNH:0
FNDA:0,(anonymous_0)
DA:15,0
DA:17,0
LF:2
LH:0
BRF:0
BRH:0
end_of_record
TN:
SF:components/EnhancedSpaceBackground.js
FN:9,(anonymous_0)
FN:61,(anonymous_1)
FN:62,(anonymous_2)
FN:67,(anonymous_3)
FN:85,(anonymous_4)
FN:93,(anonymous_5)
FN:96,(anonymous_6)
FN:97,(anonymous_7)
FN:106,(anonymous_8)
FN:114,(anonymous_9)
FN:118,(anonymous_10)
FN:145,(anonymous_11)
FN:171,(anonymous_12)
FN:172,(anonymous_13)
FN:175,(anonymous_14)
FN:199,(anonymous_15)
FN:211,(anonymous_16)
FN:212,(anonymous_17)
FN:220,(anonymous_18)
FN:245,(anonymous_19)
FN:246,(anonymous_20)
FN:334,(anonymous_21)
FN:342,(anonymous_22)
FN:345,(anonymous_23)
FN:364,(anonymous_24)
FN:368,(anonymous_25)
FN:413,(anonymous_26)
FN:445,(anonymous_27)
FN:446,(anonymous_28)
FN:494,(anonymous_29)
FN:495,(anonymous_30)
FN:498,(anonymous_31)
FN:499,(anonymous_32)
FN:505,(anonymous_33)
FN:530,(anonymous_34)
FN:531,(anonymous_35)
FN:535,(anonymous_36)
FN:562,(anonymous_37)
FN:570,(anonymous_38)
FN:574,(anonymous_39)
FN:593,(anonymous_40)
FN:598,(anonymous_41)
FN:653,(anonymous_42)
FN:654,(anonymous_43)
FN:686,(anonymous_44)
FN:705,(anonymous_45)
FN:706,(anonymous_46)
FN:738,(anonymous_47)
FN:757,(anonymous_48)
FN:758,(anonymous_49)
FN:762,(anonymous_50)
FN:779,(anonymous_51)
FN:787,(anonymous_52)
FN:791,(anonymous_53)
FN:792,(anonymous_54)
FN:815,(anonymous_55)
FN:824,(anonymous_56)
FN:828,(anonymous_57)
FN:904,(anonymous_58)
FN:907,(anonymous_59)
FN:924,(anonymous_60)
FN:928,(anonymous_61)
FN:934,(anonymous_62)
FN:966,(anonymous_63)
FN:986,(anonymous_64)
FNF:65
FNH:0
FNDA:0,(anonymous_0)
FNDA:0,(anonymous_1)
FNDA:0,(anonymous_2)
FNDA:0,(anonymous_3)
FNDA:0,(anonymous_4)
FNDA:0,(anonymous_5)
FNDA:0,(anonymous_6)
FNDA:0,(anonymous_7)
FNDA:0,(anonymous_8)
FNDA:0,(anonymous_9)
FNDA:0,(anonymous_10)
FNDA:0,(anonymous_11)
FNDA:0,(anonymous_12)
FNDA:0,(anonymous_13)
FNDA:0,(anonymous_14)
FNDA:0,(anonymous_15)
FNDA:0,(anonymous_16)
FNDA:0,(anonymous_17)
FNDA:0,(anonymous_18)
FNDA:0,(anonymous_19)
FNDA:0,(anonymous_20)
FNDA:0,(anonymous_21)
FNDA:0,(anonymous_22)
FNDA:0,(anonymous_23)
FNDA:0,(anonymous_24)
FNDA:0,(anonymous_25)
FNDA:0,(anonymous_26)
FNDA:0,(anonymous_27)
FNDA:0,(anonymous_28)
FNDA:0,(anonymous_29)
FNDA:0,(anonymous_30)
FNDA:0,(anonymous_31)
FNDA:0,(anonymous_32)
FNDA:0,(anonymous_33)
FNDA:0,(anonymous_34)
FNDA:0,(anonymous_35)
FNDA:0,(anonymous_36)
FNDA:0,(anonymous_37)
FNDA:0,(anonymous_38)
FNDA:0,(anonymous_39)
FNDA:0,(anonymous_40)
FNDA:0,(anonymous_41)
FNDA:0,(anonymous_42)
FNDA:0,(anonymous_43)
FNDA:0,(anonymous_44)
FNDA:0,(anonymous_45)
FNDA:0,(anonymous_46)
FNDA:0,(anonymous_47)
FNDA:0,(anonymous_48)
FNDA:0,(anonymous_49)
FNDA:0,(anonymous_50)
FNDA:0,(anonymous_51)
FNDA:0,(anonymous_52)
FNDA:0,(anonymous_53)
FNDA:0,(anonymous_54)
FNDA:0,(anonymous_55)
FNDA:0,(anonymous_56)
FNDA:0,(anonymous_57)
FNDA:0,(anonymous_58)
FNDA:0,(anonymous_59)
FNDA:0,(anonymous_60)
FNDA:0,(anonymous_61)
FNDA:0,(anonymous_62)
FNDA:0,(anonymous_63)
FNDA:0,(anonymous_64)
DA:6,0
DA:9,0
DA:10,0
DA:61,0
DA:62,0
DA:64,0
DA:65,0
DA:67,0
DA:83,0
DA:86,0
DA:93,0
DA:94,0
DA:96,0
DA:97,0
DA:99,0
DA:102,0
DA:108,0
DA:113,0
DA:114,0
DA:115,0
DA:118,0
DA:119,0
DA:120,0
DA:124,0
DA:145,0
DA:147,0
DA:148,0
DA:149,0
DA:151,0
DA:152,0
DA:153,0
DA:163,0
DA:164,0
DA:171,0
DA:172,0
DA:173,0
DA:175,0
DA:177,0
DA:178,0
DA:181,0
DA:201,0
DA:206,0
DA:208,0
DA:211,0
DA:212,0
DA:218,0
DA:221,0
DA:223,0
DA:245,0
DA:246,0
DA:247,0
DA:250,0
DA:256,0
DA:259,0
DA:260,0
DA:273,0
DA:274,0
DA:287,0
DA:288,0
DA:301,0
DA:302,0
DA:303,0
DA:304,0
DA:306,0
DA:317,0
DA:329,0
DA:332,0
DA:335,0
DA:342,0
DA:343,0
DA:345,0
DA:347,0
DA:363,0
DA:364,0
DA:365,0
DA:368,0
DA:369,0
DA:370,0
DA:374,0
DA:413,0
DA:414,0
DA:415,0
DA:418,0
DA:422,0
DA:423,0
DA:424,0
DA:436,0
DA:437,0
DA:445,0
DA:446,0
DA:447,0
DA:448,0
DA:449,0
DA:451,0
DA:494,0
DA:495,0
DA:498,0
DA:499,0
DA:503,0
DA:506,0
DA:508,0
DA:530,0
DA:531,0
DA:532,0
DA:533,0
DA:535,0
DA:536,0
DA:537,0
DA:538,0
DA:539,0
DA:541,0
DA:560,0
DA:563,0
DA:570,0
DA:571,0
DA:572,0
DA:574,0
DA:575,0
DA:583,0
DA:592,0
DA:593,0
DA:594,0
DA:595,0
DA:598,0
DA:599,0
DA:600,0
DA:604,0
DA:609,0
DA:620,0
DA:631,0
DA:653,0
DA:654,0
DA:684,0
DA:687,0
DA:705,0
DA:706,0
DA:736,0
DA:739,0
DA:757,0
DA:758,0
DA:759,0
DA:760,0
DA:762,0
DA:777,0
DA:780,0
DA:787,0
DA:788,0
DA:789,0
DA:791,0
DA:792,0
DA:793,0
DA:816,0
DA:817,0
DA:818,0
DA:823,0
DA:824,0
DA:825,0
DA:828,0
DA:829,0
DA:830,0
DA:831,0
DA:835,0
DA:840,0
DA:845,0
DA:850,0
DA:852,0
DA:904,0
DA:905,0
DA:907,0
DA:908,0
DA:923,0
DA:924,0
DA:925,0
DA:928,0
DA:929,0
DA:930,0
DA:934,0
DA:964,0
DA:967,0
DA:986,0
DA:990,0
DA:991,0
DA:993,0
LF:183
LH:0
BRDA:61,0,0,0
BRDA:64,1,0,0
BRDA:64,1,1,0
BRDA:64,2,0,0
BRDA:64,2,1,0
BRDA:65,3,0,0
BRDA:65,3,1,0
BRDA:145,4,0,0
BRDA:147,5,0,0
BRDA:147,5,1,0
BRDA:147,6,0,0
BRDA:147,6,1,0
BRDA:151,7,0,0
BRDA:151,7,1,0
BRDA:245,8,0,0
BRDA:256,9,0,0
BRDA:256,9,1,0
BRDA:377,10,0,0
BRDA:377,10,1,0
BRDA:413,11,0,0
BRDA:413,12,0,0
BRDA:418,13,0,0
BRDA:418,13,1,0
BRDA:419,14,0,0
BRDA:419,14,1,0
BRDA:422,15,0,0
BRDA:422,15,1,0
BRDA:530,16,0,0
BRDA:533,17,0,0
BRDA:533,17,1,0
BRDA:757,18,0,0
BRDA:759,19,0,0
BRDA:759,19,1,0
BRDA:759,20,0,0
BRDA:759,20,1,0
BRDA:760,21,0,0
BRDA:760,21,1,0
BRDA:987,22,0,0
BRDA:988,23,0,0
BRDA:990,24,0,0
BRDA:990,24,1,0
BRDA:990,25,0,0
BRDA:990,25,1,0
BRDA:991,26,0,0
BRDA:991,26,1,0
BRDA:991,27,0,0
BRDA:991,27,1,0
BRDA:1033,28,0,0
BRDA:1033,28,1,0
BRF:49
BRH:0
end_of_record
TN:
SF:components/GameGrid.js
FN:35,(anonymous_0)
FN:54,(anonymous_1)
FN:84,(anonymous_2)
FN:93,(anonymous_3)
FN:133,(anonymous_4)
FN:144,(anonymous_5)
FN:146,(anonymous_6)
FN:158,(anonymous_7)
FN:167,(anonymous_8)
FN:189,(anonymous_9)
FN:206,(anonymous_10)
FN:211,(anonymous_11)
FN:237,(anonymous_12)
FN:240,(anonymous_13)
FN:244,(anonymous_14)
FN:290,(anonymous_15)
FN:332,(anonymous_16)
FN:423,(anonymous_17)
FN:451,(anonymous_18)
FN:513,(anonymous_19)
FNF:20
FNH:0
FNDA:0,(anonymous_0)
FNDA:0,(anonymous_1)
FNDA:0,(anonymous_2)
FNDA:0,(anonymous_3)
FNDA:0,(anonymous_4)
FNDA:0,(anonymous_5)
FNDA:0,(anonymous_6)
FNDA:0,(anonymous_7)
FNDA:0,(anonymous_8)
FNDA:0,(anonymous_9)
FNDA:0,(anonymous_10)
FNDA:0,(anonymous_11)
FNDA:0,(anonymous_12)
FNDA:0,(anonymous_13)
FNDA:0,(anonymous_14)
FNDA:0,(anonymous_15)
FNDA:0,(anonymous_16)
FNDA:0,(anonymous_17)
FNDA:0,(anonymous_18)
FNDA:0,(anonymous_19)
DA:23,0
DA:24,0
DA:32,0
DA:35,0
DA:36,0
DA:37,0
DA:38,0
DA:40,0
DA:41,0
DA:42,0
DA:49,0
DA:54,0
DA:55,0
DA:57,0
DA:58,0
DA:62,0
DA:63,0
DA:64,0
DA:69,0
DA:70,0
DA:72,0
DA:73,0
DA:74,0
DA:75,0
DA:76,0
DA:80,0
DA:84,0
DA:85,0
DA:86,0
DA:89,0
DA:93,0
DA:101,0
DA:107,0
DA:133,0
DA:140,0
DA:146,0
DA:147,0
DA:150,0
DA:158,0
DA:167,0
DA:183,0
DA:184,0
DA:187,0
DA:189,0
DA:190,0
DA:191,0
DA:205,0
DA:206,0
DA:211,0
DA:212,0
DA:214,0
DA:217,0
DA:220,0
DA:221,0
DA:231,0
DA:238,0
DA:240,0
DA:245,0
DA:291,0
DA:333,0
DA:424,0
DA:452,0
DA:515,0
DA:529,0
LF:64
LH:0
BRDA:25,0,0,0
BRDA:25,0,1,0
BRDA:26,1,0,0
BRDA:26,1,1,0
BRDA:27,2,0,0
BRDA:27,2,1,0
BRDA:28,3,0,0
BRDA:28,3,1,0
BRDA:36,4,0,0
BRDA:36,4,1,0
BRDA:36,5,0,0
BRDA:36,5,1,0
BRDA:55,6,0,0
BRDA:55,6,1,0
BRDA:63,7,0,0
BRDA:63,7,1,0
BRDA:63,8,0,0
BRDA:63,8,1,0
BRDA:74,9,0,0
BRDA:74,9,1,0
BRDA:85,10,0,0
BRDA:85,10,1,0
BRDA:85,11,0,0
BRDA:85,11,1,0
BRDA:103,12,0,0
BRDA:103,12,1,0
BRDA:104,13,0,0
BRDA:104,13,1,0
BRDA:114,14,0,0
BRDA:114,14,1,0
BRDA:142,15,0,0
BRDA:142,15,1,0
BRDA:147,16,0,0
BRDA:147,16,1,0
BRDA:181,17,0,0
BRDA:184,18,0,0
BRDA:184,18,1,0
BRDA:184,18,2,0
BRDA:184,18,3,0
BRDA:184,18,4,0
BRDA:190,19,0,0
BRDA:190,19,1,0
BRDA:212,20,0,0
BRDA:212,20,1,0
BRDA:220,21,0,0
BRDA:220,21,1,0
BRDA:244,22,0,0
BRDA:244,22,1,0
BRDA:244,23,0,0
BRDA:244,23,1,0
BRDA:262,24,0,0
BRDA:262,24,1,0
BRDA:262,24,2,0
BRDA:262,24,3,0
BRDA:262,24,4,0
BRDA:295,25,0,0
BRDA:295,25,1,0
BRDA:296,26,0,0
BRDA:296,26,1,0
BRDA:301,27,0,0
BRDA:301,27,1,0
BRDA:304,28,0,0
BRDA:304,28,1,0
BRDA:307,29,0,0
BRDA:307,29,1,0
BRDA:312,30,0,0
BRDA:312,30,1,0
BRDA:332,31,0,0
BRDA:332,31,1,0
BRDA:333,32,0,0
BRDA:333,32,1,0
BRDA:333,33,0,0
BRDA:333,33,1,0
BRDA:344,34,0,0
BRDA:344,34,1,0
BRDA:345,35,0,0
BRDA:345,35,1,0
BRDA:360,36,0,0
BRDA:360,36,1,0
BRDA:361,37,0,0
BRDA:361,37,1,0
BRDA:376,38,0,0
BRDA:376,38,1,0
BRDA:377,39,0,0
BRDA:377,39,1,0
BRDA:391,40,0,0
BRDA:391,40,1,0
BRDA:394,41,0,0
BRDA:394,41,1,0
BRDA:397,42,0,0
BRDA:397,42,1,0
BRDA:417,43,0,0
BRDA:417,43,1,0
BRDA:418,44,0,0
BRDA:418,44,1,0
BRDA:434,45,0,0
BRDA:434,45,1,0
BRDA:437,46,0,0
BRDA:437,46,1,0
BRDA:440,47,0,0
BRDA:440,47,1,0
BRDA:442,48,0,0
BRDA:442,48,1,0
BRDA:456,49,0,0
BRDA:456,49,1,0
BRDA:457,50,0,0
BRDA:457,50,1,0
BRDA:462,51,0,0
BRDA:462,51,1,0
BRDA:465,52,0,0
BRDA:465,52,1,0
BRDA:465,53,0,0
BRDA:465,53,1,0
BRDA:476,54,0,0
BRDA:476,54,1,0
BRDA:476,54,2,0
BRDA:476,54,3,0
BRDA:481,55,0,0
BRDA:481,55,1,0
BRDA:503,56,0,0
BRDA:503,56,1,0
BRDA:508,57,0,0
BRDA:508,57,1,0
BRDA:516,58,0,0
BRDA:516,58,1,0
BRDA:516,58,2,0
BRDA:516,58,3,0
BRDA:516,58,4,0
BRDA:516,58,5,0
BRDA:516,58,6,0
BRDA:516,58,7,0
BRDA:516,58,8,0
BRDA:516,58,9,0
BRDA:537,59,0,0
BRDA:537,59,1,0
BRDA:538,60,0,0
BRDA:538,60,1,0
BRDA:795,61,0,0
BRDA:795,61,1,0
BRF:139
BRH:0
end_of_record
TN:
SF:components/GameHeader.js
FN:8,(anonymous_0)
FNF:1
FNH:0
FNDA:0,(anonymous_0)
DA:5,0
DA:6,0
DA:8,0
DA:9,0
DA:38,0
LF:5
LH:0
BRDA:14,0,0,0
BRDA:14,0,1,0
BRDA:20,1,0,0
BRDA:20,1,1,0
BRDA:28,2,0,0
BRDA:28,2,1,0
BRDA:43,3,0,0
BRDA:43,3,1,0
BRDA:44,4,0,0
BRDA:44,4,1,0
BRDA:45,5,0,0
BRDA:45,5,1,0
BRDA:55,6,0,0
BRDA:55,6,1,0
BRDA:56,7,0,0
BRDA:56,7,1,0
BRDA:57,8,0,0
BRDA:57,8,1,0
BRDA:65,9,0,0
BRDA:65,9,1,0
BRDA:69,10,0,0
BRDA:69,10,1,0
BRDA:79,11,0,0
BRDA:79,11,1,0
BRDA:90,12,0,0
BRDA:90,12,1,0
BRDA:91,13,0,0
BRDA:91,13,1,0
BRDA:92,14,0,0
BRDA:92,14,1,0
BRDA:100,15,0,0
BRDA:100,15,1,0
BRDA:104,16,0,0
BRDA:104,16,1,0
BRDA:114,17,0,0
BRDA:114,17,1,0
BRDA:124,18,0,0
BRDA:124,18,1,0
BRDA:125,19,0,0
BRDA:125,19,1,0
BRDA:143,20,0,0
BRDA:143,20,1,0
BRF:42
BRH:0
end_of_record
TN:
SF:components/GameLogic.js
FN:20,(anonymous_0)
FN:31,(anonymous_1)
FN:61,(anonymous_2)
FN:92,(anonymous_3)
FN:96,(anonymous_4)
FN:99,(anonymous_5)
FN:134,(anonymous_6)
FN:167,(anonymous_7)
FN:175,(anonymous_8)
FN:182,(anonymous_9)
FN:188,(anonymous_10)
FN:216,(anonymous_11)
FN:217,(anonymous_12)
FN:221,(anonymous_13)
FN:227,(anonymous_14)
FN:233,(anonymous_15)
FN:234,(anonymous_16)
FN:270,(anonymous_17)
FN:319,(anonymous_18)
FN:341,(anonymous_19)
FN:346,(anonymous_20)
FN:405,(anonymous_21)
FN:434,(anonymous_22)
FN:449,(anonymous_23)
FN:491,(anonymous_24)
FN:568,(anonymous_25)
FN:584,(anonymous_26)
FN:610,(anonymous_27)
FN:635,(anonymous_28)
FN:677,(anonymous_29)
FN:702,(anonymous_30)
FN:755,(anonymous_31)
FN:803,(anonymous_32)
FN:810,(anonymous_33)
FN:816,(anonymous_34)
FN:844,(anonymous_35)
FN:873,(anonymous_36)
FN:880,(anonymous_37)
FN:887,(anonymous_38)
FN:899,(anonymous_39)
FN:900,(anonymous_40)
FN:909,(anonymous_41)
FN:924,(anonymous_42)
FN:925,(anonymous_43)
FN:934,(anonymous_44)
FN:967,(anonymous_45)
FN:979,(anonymous_46)
FN:988,(anonymous_47)
FN:993,(anonymous_48)
FN:1073,(anonymous_49)
FN:1076,(anonymous_50)
FN:1077,(anonymous_51)
FN:1171,(anonymous_52)
FN:1173,(anonymous_53)
FN:1176,(anonymous_54)
FN:1242,(anonymous_55)
FN:1244,(anonymous_56)
FN:1247,(anonymous_57)
FN:1329,(anonymous_58)
FN:1343,(anonymous_59)
FN:1365,(anonymous_60)
FN:1381,(anonymous_61)
FNF:62
FNH:0
FNDA:0,(anonymous_0)
FNDA:0,(anonymous_1)
FNDA:0,(anonymous_2)
FNDA:0,(anonymous_3)
FNDA:0,(anonymous_4)
FNDA:0,(anonymous_5)
FNDA:0,(anonymous_6)
FNDA:0,(anonymous_7)
FNDA:0,(anonymous_8)
FNDA:0,(anonymous_9)
FNDA:0,(anonymous_10)
FNDA:0,(anonymous_11)
FNDA:0,(anonymous_12)
FNDA:0,(anonymous_13)
FNDA:0,(anonymous_14)
FNDA:0,(anonymous_15)
FNDA:0,(anonymous_16)
FNDA:0,(anonymous_17)
FNDA:0,(anonymous_18)
FNDA:0,(anonymous_19)
FNDA:0,(anonymous_20)
FNDA:0,(anonymous_21)
FNDA:0,(anonymous_22)
FNDA:0,(anonymous_23)
FNDA:0,(anonymous_24)
FNDA:0,(anonymous_25)
FNDA:0,(anonymous_26)
FNDA:0,(anonymous_27)
FNDA:0,(anonymous_28)
FNDA:0,(anonymous_29)
FNDA:0,(anonymous_30)
FNDA:0,(anonymous_31)
FNDA:0,(anonymous_32)
FNDA:0,(anonymous_33)
FNDA:0,(anonymous_34)
FNDA:0,(anonymous_35)
FNDA:0,(anonymous_36)
FNDA:0,(anonymous_37)
FNDA:0,(anonymous_38)
FNDA:0,(anonymous_39)
FNDA:0,(anonymous_40)
FNDA:0,(anonymous_41)
FNDA:0,(anonymous_42)
FNDA:0,(anonymous_43)
FNDA:0,(anonymous_44)
FNDA:0,(anonymous_45)
FNDA:0,(anonymous_46)
FNDA:0,(anonymous_47)
FNDA:0,(anonymous_48)
FNDA:0,(anonymous_49)
FNDA:0,(anonymous_50)
FNDA:0,(anonymous_51)
FNDA:0,(anonymous_52)
FNDA:0,(anonymous_53)
FNDA:0,(anonymous_54)
FNDA:0,(anonymous_55)
FNDA:0,(anonymous_56)
FNDA:0,(anonymous_57)
FNDA:0,(anonymous_58)
FNDA:0,(anonymous_59)
FNDA:0,(anonymous_60)
FNDA:0,(anonymous_61)
DA:20,0
DA:21,0
DA:31,0
DA:33,0
DA:34,0
DA:38,0
DA:39,0
DA:41,0
DA:42,0
DA:45,0
DA:46,0
DA:47,0
DA:48,0
DA:61,0
DA:63,0
DA:64,0
DA:68,0
DA:69,0
DA:71,0
DA:72,0
DA:75,0
DA:76,0
DA:77,0
DA:78,0
DA:92,0
DA:93,0
DA:94,0
DA:96,0
DA:97,0
DA:99,0
DA:101,0
DA:104,0
DA:107,0
DA:108,0
DA:111,0
DA:112,0
DA:113,0
DA:114,0
DA:118,0
DA:120,0
DA:134,0
DA:135,0
DA:138,0
DA:139,0
DA:143,0
DA:144,0
DA:148,0
DA:150,0
DA:152,0
DA:156,0
DA:157,0
DA:160,0
DA:161,0
DA:162,0
DA:165,0
DA:167,0
DA:169,0
DA:170,0
DA:173,0
DA:175,0
DA:177,0
DA:178,0
DA:180,0
DA:182,0
DA:183,0
DA:184,0
DA:185,0
DA:188,0
DA:189,0
DA:190,0
DA:191,0
DA:193,0
DA:195,0
DA:196,0
DA:197,0
DA:198,0
DA:203,0
DA:204,0
DA:208,0
DA:209,0
DA:213,0
DA:216,0
DA:217,0
DA:219,0
DA:221,0
DA:222,0
DA:223,0
DA:224,0
DA:225,0
DA:227,0
DA:228,0
DA:229,0
DA:230,0
DA:233,0
DA:234,0
DA:237,0
DA:238,0
DA:240,0
DA:241,0
DA:242,0
DA:243,0
DA:244,0
DA:248,0
DA:249,0
DA:251,0
DA:253,0
DA:254,0
DA:255,0
DA:256,0
DA:257,0
DA:259,0
DA:265,0
DA:266,0
DA:270,0
DA:271,0
DA:279,0
DA:281,0
DA:282,0
DA:283,0
DA:286,0
DA:287,0
DA:288,0
DA:290,0
DA:291,0
DA:292,0
DA:295,0
DA:296,0
DA:298,0
DA:301,0
DA:319,0
DA:320,0
DA:321,0
DA:322,0
DA:325,0
DA:327,0
DA:329,0
DA:330,0
DA:331,0
DA:334,0
DA:335,0
DA:339,0
DA:341,0
DA:345,0
DA:346,0
DA:350,0
DA:353,0
DA:354,0
DA:356,0
DA:357,0
DA:358,0
DA:363,0
DA:364,0
DA:368,0
DA:369,0
DA:370,0
DA:372,0
DA:374,0
DA:379,0
DA:380,0
DA:392,0
DA:395,0
DA:396,0
DA:397,0
DA:398,0
DA:401,0
DA:404,0
DA:405,0
DA:408,0
DA:416,0
DA:418,0
DA:434,0
DA:436,0
DA:437,0
DA:440,0
DA:441,0
DA:444,0
DA:445,0
DA:449,0
DA:450,0
DA:453,0
DA:454,0
DA:455,0
DA:456,0
DA:457,0
DA:462,0
DA:463,0
DA:472,0
DA:475,0
DA:476,0
DA:480,0
DA:481,0
DA:482,0
DA:483,0
DA:484,0
DA:490,0
DA:491,0
DA:497,0
DA:499,0
DA:502,0
DA:504,0
DA:506,0
DA:518,0
DA:531,0
DA:533,0
DA:536,0
DA:540,0
DA:541,0
DA:546,0
DA:547,0
DA:549,0
DA:568,0
DA:571,0
DA:572,0
DA:575,0
DA:576,0
DA:579,0
DA:580,0
DA:584,0
DA:585,0
DA:588,0
DA:589,0
DA:590,0
DA:591,0
DA:592,0
DA:598,0
DA:600,0
DA:604,0
DA:605,0
DA:608,0
DA:610,0
DA:616,0
DA:618,0
DA:620,0
DA:624,0
DA:626,0
DA:632,0
DA:635,0
DA:639,0
DA:641,0
DA:644,0
DA:645,0
DA:649,0
DA:650,0
DA:652,0
DA:662,0
DA:669,0
DA:670,0
DA:677,0
DA:683,0
DA:685,0
DA:687,0
DA:691,0
DA:693,0
DA:699,0
DA:702,0
DA:706,0
DA:709,0
DA:711,0
DA:714,0
DA:715,0
DA:719,0
DA:720,0
DA:722,0
DA:733,0
DA:755,0
DA:757,0
DA:758,0
DA:762,0
DA:763,0
DA:766,0
DA:767,0
DA:770,0
DA:773,0
DA:774,0
DA:778,0
DA:782,0
DA:784,0
DA:786,0
DA:789,0
DA:792,0
DA:793,0
DA:796,0
DA:797,0
DA:798,0
DA:801,0
DA:803,0
DA:805,0
DA:806,0
DA:808,0
DA:810,0
DA:811,0
DA:812,0
DA:813,0
DA:816,0
DA:817,0
DA:818,0
DA:819,0
DA:821,0
DA:823,0
DA:824,0
DA:825,0
DA:826,0
DA:831,0
DA:832,0
DA:836,0
DA:837,0
DA:841,0
DA:844,0
DA:845,0
DA:846,0
DA:847,0
DA:848,0
DA:850,0
DA:851,0
DA:852,0
DA:853,0
DA:854,0
DA:856,0
DA:862,0
DA:863,0
DA:869,0
DA:870,0
DA:873,0
DA:880,0
DA:881,0
DA:885,0
DA:887,0
DA:888,0
DA:892,0
DA:896,0
DA:899,0
DA:900,0
DA:907,0
DA:909,0
DA:915,0
DA:918,0
DA:921,0
DA:924,0
DA:925,0
DA:932,0
DA:934,0
DA:941,0
DA:943,0
DA:953,0
DA:967,0
DA:969,0
DA:970,0
DA:974,0
DA:975,0
DA:979,0
DA:980,0
DA:981,0
DA:982,0
DA:985,0
DA:988,0
DA:993,0
DA:995,0
DA:996,0
DA:997,0
DA:998,0
DA:1001,0
DA:1005,0
DA:1006,0
DA:1011,0
DA:1012,0
DA:1013,0
DA:1014,0
DA:1015,0
DA:1020,0
DA:1021,0
DA:1023,0
DA:1025,0
DA:1026,0
DA:1029,0
DA:1033,0
DA:1040,0
DA:1041,0
DA:1042,0
DA:1045,0
DA:1046,0
DA:1050,0
DA:1052,0
DA:1065,0
DA:1066,0
DA:1067,0
DA:1070,0
DA:1071,0
DA:1073,0
DA:1076,0
DA:1077,0
DA:1078,0
DA:1080,0
DA:1081,0
DA:1082,0
DA:1085,0
DA:1086,0
DA:1090,0
DA:1091,0
DA:1092,0
DA:1093,0
DA:1094,0
DA:1095,0
DA:1103,0
DA:1113,0
DA:1116,0
DA:1117,0
DA:1118,0
DA:1127,0
DA:1128,0
DA:1130,0
DA:1132,0
DA:1133,0
DA:1136,0
DA:1137,0
DA:1141,0
DA:1142,0
DA:1144,0
DA:1145,0
DA:1146,0
DA:1147,0
DA:1150,0
DA:1154,0
DA:1156,0
DA:1163,0
DA:1165,0
DA:1166,0
DA:1167,0
DA:1168,0
DA:1171,0
DA:1173,0
DA:1174,0
DA:1176,0
DA:1179,0
DA:1180,0
DA:1184,0
DA:1185,0
DA:1186,0
DA:1187,0
DA:1188,0
DA:1189,0
DA:1190,0
DA:1196,0
DA:1207,0
DA:1208,0
DA:1211,0
DA:1212,0
DA:1213,0
DA:1216,0
DA:1220,0
DA:1228,0
DA:1229,0
DA:1234,0
DA:1235,0
DA:1236,0
DA:1237,0
DA:1238,0
DA:1239,0
DA:1242,0
DA:1244,0
DA:1245,0
DA:1247,0
DA:1250,0
DA:1251,0
DA:1255,0
DA:1256,0
DA:1257,0
DA:1258,0
DA:1259,0
DA:1260,0
DA:1261,0
DA:1267,0
DA:1278,0
DA:1279,0
DA:1282,0
DA:1283,0
DA:1284,0
DA:1287,0
DA:1291,0
DA:1296,0
DA:1302,0
DA:1303,0
DA:1307,0
DA:1316,0
DA:1317,0
DA:1320,0
DA:1329,0
DA:1330,0
DA:1331,0
DA:1332,0
DA:1343,0
DA:1345,0
DA:1346,0
DA:1350,0
DA:1351,0
DA:1352,0
DA:1353,0
DA:1354,0
DA:1356,0
DA:1357,0
DA:1358,0
DA:1360,0
DA:1365,0
DA:1377,0
DA:1381,0
DA:1383,0
DA:1384,0
DA:1388,0
DA:1390,0
DA:1392,0
DA:1401,0
LF:510
LH:0
BRDA:33,0,0,0
BRDA:33,0,1,0
BRDA:33,1,0,0
BRDA:33,1,1,0
BRDA:33,1,2,0
BRDA:41,2,0,0
BRDA:41,2,1,0
BRDA:45,3,0,0
BRDA:45,3,1,0
BRDA:63,4,0,0
BRDA:63,4,1,0
BRDA:63,5,0,0
BRDA:63,5,1,0
BRDA:63,5,2,0
BRDA:71,6,0,0
BRDA:71,6,1,0
BRDA:75,7,0,0
BRDA:75,7,1,0
BRDA:94,8,0,0
BRDA:94,8,1,0
BRDA:101,9,0,0
BRDA:101,9,1,0
BRDA:101,10,0,0
BRDA:101,10,1,0
BRDA:101,10,2,0
BRDA:101,10,3,0
BRDA:104,11,0,0
BRDA:104,11,1,0
BRDA:104,12,0,0
BRDA:104,12,1,0
BRDA:138,13,0,0
BRDA:138,13,1,0
BRDA:148,14,0,0
BRDA:148,14,1,0
BRDA:160,15,0,0
BRDA:160,15,1,0
BRDA:160,16,0,0
BRDA:160,16,1,0
BRDA:160,16,2,0
BRDA:165,17,0,0
BRDA:165,17,1,0
BRDA:166,18,0,0
BRDA:166,18,1,0
BRDA:166,18,2,0
BRDA:167,19,0,0
BRDA:167,19,1,0
BRDA:173,20,0,0
BRDA:173,20,1,0
BRDA:177,21,0,0
BRDA:177,21,1,0
BRDA:178,22,0,0
BRDA:178,22,1,0
BRDA:178,23,0,0
BRDA:178,23,1,0
BRDA:180,24,0,0
BRDA:180,24,1,0
BRDA:193,25,0,0
BRDA:193,25,1,0
BRDA:196,26,0,0
BRDA:196,26,1,0
BRDA:196,27,0,0
BRDA:196,27,1,0
BRDA:213,28,0,0
BRDA:213,28,1,0
BRDA:219,29,0,0
BRDA:219,29,1,0
BRDA:225,30,0,0
BRDA:225,30,1,0
BRDA:242,31,0,0
BRDA:242,31,1,0
BRDA:251,32,0,0
BRDA:251,32,1,0
BRDA:254,33,0,0
BRDA:254,33,1,0
BRDA:254,34,0,0
BRDA:254,34,1,0
BRDA:257,35,0,0
BRDA:257,35,1,0
BRDA:257,36,0,0
BRDA:257,36,1,0
BRDA:279,37,0,0
BRDA:279,37,1,0
BRDA:279,38,0,0
BRDA:279,38,1,0
BRDA:279,38,2,0
BRDA:287,39,0,0
BRDA:287,39,1,0
BRDA:290,40,0,0
BRDA:290,40,1,0
BRDA:319,41,0,0
BRDA:329,42,0,0
BRDA:329,42,1,0
BRDA:339,43,0,0
BRDA:339,43,1,0
BRDA:345,44,0,0
BRDA:345,44,1,0
BRDA:353,45,0,0
BRDA:353,45,1,0
BRDA:357,46,0,0
BRDA:357,46,1,0
BRDA:370,47,0,0
BRDA:370,47,1,0
BRDA:372,48,0,0
BRDA:372,48,1,0
BRDA:379,49,0,0
BRDA:379,49,1,0
BRDA:395,50,0,0
BRDA:395,50,1,0
BRDA:395,51,0,0
BRDA:395,51,1,0
BRDA:404,52,0,0
BRDA:404,52,1,0
BRDA:434,53,0,0
BRDA:436,54,0,0
BRDA:436,54,1,0
BRDA:436,55,0,0
BRDA:436,55,1,0
BRDA:436,55,2,0
BRDA:440,56,0,0
BRDA:440,56,1,0
BRDA:440,57,0,0
BRDA:440,57,1,0
BRDA:444,58,0,0
BRDA:444,58,1,0
BRDA:455,59,0,0
BRDA:455,59,1,0
BRDA:462,60,0,0
BRDA:462,60,1,0
BRDA:482,61,0,0
BRDA:482,61,1,0
BRDA:490,62,0,0
BRDA:490,62,1,0
BRDA:497,63,0,0
BRDA:497,63,1,0
BRDA:502,64,0,0
BRDA:502,64,1,0
BRDA:504,65,0,0
BRDA:504,65,1,0
BRDA:531,66,0,0
BRDA:531,66,1,0
BRDA:540,67,0,0
BRDA:540,67,1,0
BRDA:540,68,0,0
BRDA:540,68,1,0
BRDA:568,69,0,0
BRDA:571,70,0,0
BRDA:571,70,1,0
BRDA:571,71,0,0
BRDA:571,71,1,0
BRDA:571,71,2,0
BRDA:575,72,0,0
BRDA:575,72,1,0
BRDA:575,73,0,0
BRDA:575,73,1,0
BRDA:579,74,0,0
BRDA:579,74,1,0
BRDA:590,75,0,0
BRDA:590,75,1,0
BRDA:598,76,0,0
BRDA:598,76,1,0
BRDA:608,77,0,0
BRDA:608,77,1,0
BRDA:616,78,0,0
BRDA:616,78,1,0
BRDA:616,79,0,0
BRDA:616,79,1,0
BRDA:624,80,0,0
BRDA:624,80,1,0
BRDA:670,81,0,0
BRDA:670,81,1,0
BRDA:670,82,0,0
BRDA:670,82,1,0
BRDA:670,82,2,0
BRDA:670,82,3,0
BRDA:670,82,4,0
BRDA:683,83,0,0
BRDA:683,83,1,0
BRDA:691,84,0,0
BRDA:691,84,1,0
BRDA:755,85,0,0
BRDA:755,86,0,0
BRDA:755,87,0,0
BRDA:755,88,0,0
BRDA:757,89,0,0
BRDA:757,89,1,0
BRDA:762,90,0,0
BRDA:762,90,1,0
BRDA:762,91,0,0
BRDA:762,91,1,0
BRDA:762,91,2,0
BRDA:762,91,3,0
BRDA:767,92,0,0
BRDA:767,92,1,0
BRDA:773,93,0,0
BRDA:773,93,1,0
BRDA:782,94,0,0
BRDA:782,94,1,0
BRDA:796,95,0,0
BRDA:796,95,1,0
BRDA:796,96,0,0
BRDA:796,96,1,0
BRDA:796,96,2,0
BRDA:801,97,0,0
BRDA:801,97,1,0
BRDA:805,98,0,0
BRDA:805,98,1,0
BRDA:806,99,0,0
BRDA:806,99,1,0
BRDA:806,100,0,0
BRDA:806,100,1,0
BRDA:808,101,0,0
BRDA:808,101,1,0
BRDA:821,102,0,0
BRDA:821,102,1,0
BRDA:824,103,0,0
BRDA:824,103,1,0
BRDA:824,104,0,0
BRDA:824,104,1,0
BRDA:841,105,0,0
BRDA:841,105,1,0
BRDA:848,106,0,0
BRDA:848,106,1,0
BRDA:851,107,0,0
BRDA:851,107,1,0
BRDA:851,108,0,0
BRDA:851,108,1,0
BRDA:854,109,0,0
BRDA:854,109,1,0
BRDA:854,110,0,0
BRDA:854,110,1,0
BRDA:869,111,0,0
BRDA:869,111,1,0
BRDA:870,112,0,0
BRDA:870,112,1,0
BRDA:885,113,0,0
BRDA:885,113,1,0
BRDA:892,114,0,0
BRDA:892,114,1,0
BRDA:903,115,0,0
BRDA:903,115,1,0
BRDA:903,116,0,0
BRDA:903,116,1,0
BRDA:918,117,0,0
BRDA:918,117,1,0
BRDA:928,118,0,0
BRDA:928,118,1,0
BRDA:928,119,0,0
BRDA:928,119,1,0
BRDA:969,120,0,0
BRDA:969,120,1,0
BRDA:974,121,0,0
BRDA:974,121,1,0
BRDA:974,122,0,0
BRDA:974,122,1,0
BRDA:974,122,2,0
BRDA:974,122,3,0
BRDA:997,123,0,0
BRDA:997,123,1,0
BRDA:997,124,0,0
BRDA:997,124,1,0
BRDA:1013,125,0,0
BRDA:1013,125,1,0
BRDA:1021,126,0,0
BRDA:1021,126,1,0
BRDA:1023,127,0,0
BRDA:1023,127,1,0
BRDA:1029,128,0,0
BRDA:1029,128,1,0
BRDA:1042,129,0,0
BRDA:1042,129,1,0
BRDA:1042,130,0,0
BRDA:1042,130,1,0
BRDA:1042,130,2,0
BRDA:1042,130,3,0
BRDA:1042,130,4,0
BRDA:1050,131,0,0
BRDA:1050,131,1,0
BRDA:1066,132,0,0
BRDA:1066,132,1,0
BRDA:1067,133,0,0
BRDA:1067,133,1,0
BRDA:1071,134,0,0
BRDA:1071,134,1,0
BRDA:1080,135,0,0
BRDA:1080,135,1,0
BRDA:1081,136,0,0
BRDA:1081,136,1,0
BRDA:1090,137,0,0
BRDA:1090,137,1,0
BRDA:1091,138,0,0
BRDA:1091,138,1,0
BRDA:1092,139,0,0
BRDA:1092,139,1,0
BRDA:1094,140,0,0
BRDA:1094,140,1,0
BRDA:1116,141,0,0
BRDA:1116,141,1,0
BRDA:1130,142,0,0
BRDA:1130,142,1,0
BRDA:1141,143,0,0
BRDA:1141,143,1,0
BRDA:1145,144,0,0
BRDA:1145,144,1,0
BRDA:1154,145,0,0
BRDA:1154,145,1,0
BRDA:1165,146,0,0
BRDA:1165,146,1,0
BRDA:1165,147,0,0
BRDA:1165,147,1,0
BRDA:1165,147,2,0
BRDA:1165,147,3,0
BRDA:1166,148,0,0
BRDA:1166,148,1,0
BRDA:1168,149,0,0
BRDA:1168,149,1,0
BRDA:1185,150,0,0
BRDA:1185,150,1,0
BRDA:1186,151,0,0
BRDA:1186,151,1,0
BRDA:1187,152,0,0
BRDA:1187,152,1,0
BRDA:1189,153,0,0
BRDA:1189,153,1,0
BRDA:1207,154,0,0
BRDA:1207,154,1,0
BRDA:1208,155,0,0
BRDA:1208,155,1,0
BRDA:1228,156,0,0
BRDA:1228,156,1,0
BRDA:1234,157,0,0
BRDA:1234,157,1,0
BRDA:1237,158,0,0
BRDA:1237,158,1,0
BRDA:1239,159,0,0
BRDA:1239,159,1,0
BRDA:1256,160,0,0
BRDA:1256,160,1,0
BRDA:1257,161,0,0
BRDA:1257,161,1,0
BRDA:1258,162,0,0
BRDA:1258,162,1,0
BRDA:1260,163,0,0
BRDA:1260,163,1,0
BRDA:1278,164,0,0
BRDA:1278,164,1,0
BRDA:1279,165,0,0
BRDA:1279,165,1,0
BRDA:1296,166,0,0
BRDA:1296,166,1,0
BRDA:1302,167,0,0
BRDA:1302,167,1,0
BRDA:1316,168,0,0
BRDA:1316,168,1,0
BRDA:1330,169,0,0
BRDA:1330,169,1,0
BRDA:1345,170,0,0
BRDA:1345,170,1,0
BRDA:1352,171,0,0
BRDA:1352,171,1,0
BRDA:1354,172,0,0
BRDA:1354,172,1,0
BRDA:1383,173,0,0
BRDA:1383,173,1,0
BRDA:1390,174,0,0
BRDA:1390,174,1,0
BRDA:1390,175,0,0
BRDA:1390,175,1,0
BRF:367
BRH:0
end_of_record
TN:
SF:components/GameRules.js
FN:10,(anonymous_0)
FN:87,(anonymous_1)
FN:88,(anonymous_2)
FN:104,(anonymous_3)
FN:105,(anonymous_4)
FN:118,(anonymous_5)
FN:120,(anonymous_6)
FN:162,(anonymous_7)
FN:176,(anonymous_8)
FN:183,(anonymous_9)
FN:195,(anonymous_10)
FN:203,(anonymous_11)
FN:229,(anonymous_12)
FN:245,(anonymous_13)
FN:264,(anonymous_14)
FN:267,(anonymous_15)
FN:268,(anonymous_16)
FN:270,(anonymous_17)
FN:291,(anonymous_18)
FN:300,(anonymous_19)
FN:307,(anonymous_20)
FN:323,(anonymous_21)
FN:324,(anonymous_22)
FN:331,(anonymous_23)
FN:341,(anonymous_24)
FN:353,(anonymous_25)
FN:365,(anonymous_26)
FN:378,(anonymous_27)
FNF:28
FNH:5
FNDA:5,(anonymous_0)
FNDA:3,(anonymous_1)
FNDA:3,(anonymous_2)
FNDA:2,(anonymous_3)
FNDA:0,(anonymous_4)
FNDA:0,(anonymous_5)
FNDA:0,(anonymous_6)
FNDA:0,(anonymous_7)
FNDA:0,(anonymous_8)
FNDA:0,(anonymous_9)
FNDA:0,(anonymous_10)
FNDA:0,(anonymous_11)
FNDA:0,(anonymous_12)
FNDA:1,(anonymous_13)
FNDA:0,(anonymous_14)
FNDA:0,(anonymous_15)
FNDA:0,(anonymous_16)
FNDA:0,(anonymous_17)
FNDA:0,(anonymous_18)
FNDA:0,(anonymous_19)
FNDA:0,(anonymous_20)
FNDA:0,(anonymous_21)
FNDA:0,(anonymous_22)
FNDA:0,(anonymous_23)
FNDA:0,(anonymous_24)
FNDA:0,(anonymous_25)
FNDA:0,(anonymous_26)
FNDA:0,(anonymous_27)
DA:10,2
DA:11,5
DA:18,2
DA:21,2
DA:61,2
DA:87,3
DA:88,3
DA:104,2
DA:105,0
DA:118,0
DA:120,0
DA:157,2
DA:164,0
DA:166,0
DA:170,0
DA:177,0
DA:185,0
DA:186,0
DA:190,0
DA:191,0
DA:192,0
DA:195,0
DA:205,0
DA:206,0
DA:209,0
DA:210,0
DA:211,0
DA:215,0
DA:216,0
DA:218,0
DA:223,0
DA:230,0
DA:240,2
DA:246,1
DA:249,1
DA:250,1
DA:254,1
DA:255,0
DA:258,1
DA:265,0
DA:267,0
DA:268,0
DA:270,0
DA:273,0
DA:286,2
DA:292,0
DA:301,0
DA:308,0
DA:318,2
DA:324,0
DA:325,0
DA:332,0
DA:333,0
DA:334,0
DA:342,0
DA:343,0
DA:344,0
DA:347,0
DA:354,0
DA:355,0
DA:356,0
DA:359,0
DA:366,0
DA:367,0
DA:368,0
DA:369,0
DA:372,0
DA:379,0
DA:380,0
DA:381,0
DA:383,0
DA:384,0
DA:385,0
DA:386,0
LF:74
LH:17
BRDA:164,0,0,0
BRDA:164,0,1,0
BRDA:164,1,0,0
BRDA:164,1,1,0
BRDA:164,1,2,0
BRDA:164,1,3,0
BRDA:177,2,0,0
BRDA:177,2,1,0
BRDA:185,3,0,0
BRDA:185,3,1,0
BRDA:185,4,0,0
BRDA:185,4,1,0
BRDA:191,5,0,0
BRDA:191,5,1,0
BRDA:191,6,0,0
BRDA:191,6,1,0
BRDA:205,7,0,0
BRDA:205,7,1,0
BRDA:205,8,0,0
BRDA:205,8,1,0
BRDA:210,9,0,0
BRDA:210,9,1,0
BRDA:210,10,0,0
BRDA:210,10,1,0
BRDA:216,11,0,0
BRDA:216,11,1,0
BRDA:216,12,0,0
BRDA:216,12,1,0
BRDA:216,12,2,0
BRDA:216,12,3,0
BRDA:230,13,0,0
BRDA:230,13,1,0
BRDA:245,14,0,0
BRDA:245,15,0,0
BRDA:249,16,0,1
BRDA:249,16,1,0
BRDA:254,17,0,0
BRDA:254,17,1,1
BRDA:273,18,0,0
BRDA:273,18,1,0
BRDA:274,19,0,0
BRDA:274,19,1,0
BRDA:292,20,0,0
BRDA:292,20,1,0
BRDA:343,21,0,0
BRDA:343,21,1,0
BRDA:355,22,0,0
BRDA:355,22,1,0
BRDA:369,23,0,0
BRDA:369,23,1,0
BRDA:383,24,0,0
BRDA:383,24,1,0
BRDA:384,25,0,0
BRDA:384,25,1,0
BRDA:385,26,0,0
BRDA:385,26,1,0
BRF:56
BRH:2
end_of_record
TN:
SF:components/MovingStarfield.js
FN:7,(anonymous_0)
FN:11,(anonymous_1)
FN:39,(anonymous_2)
FN:44,(anonymous_3)
FN:69,(anonymous_4)
FN:112,(anonymous_5)
FN:129,(anonymous_6)
FN:138,(anonymous_7)
FN:139,(anonymous_8)
FN:168,(anonymous_9)
FN:175,(anonymous_10)
FN:176,(anonymous_11)
FN:180,(anonymous_12)
FN:189,(anonymous_13)
FN:209,(anonymous_14)
FNF:15
FNH:0
FNDA:0,(anonymous_0)
FNDA:0,(anonymous_1)
FNDA:0,(anonymous_2)
FNDA:0,(anonymous_3)
FNDA:0,(anonymous_4)
FNDA:0,(anonymous_5)
FNDA:0,(anonymous_6)
FNDA:0,(anonymous_7)
FNDA:0,(anonymous_8)
FNDA:0,(anonymous_9)
FNDA:0,(anonymous_10)
FNDA:0,(anonymous_11)
FNDA:0,(anonymous_12)
FNDA:0,(anonymous_13)
FNDA:0,(anonymous_14)
DA:4,0
DA:7,0
DA:8,0
DA:9,0
DA:11,0
DA:13,0
DA:22,0
DA:38,0
DA:39,0
DA:40,0
DA:41,0
DA:44,0
DA:45,0
DA:46,0
DA:47,0
DA:51,0
DA:69,0
DA:70,0
DA:73,0
DA:74,0
DA:75,0
DA:76,0
DA:77,0
DA:78,0
DA:79,0
DA:80,0
DA:81,0
DA:84,0
DA:85,0
DA:87,0
DA:100,0
DA:113,0
DA:129,0
DA:134,0
DA:135,0
DA:136,0
DA:138,0
DA:139,0
DA:140,0
DA:141,0
DA:142,0
DA:143,0
DA:144,0
DA:145,0
DA:146,0
DA:148,0
DA:149,0
DA:151,0
DA:163,0
DA:167,0
DA:168,0
DA:172,0
DA:175,0
DA:176,0
DA:177,0
DA:178,0
DA:179,0
DA:180,0
DA:183,0
DA:187,0
DA:189,0
DA:190,0
DA:191,0
DA:192,0
DA:197,0
DA:210,0
LF:66
LH:0
BRDA:7,0,0,0
BRDA:69,1,0,0
BRDA:69,2,0,0
BRDA:73,3,0,0
BRDA:73,3,1,0
BRDA:77,4,0,0
BRDA:77,4,1,0
BRDA:77,5,0,0
BRDA:77,5,1,0
BRDA:130,6,0,0
BRDA:131,7,0,0
BRDA:132,8,0,0
BRDA:142,9,0,0
BRDA:142,9,1,0
BRDA:142,10,0,0
BRDA:142,10,1,0
BRDA:177,11,0,0
BRDA:177,11,1,0
BRDA:191,12,0,0
BRDA:191,12,1,0
BRF:20
BRH:0
end_of_record
TN:
SF:components/ParticleSystem.js
FN:7,(anonymous_0)
FN:13,(anonymous_1)
FN:63,(anonymous_2)
FN:88,(anonymous_3)
FN:89,(anonymous_4)
FN:93,(anonymous_5)
FN:100,(anonymous_6)
FN:125,(anonymous_7)
FN:126,(anonymous_8)
FN:173,(anonymous_9)
FN:175,(anonymous_10)
FN:176,(anonymous_11)
FN:182,(anonymous_12)
FN:207,(anonymous_13)
FN:211,(anonymous_14)
FN:223,(anonymous_15)
FNF:16
FNH:0
FNDA:0,(anonymous_0)
FNDA:0,(anonymous_1)
FNDA:0,(anonymous_2)
FNDA:0,(anonymous_3)
FNDA:0,(anonymous_4)
FNDA:0,(anonymous_5)
FNDA:0,(anonymous_6)
FNDA:0,(anonymous_7)
FNDA:0,(anonymous_8)
FNDA:0,(anonymous_9)
FNDA:0,(anonymous_10)
FNDA:0,(anonymous_11)
FNDA:0,(anonymous_12)
FNDA:0,(anonymous_13)
FNDA:0,(anonymous_14)
FNDA:0,(anonymous_15)
DA:4,0
DA:7,0
DA:8,0
DA:9,0
DA:10,0
DA:11,0
DA:13,0
DA:14,0
DA:15,0
DA:17,0
DA:41,0
DA:63,0
DA:64,0
DA:66,0
DA:67,0
DA:68,0
DA:69,0
DA:70,0
DA:71,0
DA:72,0
DA:74,0
DA:88,0
DA:89,0
DA:90,0
DA:93,0
DA:96,0
DA:100,0
DA:101,0
DA:102,0
DA:105,0
DA:106,0
DA:107,0
DA:117,0
DA:118,0
DA:125,0
DA:126,0
DA:127,0
DA:129,0
DA:173,0
DA:175,0
DA:176,0
DA:180,0
DA:183,0
DA:185,0
DA:207,0
DA:208,0
DA:209,0
DA:211,0
DA:212,0
DA:224,0
DA:228,0
LF:51
LH:0
BRDA:63,0,0,0
BRDA:90,1,0,0
BRDA:90,1,1,0
BRDA:100,2,0,0
BRDA:105,3,0,0
BRDA:105,3,1,0
BRDA:224,4,0,0
BRDA:224,4,1,0
BRF:8
BRH:0
end_of_record
TN:
SF:components/PauseModal.js
FN:19,(anonymous_0)
FN:40,(anonymous_1)
FN:44,(anonymous_2)
FN:48,(anonymous_3)
FN:52,(anonymous_4)
FN:57,(anonymous_5)
FN:73,(anonymous_6)
FN:141,(anonymous_7)
FN:142,(anonymous_8)
FN:156,(anonymous_9)
FN:157,(anonymous_10)
FN:173,(anonymous_11)
FN:174,(anonymous_12)
FN:188,(anonymous_13)
FN:189,(anonymous_14)
FN:205,(anonymous_15)
FN:206,(anonymous_16)
FN:234,(anonymous_17)
FN:243,(anonymous_18)
FNF:19
FNH:0
FNDA:0,(anonymous_0)
FNDA:0,(anonymous_1)
FNDA:0,(anonymous_2)
FNDA:0,(anonymous_3)
FNDA:0,(anonymous_4)
FNDA:0,(anonymous_5)
FNDA:0,(anonymous_6)
FNDA:0,(anonymous_7)
FNDA:0,(anonymous_8)
FNDA:0,(anonymous_9)
FNDA:0,(anonymous_10)
FNDA:0,(anonymous_11)
FNDA:0,(anonymous_12)
FNDA:0,(anonymous_13)
FNDA:0,(anonymous_14)
FNDA:0,(anonymous_15)
FNDA:0,(anonymous_16)
FNDA:0,(anonymous_17)
FNDA:0,(anonymous_18)
DA:19,0
DA:27,0
DA:30,0
DA:31,0
DA:32,0
DA:35,0
DA:36,0
DA:37,0
DA:40,0
DA:41,0
DA:44,0
DA:45,0
DA:48,0
DA:49,0
DA:52,0
DA:53,0
DA:54,0
DA:57,0
DA:58,0
DA:59,0
DA:61,0
DA:62,0
DA:65,0
DA:69,0
DA:73,0
DA:74,0
DA:77,0
DA:80,0
DA:81,0
DA:83,0
DA:85,0
DA:88,0
DA:89,0
DA:93,0
DA:96,0
DA:99,0
DA:100,0
DA:102,0
DA:108,0
DA:111,0
DA:113,0
DA:114,0
DA:119,0
DA:141,0
DA:142,0
DA:157,0
DA:159,0
DA:160,0
DA:162,0
DA:164,0
DA:165,0
DA:169,0
DA:173,0
DA:174,0
DA:189,0
DA:191,0
DA:192,0
DA:194,0
DA:196,0
DA:197,0
DA:201,0
DA:205,0
DA:206,0
DA:234,0
DA:243,0
DA:256,0
LF:66
LH:0
BRDA:61,0,0,0
BRDA:61,0,1,0
BRDA:88,1,0,0
BRDA:88,1,1,0
BRDA:99,2,0,0
BRDA:99,2,1,0
BRDA:113,3,0,0
BRDA:113,3,1,0
BRDA:138,4,0,0
BRDA:138,4,1,0
BRDA:144,5,0,0
BRDA:144,5,1,0
BRDA:146,6,0,0
BRDA:146,6,1,0
BRDA:146,7,0,0
BRDA:146,7,1,0
BRDA:154,8,0,0
BRDA:154,8,1,0
BRDA:176,9,0,0
BRDA:176,9,1,0
BRDA:178,10,0,0
BRDA:178,10,1,0
BRDA:178,11,0,0
BRDA:178,11,1,0
BRDA:186,12,0,0
BRDA:186,12,1,0
BRDA:208,13,0,0
BRDA:208,13,1,0
BRDA:210,14,0,0
BRDA:210,14,1,0
BRDA:210,15,0,0
BRDA:210,15,1,0
BRF:32
BRH:0
end_of_record
TN:
SF:components/PlanetTile.js
FN:18,(anonymous_0)
FN:27,(anonymous_1)
FN:60,(anonymous_2)
FN:258,(anonymous_3)
FN:259,(anonymous_4)
FN:278,(anonymous_5)
FN:717,(anonymous_6)
FN:1028,(anonymous_7)
FN:1031,(anonymous_8)
FN:1078,(anonymous_9)
FN:1292,(anonymous_10)
FN:1315,(anonymous_11)
FNF:12
FNH:0
FNDA:0,(anonymous_0)
FNDA:0,(anonymous_1)
FNDA:0,(anonymous_2)
FNDA:0,(anonymous_3)
FNDA:0,(anonymous_4)
FNDA:0,(anonymous_5)
FNDA:0,(anonymous_6)
FNDA:0,(anonymous_7)
FNDA:0,(anonymous_8)
FNDA:0,(anonymous_9)
FNDA:0,(anonymous_10)
FNDA:0,(anonymous_11)
DA:18,0
DA:19,0
DA:20,0
DA:21,0
DA:24,0
DA:25,0
DA:27,0
DA:28,0
DA:30,0
DA:39,0
DA:40,0
DA:41,0
DA:55,0
DA:58,0
DA:60,0
DA:61,0
DA:62,0
DA:63,0
DA:69,0
DA:71,0
DA:80,0
DA:81,0
DA:86,0
DA:258,0
DA:259,0
DA:260,0
DA:263,0
DA:264,0
DA:275,0
DA:278,0
DA:279,0
DA:281,0
DA:291,0
DA:301,0
DA:311,0
DA:321,0
DA:331,0
DA:341,0
DA:351,0
DA:361,0
DA:371,0
DA:382,0
DA:392,0
DA:402,0
DA:414,0
DA:425,0
DA:437,0
DA:449,0
DA:452,0
DA:453,0
DA:517,0
DA:518,0
DA:585,0
DA:586,0
DA:656,0
DA:657,0
DA:661,0
DA:717,0
DA:718,0
DA:720,0
DA:745,0
DA:771,0
DA:808,0
DA:934,0
DA:963,0
DA:993,0
DA:1023,0
DA:1028,0
DA:1029,0
DA:1032,0
DA:1033,0
DA:1034,0
DA:1039,0
DA:1078,0
DA:1080,0
DA:1082,0
DA:1293,0
DA:1316,0
LF:78
LH:0
BRDA:18,0,0,0
BRDA:18,1,0,0
BRDA:18,2,0,0
BRDA:18,3,0,0
BRDA:24,4,0,0
BRDA:24,4,1,0
BRDA:28,5,0,0
BRDA:28,5,1,0
BRDA:28,6,0,0
BRDA:28,6,1,0
BRDA:40,7,0,0
BRDA:40,7,1,0
BRDA:40,8,0,0
BRDA:40,8,1,0
BRDA:62,9,0,0
BRDA:62,9,1,0
BRDA:62,10,0,0
BRDA:62,10,1,0
BRDA:69,11,0,0
BRDA:69,11,1,0
BRDA:106,12,0,0
BRDA:106,12,1,0
BRDA:107,13,0,0
BRDA:107,13,1,0
BRDA:108,14,0,0
BRDA:108,14,1,0
BRDA:109,15,0,0
BRDA:109,15,1,0
BRDA:110,16,0,0
BRDA:110,16,1,0
BRDA:123,17,0,0
BRDA:123,17,1,0
BRDA:123,17,2,0
BRDA:139,18,0,0
BRDA:139,18,1,0
BRDA:139,18,2,0
BRDA:158,19,0,0
BRDA:158,19,1,0
BRDA:158,19,2,0
BRDA:215,20,0,0
BRDA:215,20,1,0
BRDA:215,21,0,0
BRDA:215,21,1,0
BRDA:216,22,0,0
BRDA:216,22,1,0
BRDA:216,23,0,0
BRDA:216,23,1,0
BRDA:217,24,0,0
BRDA:217,24,1,0
BRDA:217,25,0,0
BRDA:217,25,1,0
BRDA:218,26,0,0
BRDA:218,26,1,0
BRDA:224,27,0,0
BRDA:224,27,1,0
BRDA:224,27,2,0
BRDA:224,27,3,0
BRDA:258,28,0,0
BRDA:263,29,0,0
BRDA:263,29,1,0
BRDA:279,30,0,0
BRDA:279,30,1,0
BRDA:279,30,2,0
BRDA:279,30,3,0
BRDA:279,30,4,0
BRDA:279,30,5,0
BRDA:279,30,6,0
BRDA:279,30,7,0
BRDA:279,30,8,0
BRDA:279,30,9,0
BRDA:279,30,10,0
BRDA:279,30,11,0
BRDA:279,30,12,0
BRDA:279,30,13,0
BRDA:279,30,14,0
BRDA:279,30,15,0
BRDA:440,31,0,0
BRDA:440,31,1,0
BRDA:442,32,0,0
BRDA:442,32,1,0
BRDA:443,33,0,0
BRDA:443,33,1,0
BRDA:452,34,0,0
BRDA:452,34,1,0
BRDA:517,35,0,0
BRDA:517,35,1,0
BRDA:585,36,0,0
BRDA:585,36,1,0
BRDA:656,37,0,0
BRDA:656,37,1,0
BRDA:656,38,0,0
BRDA:656,38,1,0
BRDA:671,39,0,0
BRDA:671,39,1,0
BRDA:672,40,0,0
BRDA:672,40,1,0
BRDA:718,41,0,0
BRDA:718,41,1,0
BRDA:718,41,2,0
BRDA:718,41,3,0
BRDA:718,41,4,0
BRDA:718,41,5,0
BRDA:718,41,6,0
BRDA:718,41,7,0
BRF:104
BRH:0
end_of_record
TN:
SF:components/PowerUpSystem.js
FN:75,(anonymous_0)
FN:79,(anonymous_1)
FN:98,(anonymous_2)
FN:102,(anonymous_3)
FN:122,(anonymous_4)
FN:171,(anonymous_5)
FN:181,(anonymous_6)
FN:183,(anonymous_7)
FN:194,(anonymous_8)
FN:195,(anonymous_9)
FN:196,(anonymous_10)
FN:200,(anonymous_11)
FN:219,(anonymous_12)
FN:222,(anonymous_13)
FN:231,(anonymous_14)
FN:249,(anonymous_15)
FN:253,(anonymous_16)
FN:258,(anonymous_17)
FN:263,(anonymous_18)
FN:268,(anonymous_19)
FN:273,(anonymous_20)
FN:278,(anonymous_21)
FN:283,(anonymous_22)
FN:293,(anonymous_23)
FN:303,(anonymous_24)
FNF:25
FNH:0
FNDA:0,(anonymous_0)
FNDA:0,(anonymous_1)
FNDA:0,(anonymous_2)
FNDA:0,(anonymous_3)
FNDA:0,(anonymous_4)
FNDA:0,(anonymous_5)
FNDA:0,(anonymous_6)
FNDA:0,(anonymous_7)
FNDA:0,(anonymous_8)
FNDA:0,(anonymous_9)
FNDA:0,(anonymous_10)
FNDA:0,(anonymous_11)
FNDA:0,(anonymous_12)
FNDA:0,(anonymous_13)
FNDA:0,(anonymous_14)
FNDA:0,(anonymous_15)
FNDA:0,(anonymous_16)
FNDA:0,(anonymous_17)
FNDA:0,(anonymous_18)
FNDA:0,(anonymous_19)
FNDA:0,(anonymous_20)
FNDA:0,(anonymous_21)
FNDA:0,(anonymous_22)
FNDA:0,(anonymous_23)
FNDA:0,(anonymous_24)
DA:6,0
DA:75,0
DA:76,0
DA:77,0
DA:79,0
DA:80,0
DA:82,0
DA:96,0
DA:98,0
DA:102,0
DA:103,0
DA:106,0
DA:119,0
DA:122,0
DA:123,0
DA:124,0
DA:125,0
DA:126,0
DA:129,0
DA:171,0
DA:177,0
DA:178,0
DA:181,0
DA:182,0
DA:183,0
DA:184,0
DA:190,0
DA:194,0
DA:195,0
DA:196,0
DA:197,0
DA:198,0
DA:200,0
DA:201,0
DA:202,0
DA:204,0
DA:205,0
DA:206,0
DA:208,0
DA:209,0
DA:210,0
DA:215,0
DA:219,0
DA:222,0
DA:223,0
DA:224,0
DA:227,0
DA:228,0
DA:231,0
DA:241,0
DA:244,0
DA:245,0
DA:249,0
DA:250,0
DA:253,0
DA:254,0
DA:258,0
DA:259,0
DA:263,0
DA:264,0
DA:268,0
DA:269,0
DA:273,0
DA:274,0
DA:278,0
DA:279,0
DA:283,0
DA:284,0
DA:285,0
DA:287,0
DA:289,0
DA:290,0
DA:293,0
DA:295,0
DA:304,0
DA:305,0
DA:306,0
DA:307,0
DA:309,0
DA:334,0
LF:80
LH:0
BRDA:80,0,0,0
BRDA:80,0,1,0
BRDA:80,1,0,0
BRDA:80,1,1,0
BRDA:103,2,0,0
BRDA:103,2,1,0
BRDA:103,3,0,0
BRDA:103,3,1,0
BRDA:126,4,0,0
BRDA:126,4,1,0
BRDA:134,5,0,0
BRDA:134,5,1,0
BRDA:135,6,0,0
BRDA:135,6,1,0
BRDA:138,7,0,0
BRDA:138,7,1,0
BRDA:147,8,0,0
BRDA:147,8,1,0
BRDA:152,9,0,0
BRDA:152,9,1,0
BRDA:152,9,2,0
BRDA:162,10,0,0
BRDA:162,10,1,0
BRDA:162,10,2,0
BRDA:172,11,0,0
BRDA:174,12,0,0
BRDA:204,13,0,0
BRDA:204,13,1,0
BRDA:204,14,0,0
BRDA:204,14,1,0
BRDA:208,15,0,0
BRDA:208,15,1,0
BRDA:215,16,0,0
BRDA:215,16,1,0
BRDA:224,17,0,0
BRDA:224,17,1,0
BRDA:224,18,0,0
BRDA:224,18,1,0
BRDA:227,19,0,0
BRDA:227,19,1,0
BRDA:244,20,0,0
BRDA:244,20,1,0
BRDA:250,21,0,0
BRDA:250,21,1,0
BRDA:250,21,2,0
BRDA:250,21,3,0
BRDA:250,21,4,0
BRDA:250,21,5,0
BRDA:287,22,0,0
BRDA:287,22,1,0
BRDA:287,23,0,0
BRDA:287,23,1,0
BRDA:305,24,0,0
BRDA:305,24,1,0
BRDA:307,25,0,0
BRDA:307,25,1,0
BRDA:323,26,0,0
BRDA:323,26,1,0
BRF:58
BRH:0
end_of_record
TN:
SF:components/SocialSystem.js
FN:6,(anonymous_0)
FN:10,(anonymous_1)
FN:21,(anonymous_2)
FN:27,(anonymous_3)
FN:41,(anonymous_4)
FN:48,(anonymous_5)
FN:61,(anonymous_6)
FN:105,(anonymous_7)
FN:114,(anonymous_8)
FN:133,(anonymous_9)
FN:147,(anonymous_10)
FN:161,(anonymous_11)
FN:180,(anonymous_12)
FN:190,(anonymous_13)
FN:195,(anonymous_14)
FN:207,(anonymous_15)
FN:222,(anonymous_16)
FN:271,(anonymous_17)
FN:285,(anonymous_18)
FN:289,(anonymous_19)
FNF:20
FNH:0
FNDA:0,(anonymous_0)
FNDA:0,(anonymous_1)
FNDA:0,(anonymous_2)
FNDA:0,(anonymous_3)
FNDA:0,(anonymous_4)
FNDA:0,(anonymous_5)
FNDA:0,(anonymous_6)
FNDA:0,(anonymous_7)
FNDA:0,(anonymous_8)
FNDA:0,(anonymous_9)
FNDA:0,(anonymous_10)
FNDA:0,(anonymous_11)
FNDA:0,(anonymous_12)
FNDA:0,(anonymous_13)
FNDA:0,(anonymous_14)
FNDA:0,(anonymous_15)
FNDA:0,(anonymous_16)
FNDA:0,(anonymous_17)
FNDA:0,(anonymous_18)
FNDA:0,(anonymous_19)
DA:6,0
DA:7,0
DA:10,0
DA:11,0
DA:20,0
DA:21,0
DA:22,0
DA:23,0
DA:25,0
DA:27,0
DA:28,0
DA:33,0
DA:36,0
DA:38,0
DA:42,0
DA:48,0
DA:62,0
DA:105,0
DA:111,0
DA:112,0
DA:114,0
DA:115,0
DA:116,0
DA:118,0
DA:119,0
DA:125,0
DA:126,0
DA:129,0
DA:133,0
DA:134,0
DA:136,0
DA:137,0
DA:143,0
DA:147,0
DA:148,0
DA:150,0
DA:151,0
DA:157,0
DA:161,0
DA:163,0
DA:164,0
DA:167,0
DA:172,0
DA:175,0
DA:180,0
DA:190,0
DA:195,0
DA:207,0
DA:222,0
DA:271,0
DA:286,0
DA:289,0
DA:309,0
LF:53
LH:0
BRDA:6,0,0,0
BRDA:20,1,0,0
BRDA:20,1,1,0
BRDA:22,2,0,0
BRDA:22,2,1,0
BRDA:46,3,0,0
BRDA:46,3,1,0
BRDA:52,4,0,0
BRDA:52,4,1,0
BRDA:66,5,0,0
BRDA:66,5,1,0
BRDA:67,6,0,0
BRDA:67,6,1,0
BRDA:73,7,0,0
BRDA:73,7,1,0
BRDA:75,8,0,0
BRDA:75,8,1,0
BRDA:75,9,0,0
BRDA:75,9,1,0
BRDA:75,10,0,0
BRDA:75,10,1,0
BRDA:82,11,0,0
BRDA:82,11,1,0
BRDA:93,12,0,0
BRDA:93,12,1,0
BRDA:106,13,0,0
BRDA:107,14,0,0
BRDA:108,15,0,0
BRDA:125,16,0,0
BRDA:125,16,1,0
BRDA:163,17,0,0
BRDA:163,17,1,0
BRDA:163,18,0,0
BRDA:163,18,1,0
BRDA:163,18,2,0
BRDA:172,19,0,0
BRDA:172,19,1,0
BRDA:205,20,0,0
BRDA:205,20,1,0
BRDA:211,21,0,0
BRDA:211,21,1,0
BRDA:220,22,0,0
BRDA:220,22,1,0
BRDA:226,23,0,0
BRDA:226,23,1,0
BRDA:234,24,0,0
BRDA:234,24,1,0
BRDA:282,25,0,0
BRDA:282,25,1,0
BRF:49
BRH:0
end_of_record
TN:
SF:components/SolarSystemView.js
FN:160,(anonymous_0)
FN:179,(anonymous_1)
FN:187,(anonymous_2)
FN:192,(anonymous_3)
FN:203,(anonymous_4)
FN:207,(anonymous_5)
FN:224,(anonymous_6)
FN:242,(anonymous_7)
FN:262,(anonymous_8)
FN:268,(anonymous_9)
FN:331,(anonymous_10)
FN:459,(anonymous_11)
FN:463,(anonymous_12)
FN:488,(anonymous_13)
FN:565,(anonymous_14)
FN:582,(anonymous_15)
FN:614,(anonymous_16)
FN:642,(anonymous_17)
FN:670,(anonymous_18)
FN:686,(anonymous_19)
FN:687,(anonymous_20)
FN:707,(anonymous_21)
FN:714,(anonymous_22)
FN:717,(anonymous_23)
FN:727,(anonymous_24)
FN:758,(anonymous_25)
FN:759,(anonymous_26)
FN:769,(anonymous_27)
FN:776,(anonymous_28)
FN:779,(anonymous_29)
FN:789,(anonymous_30)
FN:832,(anonymous_31)
FN:835,(anonymous_32)
FN:845,(anonymous_33)
FN:887,(anonymous_34)
FN:911,(anonymous_35)
FN:935,(anonymous_36)
FN:938,(anonymous_37)
FN:950,(anonymous_38)
FN:992,(anonymous_39)
FN:996,(anonymous_40)
FN:1024,(anonymous_41)
FN:1082,(anonymous_42)
FN:1083,(anonymous_43)
FN:1093,(anonymous_44)
FN:1100,(anonymous_45)
FN:1104,(anonymous_46)
FN:1138,(anonymous_47)
FNF:48
FNH:0
FNDA:0,(anonymous_0)
FNDA:0,(anonymous_1)
FNDA:0,(anonymous_2)
FNDA:0,(anonymous_3)
FNDA:0,(anonymous_4)
FNDA:0,(anonymous_5)
FNDA:0,(anonymous_6)
FNDA:0,(anonymous_7)
FNDA:0,(anonymous_8)
FNDA:0,(anonymous_9)
FNDA:0,(anonymous_10)
FNDA:0,(anonymous_11)
FNDA:0,(anonymous_12)
FNDA:0,(anonymous_13)
FNDA:0,(anonymous_14)
FNDA:0,(anonymous_15)
FNDA:0,(anonymous_16)
FNDA:0,(anonymous_17)
FNDA:0,(anonymous_18)
FNDA:0,(anonymous_19)
FNDA:0,(anonymous_20)
FNDA:0,(anonymous_21)
FNDA:0,(anonymous_22)
FNDA:0,(anonymous_23)
FNDA:0,(anonymous_24)
FNDA:0,(anonymous_25)
FNDA:0,(anonymous_26)
FNDA:0,(anonymous_27)
FNDA:0,(anonymous_28)
FNDA:0,(anonymous_29)
FNDA:0,(anonymous_30)
FNDA:0,(anonymous_31)
FNDA:0,(anonymous_32)
FNDA:0,(anonymous_33)
FNDA:0,(anonymous_34)
FNDA:0,(anonymous_35)
FNDA:0,(anonymous_36)
FNDA:0,(anonymous_37)
FNDA:0,(anonymous_38)
FNDA:0,(anonymous_39)
FNDA:0,(anonymous_40)
FNDA:0,(anonymous_41)
FNDA:0,(anonymous_42)
FNDA:0,(anonymous_43)
FNDA:0,(anonymous_44)
FNDA:0,(anonymous_45)
FNDA:0,(anonymous_46)
FNDA:0,(anonymous_47)
DA:14,0
DA:17,0
DA:160,0
DA:161,0
DA:180,0
DA:188,0
DA:193,0
DA:203,0
DA:204,0
DA:208,0
DA:225,0
DA:243,0
DA:262,0
DA:263,0
DA:264,0
DA:265,0
DA:266,0
DA:268,0
DA:270,0
DA:286,0
DA:295,0
DA:311,0
DA:326,0
DA:327,0
DA:328,0
DA:329,0
DA:331,0
DA:332,0
DA:333,0
DA:334,0
DA:335,0
DA:339,0
DA:344,0
DA:346,0
DA:459,0
DA:460,0
DA:461,0
DA:463,0
DA:465,0
DA:474,0
DA:483,0
DA:485,0
DA:486,0
DA:488,0
DA:489,0
DA:490,0
DA:494,0
DA:499,0
DA:504,0
DA:506,0
DA:566,0
DA:582,0
DA:583,0
DA:614,0
DA:615,0
DA:642,0
DA:643,0
DA:670,0
DA:671,0
DA:686,0
DA:687,0
DA:688,0
DA:689,0
DA:690,0
DA:691,0
DA:692,0
DA:694,0
DA:705,0
DA:708,0
DA:714,0
DA:715,0
DA:717,0
DA:718,0
DA:726,0
DA:727,0
DA:730,0
DA:735,0
DA:758,0
DA:759,0
DA:760,0
DA:761,0
DA:762,0
DA:764,0
DA:767,0
DA:770,0
DA:776,0
DA:777,0
DA:779,0
DA:780,0
DA:788,0
DA:789,0
DA:792,0
DA:800,0
DA:808,0
DA:813,0
DA:832,0
DA:833,0
DA:835,0
DA:836,0
DA:844,0
DA:845,0
DA:848,0
DA:853,0
DA:887,0
DA:888,0
DA:911,0
DA:912,0
DA:935,0
DA:936,0
DA:938,0
DA:939,0
DA:947,0
DA:948,0
DA:950,0
DA:953,0
DA:958,0
DA:992,0
DA:993,0
DA:994,0
DA:996,0
DA:997,0
DA:1005,0
DA:1020,0
DA:1021,0
DA:1022,0
DA:1024,0
DA:1025,0
DA:1026,0
DA:1030,0
DA:1035,0
DA:1082,0
DA:1083,0
DA:1091,0
DA:1094,0
DA:1100,0
DA:1101,0
DA:1102,0
DA:1104,0
DA:1105,0
DA:1120,0
DA:1135,0
DA:1136,0
DA:1138,0
DA:1139,0
DA:1140,0
DA:1144,0
DA:1149,0
DA:1154,0
LF:148
LH:0
BRDA:160,0,0,0
BRDA:160,1,0,0
BRDA:215,2,0,0
BRDA:215,2,1,0
BRDA:216,3,0,0
BRDA:216,3,1,0
BRDA:518,4,0,0
BRDA:518,4,1,0
BRDA:541,5,0,0
BRDA:541,5,1,0
BRDA:542,6,0,0
BRDA:542,6,1,0
BRDA:544,7,0,0
BRDA:544,7,1,0
BRDA:545,8,0,0
BRDA:545,8,1,0
BRDA:546,9,0,0
BRDA:546,9,1,0
BRDA:549,10,0,0
BRDA:549,10,1,0
BRDA:557,11,0,0
BRDA:557,11,1,0
BRDA:558,12,0,0
BRDA:558,12,1,0
BRDA:559,13,0,0
BRDA:559,13,1,0
BRDA:560,14,0,0
BRDA:560,14,1,0
BRDA:561,15,0,0
BRDA:561,15,1,0
BRDA:565,16,0,0
BRDA:565,16,1,0
BRDA:586,17,0,0
BRDA:586,17,1,0
BRF:34
BRH:0
end_of_record
TN:
SF:components/SpaceBackground.js
FN:16,(anonymous_0)
FN:44,(anonymous_1)
FN:71,(anonymous_2)
FN:72,(anonymous_3)
FN:73,(anonymous_4)
FN:91,(anonymous_5)
FN:111,(anonymous_6)
FN:112,(anonymous_7)
FN:113,(anonymous_8)
FN:132,(anonymous_9)
FN:140,(anonymous_10)
FN:143,(anonymous_11)
FN:159,(anonymous_12)
FN:161,(anonymous_13)
FN:181,(anonymous_14)
FN:182,(anonymous_15)
FN:183,(anonymous_16)
FN:186,(anonymous_17)
FN:210,(anonymous_18)
FN:212,(anonymous_19)
FN:234,(anonymous_20)
FN:235,(anonymous_21)
FN:236,(anonymous_22)
FN:261,(anonymous_23)
FN:269,(anonymous_24)
FN:273,(anonymous_25)
FN:300,(anonymous_26)
FN:343,(anonymous_27)
FN:344,(anonymous_28)
FN:345,(anonymous_29)
FN:367,(anonymous_30)
FN:375,(anonymous_31)
FN:379,(anonymous_32)
FN:413,(anonymous_33)
FN:432,(anonymous_34)
FN:472,(anonymous_35)
FN:473,(anonymous_36)
FN:474,(anonymous_37)
FN:495,(anonymous_38)
FN:503,(anonymous_39)
FN:506,(anonymous_40)
FN:517,(anonymous_41)
FN:543,(anonymous_42)
FN:544,(anonymous_43)
FN:545,(anonymous_44)
FN:563,(anonymous_45)
FN:583,(anonymous_46)
FN:584,(anonymous_47)
FN:585,(anonymous_48)
FN:604,(anonymous_49)
FN:612,(anonymous_50)
FN:615,(anonymous_51)
FN:633,(anonymous_52)
FN:669,(anonymous_53)
FN:670,(anonymous_54)
FN:697,(anonymous_55)
FN:716,(anonymous_56)
FN:717,(anonymous_57)
FN:735,(anonymous_58)
FN:738,(anonymous_59)
FN:754,(anonymous_60)
FN:758,(anonymous_61)
FNF:62
FNH:0
FNDA:0,(anonymous_0)
FNDA:0,(anonymous_1)
FNDA:0,(anonymous_2)
FNDA:0,(anonymous_3)
FNDA:0,(anonymous_4)
FNDA:0,(anonymous_5)
FNDA:0,(anonymous_6)
FNDA:0,(anonymous_7)
FNDA:0,(anonymous_8)
FNDA:0,(anonymous_9)
FNDA:0,(anonymous_10)
FNDA:0,(anonymous_11)
FNDA:0,(anonymous_12)
FNDA:0,(anonymous_13)
FNDA:0,(anonymous_14)
FNDA:0,(anonymous_15)
FNDA:0,(anonymous_16)
FNDA:0,(anonymous_17)
FNDA:0,(anonymous_18)
FNDA:0,(anonymous_19)
FNDA:0,(anonymous_20)
FNDA:0,(anonymous_21)
FNDA:0,(anonymous_22)
FNDA:0,(anonymous_23)
FNDA:0,(anonymous_24)
FNDA:0,(anonymous_25)
FNDA:0,(anonymous_26)
FNDA:0,(anonymous_27)
FNDA:0,(anonymous_28)
FNDA:0,(anonymous_29)
FNDA:0,(anonymous_30)
FNDA:0,(anonymous_31)
FNDA:0,(anonymous_32)
FNDA:0,(anonymous_33)
FNDA:0,(anonymous_34)
FNDA:0,(anonymous_35)
FNDA:0,(anonymous_36)
FNDA:0,(anonymous_37)
FNDA:0,(anonymous_38)
FNDA:0,(anonymous_39)
FNDA:0,(anonymous_40)
FNDA:0,(anonymous_41)
FNDA:0,(anonymous_42)
FNDA:0,(anonymous_43)
FNDA:0,(anonymous_44)
FNDA:0,(anonymous_45)
FNDA:0,(anonymous_46)
FNDA:0,(anonymous_47)
FNDA:0,(anonymous_48)
FNDA:0,(anonymous_49)
FNDA:0,(anonymous_50)
FNDA:0,(anonymous_51)
FNDA:0,(anonymous_52)
FNDA:0,(anonymous_53)
FNDA:0,(anonymous_54)
FNDA:0,(anonymous_55)
FNDA:0,(anonymous_56)
FNDA:0,(anonymous_57)
FNDA:0,(anonymous_58)
FNDA:0,(anonymous_59)
FNDA:0,(anonymous_60)
FNDA:0,(anonymous_61)
DA:14,0
DA:16,0
DA:17,0
DA:44,0
DA:45,0
DA:71,0
DA:72,0
DA:73,0
DA:83,0
DA:92,0
DA:111,0
DA:112,0
DA:113,0
DA:124,0
DA:133,0
DA:140,0
DA:141,0
DA:143,0
DA:144,0
DA:159,0
DA:161,0
DA:164,0
DA:181,0
DA:182,0
DA:183,0
DA:184,0
DA:185,0
DA:186,0
DA:187,0
DA:188,0
DA:189,0
DA:198,0
DA:202,0
DA:211,0
DA:213,0
DA:234,0
DA:235,0
DA:236,0
DA:237,0
DA:238,0
DA:253,0
DA:262,0
DA:269,0
DA:270,0
DA:271,0
DA:273,0
DA:274,0
DA:282,0
DA:297,0
DA:298,0
DA:300,0
DA:301,0
DA:302,0
DA:306,0
DA:311,0
DA:316,0
DA:321,0
DA:343,0
DA:344,0
DA:345,0
DA:359,0
DA:368,0
DA:375,0
DA:376,0
DA:377,0
DA:379,0
DA:380,0
DA:395,0
DA:410,0
DA:411,0
DA:413,0
DA:414,0
DA:415,0
DA:419,0
DA:424,0
DA:429,0
DA:433,0
DA:472,0
DA:473,0
DA:474,0
DA:487,0
DA:496,0
DA:503,0
DA:504,0
DA:506,0
DA:507,0
DA:515,0
DA:517,0
DA:520,0
DA:525,0
DA:543,0
DA:544,0
DA:545,0
DA:555,0
DA:564,0
DA:583,0
DA:584,0
DA:585,0
DA:596,0
DA:605,0
DA:612,0
DA:613,0
DA:615,0
DA:616,0
DA:631,0
DA:633,0
DA:636,0
DA:641,0
DA:646,0
DA:651,0
DA:669,0
DA:670,0
DA:689,0
DA:698,0
DA:716,0
DA:717,0
DA:718,0
DA:721,0
DA:735,0
DA:736,0
DA:738,0
DA:739,0
DA:754,0
DA:755,0
DA:758,0
DA:759,0
DA:763,0
DA:764,0
DA:765,0
DA:767,0
DA:768,0
DA:770,0
LF:132
LH:0
BRF:0
BRH:0
end_of_record
TN:
SF:components/SplashScreen.js
FN:71,(anonymous_0)
FN:75,(anonymous_1)
FN:102,(anonymous_2)
FN:165,(anonymous_3)
FN:169,(anonymous_4)
FN:191,(anonymous_5)
FN:292,(anonymous_6)
FN:307,(anonymous_7)
FN:310,(anonymous_8)
FN:320,(anonymous_9)
FN:357,(anonymous_10)
FN:360,(anonymous_11)
FN:380,(anonymous_12)
FN:405,(anonymous_13)
FN:406,(anonymous_14)
FN:455,(anonymous_15)
FN:456,(anonymous_16)
FN:459,(anonymous_17)
FN:460,(anonymous_18)
FN:466,(anonymous_19)
FN:490,(anonymous_20)
FN:496,(anonymous_21)
FN:532,(anonymous_22)
FN:536,(anonymous_23)
FN:561,(anonymous_24)
FNF:25
FNH:0
FNDA:0,(anonymous_0)
FNDA:0,(anonymous_1)
FNDA:0,(anonymous_2)
FNDA:0,(anonymous_3)
FNDA:0,(anonymous_4)
FNDA:0,(anonymous_5)
FNDA:0,(anonymous_6)
FNDA:0,(anonymous_7)
FNDA:0,(anonymous_8)
FNDA:0,(anonymous_9)
FNDA:0,(anonymous_10)
FNDA:0,(anonymous_11)
FNDA:0,(anonymous_12)
FNDA:0,(anonymous_13)
FNDA:0,(anonymous_14)
FNDA:0,(anonymous_15)
FNDA:0,(anonymous_16)
FNDA:0,(anonymous_17)
FNDA:0,(anonymous_18)
FNDA:0,(anonymous_19)
FNDA:0,(anonymous_20)
FNDA:0,(anonymous_21)
FNDA:0,(anonymous_22)
FNDA:0,(anonymous_23)
FNDA:0,(anonymous_24)
DA:6,0
DA:9,0
DA:71,0
DA:72,0
DA:73,0
DA:75,0
DA:76,0
DA:91,0
DA:99,0
DA:100,0
DA:102,0
DA:103,0
DA:104,0
DA:108,0
DA:113,0
DA:115,0
DA:165,0
DA:166,0
DA:167,0
DA:169,0
DA:170,0
DA:178,0
DA:186,0
DA:188,0
DA:189,0
DA:191,0
DA:192,0
DA:193,0
DA:197,0
DA:202,0
DA:207,0
DA:209,0
DA:293,0
DA:307,0
DA:308,0
DA:310,0
DA:311,0
DA:319,0
DA:320,0
DA:323,0
DA:328,0
DA:357,0
DA:358,0
DA:361,0
DA:380,0
DA:381,0
DA:382,0
DA:385,0
DA:386,0
DA:387,0
DA:396,0
DA:397,0
DA:405,0
DA:406,0
DA:407,0
DA:409,0
DA:455,0
DA:456,0
DA:459,0
DA:460,0
DA:464,0
DA:467,0
DA:469,0
DA:490,0
DA:491,0
DA:492,0
DA:493,0
DA:494,0
DA:496,0
DA:497,0
DA:532,0
DA:533,0
DA:536,0
DA:539,0
DA:562,0
DA:603,0
LF:76
LH:0
BRDA:221,0,0,0
BRDA:221,0,1,0
BRDA:244,1,0,0
BRDA:244,1,1,0
BRDA:245,2,0,0
BRDA:245,2,1,0
BRDA:247,3,0,0
BRDA:247,3,1,0
BRDA:248,4,0,0
BRDA:248,4,1,0
BRDA:249,5,0,0
BRDA:249,5,1,0
BRDA:265,6,0,0
BRDA:265,6,1,0
BRDA:292,7,0,0
BRDA:292,7,1,0
BRDA:380,8,0,0
BRDA:385,9,0,0
BRDA:385,9,1,0
BRDA:533,10,0,0
BRDA:533,10,1,0
BRF:21
BRH:0
end_of_record
TN:
SF:components/SplashScreenBackup.js
FN:8,(anonymous_0)
FN:13,(anonymous_1)
FN:55,(anonymous_2)
FN:60,(anonymous_3)
FN:98,(anonymous_4)
FN:123,(anonymous_5)
FN:124,(anonymous_6)
FN:173,(anonymous_7)
FN:174,(anonymous_8)
FN:177,(anonymous_9)
FN:178,(anonymous_10)
FN:184,(anonymous_11)
FN:208,(anonymous_12)
FN:213,(anonymous_13)
FN:243,(anonymous_14)
FN:247,(anonymous_15)
FNF:16
FNH:0
FNDA:0,(anonymous_0)
FNDA:0,(anonymous_1)
FNDA:0,(anonymous_2)
FNDA:0,(anonymous_3)
FNDA:0,(anonymous_4)
FNDA:0,(anonymous_5)
FNDA:0,(anonymous_6)
FNDA:0,(anonymous_7)
FNDA:0,(anonymous_8)
FNDA:0,(anonymous_9)
FNDA:0,(anonymous_10)
FNDA:0,(anonymous_11)
FNDA:0,(anonymous_12)
FNDA:0,(anonymous_13)
FNDA:0,(anonymous_14)
FNDA:0,(anonymous_15)
DA:5,0
DA:8,0
DA:9,0
DA:10,0
DA:11,0
DA:13,0
DA:15,0
DA:31,0
DA:47,0
DA:55,0
DA:56,0
DA:57,0
DA:60,0
DA:61,0
DA:62,0
DA:66,0
DA:71,0
DA:76,0
DA:98,0
DA:99,0
DA:100,0
DA:103,0
DA:104,0
DA:105,0
DA:114,0
DA:115,0
DA:123,0
DA:124,0
DA:125,0
DA:127,0
DA:173,0
DA:174,0
DA:177,0
DA:178,0
DA:182,0
DA:185,0
DA:187,0
DA:208,0
DA:209,0
DA:210,0
DA:211,0
DA:213,0
DA:214,0
DA:243,0
DA:244,0
DA:247,0
DA:250,0
DA:333,0
LF:48
LH:0
BRDA:98,0,0,0
BRDA:103,1,0,0
BRDA:103,1,1,0
BRDA:244,2,0,0
BRDA:244,2,1,0
BRF:5
BRH:0
end_of_record
TN:
SF:components/TutorialController.js
FN:4,(anonymous_0)
FN:11,(anonymous_1)
FN:21,(anonymous_2)
FN:28,(anonymous_3)
FN:70,(anonymous_4)
FN:87,(anonymous_5)
FN:88,(anonymous_6)
FN:100,(anonymous_7)
FN:101,(anonymous_8)
FN:114,(anonymous_9)
FN:115,(anonymous_10)
FN:135,(anonymous_11)
FN:143,(anonymous_12)
FN:162,(anonymous_13)
FN:171,(anonymous_14)
FN:172,(anonymous_15)
FNF:16
FNH:0
FNDA:0,(anonymous_0)
FNDA:0,(anonymous_1)
FNDA:0,(anonymous_2)
FNDA:0,(anonymous_3)
FNDA:0,(anonymous_4)
FNDA:0,(anonymous_5)
FNDA:0,(anonymous_6)
FNDA:0,(anonymous_7)
FNDA:0,(anonymous_8)
FNDA:0,(anonymous_9)
FNDA:0,(anonymous_10)
FNDA:0,(anonymous_11)
FNDA:0,(anonymous_12)
FNDA:0,(anonymous_13)
FNDA:0,(anonymous_14)
FNDA:0,(anonymous_15)
DA:5,0
DA:6,0
DA:8,0
DA:12,0
DA:13,0
DA:15,0
DA:22,0
DA:29,0
DA:31,0
DA:33,0
DA:43,0
DA:53,0
DA:63,0
DA:71,0
DA:73,0
DA:75,0
DA:77,0
DA:79,0
DA:88,0
DA:91,0
DA:93,0
DA:101,0
DA:104,0
DA:105,0
DA:107,0
DA:115,0
DA:118,0
DA:121,0
DA:122,0
DA:125,0
DA:129,0
DA:136,0
DA:137,0
DA:144,0
DA:146,0
DA:149,0
DA:152,0
DA:155,0
DA:163,0
DA:166,0
DA:167,0
DA:171,0
DA:172,0
DA:173,0
DA:176,0
LF:45
LH:0
BRDA:5,0,0,0
BRDA:5,0,1,0
BRDA:12,1,0,0
BRDA:12,1,1,0
BRDA:31,2,0,0
BRDA:31,2,1,0
BRDA:31,2,2,0
BRDA:31,2,3,0
BRDA:71,3,0,0
BRDA:71,3,1,0
BRDA:71,3,2,0
BRDA:71,3,3,0
BRDA:144,4,0,0
BRDA:144,4,1,0
BRDA:144,4,2,0
BRDA:144,4,3,0
BRDA:166,5,0,0
BRDA:166,5,1,0
BRF:18
BRH:0
end_of_record
TN:
SF:components/TutorialOverlay.js
FN:14,(anonymous_0)
FN:28,(anonymous_1)
FN:64,(anonymous_2)
FN:108,(anonymous_3)
FN:126,(anonymous_4)
FNF:5
FNH:0
FNDA:0,(anonymous_0)
FNDA:0,(anonymous_1)
FNDA:0,(anonymous_2)
FNDA:0,(anonymous_3)
FNDA:0,(anonymous_4)
DA:12,0
DA:14,0
DA:24,0
DA:25,0
DA:28,0
DA:29,0
DA:30,0
DA:48,0
DA:51,0
DA:52,0
DA:53,0
DA:54,0
DA:57,0
DA:58,0
DA:61,0
DA:65,0
DA:109,0
DA:127,0
DA:142,0
LF:19
LH:0
BRDA:29,0,0,0
BRDA:29,0,1,0
BRDA:29,1,0,0
BRDA:29,1,1,0
BRDA:48,2,0,0
BRDA:48,2,1,0
BRDA:93,3,0,0
BRDA:93,3,1,0
BRDA:119,4,0,0
BRDA:119,4,1,0
BRDA:120,5,0,0
BRDA:120,5,1,0
BRDA:121,6,0,0
BRDA:121,6,1,0
BRDA:122,7,0,0
BRDA:122,7,1,0
BRDA:129,8,0,0
BRDA:129,8,1,0
BRF:18
BRH:0
end_of_record
TN:
SF:components/constants.js
FN:119,(anonymous_0)
FN:123,(anonymous_1)
FN:126,(anonymous_2)
FN:130,(anonymous_3)
FN:142,(anonymous_4)
FN:147,(anonymous_5)
FN:166,(anonymous_6)
FN:206,(anonymous_7)
FN:207,(anonymous_8)
FN:212,(anonymous_9)
FN:527,(anonymous_10)
FN:576,(anonymous_11)
FN:596,(anonymous_12)
FN:607,(anonymous_13)
FN:631,(anonymous_14)
FN:653,(anonymous_15)
FN:727,(anonymous_16)
FN:728,(anonymous_17)
FN:738,(anonymous_18)
FN:745,(anonymous_19)
FN:776,(anonymous_20)
FN:1104,(anonymous_21)
FN:1114,(anonymous_22)
FN:1119,(anonymous_23)
FNF:24
FNH:6
FNDA:0,(anonymous_0)
FNDA:2,(anonymous_1)
FNDA:8,(anonymous_2)
FNDA:1,(anonymous_3)
FNDA:0,(anonymous_4)
FNDA:1,(anonymous_5)
FNDA:1,(anonymous_6)
FNDA:0,(anonymous_7)
FNDA:0,(anonymous_8)
FNDA:0,(anonymous_9)
FNDA:0,(anonymous_10)
FNDA:0,(anonymous_11)
FNDA:19,(anonymous_12)
FNDA:0,(anonymous_13)
FNDA:0,(anonymous_14)
FNDA:0,(anonymous_15)
FNDA:0,(anonymous_16)
FNDA:0,(anonymous_17)
FNDA:0,(anonymous_18)
FNDA:0,(anonymous_19)
FNDA:0,(anonymous_20)
FNDA:0,(anonymous_21)
FNDA:0,(anonymous_22)
FNDA:0,(anonymous_23)
DA:20,1
DA:47,1
DA:82,1
DA:117,1
DA:118,1
DA:119,1
DA:120,0
DA:123,1
DA:124,2
DA:126,1
DA:127,8
DA:130,1
DA:131,1
DA:135,1
DA:138,1
DA:139,1
DA:142,1
DA:143,0
DA:147,1
DA:148,1
DA:149,1
DA:150,1
DA:156,0
DA:163,1
DA:166,1
DA:167,1
DA:169,1
DA:170,1
DA:171,1
DA:172,1
DA:178,0
DA:179,0
DA:182,0
DA:183,0
DA:186,0
DA:187,0
DA:189,0
DA:190,0
DA:192,0
DA:199,1
DA:200,1
DA:201,1
DA:206,1
DA:207,1
DA:212,1
DA:213,0
DA:214,0
DA:216,0
DA:217,0
DA:219,0
DA:236,1
DA:527,1
DA:529,0
DA:532,0
DA:533,0
DA:537,0
DA:539,0
DA:544,0
DA:545,0
DA:557,0
DA:576,1
DA:577,0
DA:578,0
DA:592,1
DA:593,1
DA:596,1
DA:597,19
DA:598,19
DA:599,19
DA:607,1
DA:608,0
DA:610,0
DA:620,0
DA:631,1
DA:632,0
DA:633,0
DA:635,0
DA:637,0
DA:653,1
DA:654,0
DA:655,0
DA:657,0
DA:659,0
DA:676,1
DA:727,1
DA:728,1
DA:733,1
DA:738,1
DA:739,0
DA:745,1
DA:746,0
DA:748,0
DA:749,0
DA:751,0
DA:752,0
DA:754,0
DA:755,0
DA:757,0
DA:763,1
DA:776,1
DA:777,0
DA:778,0
DA:779,0
DA:785,1
DA:819,1
DA:882,1
DA:923,1
DA:941,1
DA:959,1
DA:992,1
DA:1004,1
DA:1045,1
DA:1057,1
DA:1092,1
DA:1104,1
DA:1105,0
DA:1107,0
DA:1108,0
DA:1114,1
DA:1119,1
DA:1120,0
LF:121
LH:67
BRDA:120,0,0,0
BRDA:120,0,1,0
BRDA:151,1,0,1
BRDA:151,1,1,0
BRDA:151,2,0,0
BRDA:151,2,1,0
BRDA:152,3,0,1
BRDA:152,3,1,0
BRDA:152,4,0,0
BRDA:152,4,1,0
BRDA:157,5,0,0
BRDA:157,5,1,0
BRDA:158,6,0,0
BRDA:158,6,1,0
BRDA:167,7,0,1
BRDA:167,7,1,0
BRDA:532,8,0,0
BRDA:532,8,1,0
BRDA:537,9,0,0
BRDA:537,9,1,0
BRDA:582,10,0,0
BRDA:582,10,1,0
BRDA:607,11,0,0
BRDA:607,12,0,0
BRDA:612,13,0,0
BRDA:612,13,1,0
BRDA:613,14,0,0
BRDA:613,14,1,0
BRDA:614,15,0,0
BRDA:614,15,1,0
BRDA:615,16,0,0
BRDA:615,16,1,0
BRDA:616,17,0,0
BRDA:616,17,1,0
BRDA:624,18,0,0
BRDA:624,18,1,0
BRDA:633,19,0,0
BRDA:633,19,1,0
BRDA:653,20,0,0
BRDA:655,21,0,0
BRDA:655,21,1,0
BRDA:748,22,0,0
BRDA:748,22,1,0
BRDA:751,23,0,0
BRDA:751,23,1,0
BRDA:754,24,0,0
BRDA:754,24,1,0
BRDA:777,25,0,0
BRDA:777,25,1,0
BRDA:778,26,0,0
BRDA:778,26,1,0
BRDA:1108,27,0,0
BRDA:1108,27,1,0
BRF:53
BRH:3
end_of_record
TN:
SF:components/useTutorial.js
FN:5,(anonymous_0)
FN:27,(anonymous_1)
FN:28,(anonymous_2)
FN:73,(anonymous_3)
FN:79,(anonymous_4)
FN:90,(anonymous_5)
FN:96,(anonymous_6)
FNF:7
FNH:0
FNDA:0,(anonymous_0)
FNDA:0,(anonymous_1)
FNDA:0,(anonymous_2)
FNDA:0,(anonymous_3)
FNDA:0,(anonymous_4)
FNDA:0,(anonymous_5)
FNDA:0,(anonymous_6)
DA:5,0
DA:19,0
DA:23,0
DA:24,0
DA:27,0
DA:28,0
DA:29,0
DA:31,0
DA:33,0
DA:39,0
DA:41,0
DA:42,0
DA:43,0
DA:44,0
DA:46,0
DA:50,0
DA:51,0
DA:57,0
DA:59,0
DA:61,0
DA:62,0
DA:63,0
DA:64,0
DA:69,0
DA:73,0
DA:74,0
DA:75,0
DA:79,0
DA:80,0
DA:85,0
DA:90,0
DA:91,0
DA:92,0
DA:96,0
DA:97,0
DA:98,0
DA:101,0
LF:37
LH:0
BRDA:31,0,0,0
BRDA:31,0,1,0
BRDA:39,1,0,0
BRDA:39,1,1,0
BRDA:39,2,0,0
BRDA:39,2,1,0
BRDA:44,3,0,0
BRDA:44,3,1,0
BRDA:63,4,0,0
BRDA:63,4,1,0
BRDA:80,5,0,0
BRDA:80,5,1,0
BRF:12
BRH:0
end_of_record
TN:
SF:store/gameStore.js
FN:7,(anonymous_0)
FN:28,(anonymous_1)
FN:36,(anonymous_2)
FN:49,(anonymous_3)
FN:56,(anonymous_4)
FN:60,(anonymous_5)
FN:64,(anonymous_6)
FN:78,(anonymous_7)
FN:79,(anonymous_8)
FN:80,(anonymous_9)
FN:81,(anonymous_10)
FN:82,(anonymous_11)
FN:86,(anonymous_12)
FN:96,(anonymous_13)
FN:104,(anonymous_14)
FN:139,(anonymous_15)
FN:162,(anonymous_16)
FN:179,(anonymous_17)
FN:181,(anonymous_18)
FN:219,(anonymous_19)
FN:248,(anonymous_20)
FN:258,(anonymous_21)
FN:282,(anonymous_22)
FN:282,(anonymous_23)
FN:285,(anonymous_24)
FN:285,(anonymous_25)
FN:288,(anonymous_26)
FN:291,(anonymous_27)
FN:291,(anonymous_28)
FN:294,(anonymous_29)
FN:298,(anonymous_30)
FN:308,(anonymous_31)
FN:316,(anonymous_32)
FN:336,(anonymous_33)
FN:345,(anonymous_34)
FN:358,(anonymous_35)
FN:360,(anonymous_36)
FN:400,(anonymous_37)
FN:416,(anonymous_38)
FN:435,(anonymous_39)
FN:472,(anonymous_40)
FN:492,(anonymous_41)
FN:500,(anonymous_42)
FNF:43
FNH:21
FNDA:61,(anonymous_0)
FNDA:10,(anonymous_1)
FNDA:9,(anonymous_2)
FNDA:3,(anonymous_3)
FNDA:1,(anonymous_4)
FNDA:1,(anonymous_5)
FNDA:2,(anonymous_6)
FNDA:1005,(anonymous_7)
FNDA:1004,(anonymous_8)
FNDA:10,(anonymous_9)
FNDA:2,(anonymous_10)
FNDA:5,(anonymous_11)
FNDA:1017,(anonymous_12)
FNDA:7,(anonymous_13)
FNDA:12,(anonymous_14)
FNDA:3,(anonymous_15)
FNDA:2,(anonymous_16)
FNDA:1,(anonymous_17)
FNDA:2,(anonymous_18)
FNDA:1,(anonymous_19)
FNDA:61,(anonymous_20)
FNDA:0,(anonymous_21)
FNDA:0,(anonymous_22)
FNDA:0,(anonymous_23)
FNDA:0,(anonymous_24)
FNDA:0,(anonymous_25)
FNDA:0,(anonymous_26)
FNDA:0,(anonymous_27)
FNDA:0,(anonymous_28)
FNDA:0,(anonymous_29)
FNDA:0,(anonymous_30)
FNDA:0,(anonymous_31)
FNDA:0,(anonymous_32)
FNDA:0,(anonymous_33)
FNDA:0,(anonymous_34)
FNDA:0,(anonymous_35)
FNDA:0,(anonymous_36)
FNDA:0,(anonymous_37)
FNDA:0,(anonymous_38)
FNDA:0,(anonymous_39)
FNDA:0,(anonymous_40)
FNDA:0,(anonymous_41)
FNDA:0,(anonymous_42)
DA:7,61
DA:8,61
DA:30,10
DA:31,10
DA:32,10
DA:33,10
DA:37,9
DA:38,7
DA:40,7
DA:45,2
DA:50,3
DA:51,3
DA:52,3
DA:53,3
DA:57,1
DA:61,1
DA:65,2
DA:66,2
DA:67,2
DA:68,2
DA:78,1005
DA:79,1004
DA:80,10
DA:81,2
DA:82,5
DA:87,1017
DA:88,1017
DA:89,1013
DA:90,1013
DA:92,4
DA:97,7
DA:98,7
DA:99,6
DA:105,12
DA:107,12
DA:108,0
DA:109,0
DA:112,12
DA:122,11
DA:123,11
DA:126,11
DA:127,11
DA:128,11
DA:140,3
DA:141,3
DA:142,3
DA:143,3
DA:144,3
DA:145,2
DA:147,1
DA:149,1
DA:151,1
DA:155,0
DA:157,0
DA:163,2
DA:164,2
DA:165,2
DA:167,2
DA:168,2
DA:169,2
DA:179,1
DA:182,2
DA:184,2
DA:185,2
DA:188,2
DA:189,2
DA:190,2
DA:191,0
DA:192,0
DA:193,0
DA:194,0
DA:195,0
DA:196,0
DA:206,2
DA:207,2
DA:208,2
DA:209,2
DA:210,2
DA:213,2
DA:214,2
DA:215,2
DA:216,2
DA:220,1
DA:221,1
DA:222,1
DA:223,1
DA:224,1
DA:225,1
DA:226,1
DA:227,1
DA:228,1
DA:229,1
DA:232,1
DA:233,1
DA:234,1
DA:235,1
DA:239,61
DA:245,61
DA:247,61
DA:248,61
DA:252,0
DA:253,0
DA:254,0
DA:256,0
DA:258,0
DA:282,0
DA:285,0
DA:288,0
DA:291,0
DA:294,0
DA:299,0
DA:300,0
DA:301,0
DA:302,0
DA:304,0
DA:309,0
DA:310,0
DA:311,0
DA:312,0
DA:317,0
DA:318,0
DA:327,0
DA:337,0
DA:338,0
DA:339,0
DA:341,0
DA:346,0
DA:347,0
DA:358,0
DA:361,0
DA:363,0
DA:364,0
DA:367,0
DA:368,0
DA:381,0
DA:401,0
DA:403,0
DA:404,0
DA:410,0
DA:411,0
DA:412,0
DA:413,0
DA:416,0
DA:436,0
DA:438,0
DA:439,0
DA:442,0
DA:443,0
DA:456,0
DA:473,0
DA:475,0
DA:476,0
DA:481,0
DA:492,0
DA:499,0
DA:500,0
LF:156
LH:90
BRDA:37,0,0,7
BRDA:37,0,1,2
BRDA:80,1,0,10
BRDA:80,1,1,3
BRDA:82,2,0,5
BRDA:82,2,1,2
BRDA:87,3,0,1017
BRDA:87,3,1,16
BRDA:88,4,0,1013
BRDA:88,4,1,4
BRDA:97,5,0,7
BRDA:97,5,1,6
BRDA:98,6,0,6
BRDA:98,6,1,1
BRDA:104,7,0,12
BRDA:107,8,0,0
BRDA:107,8,1,12
BRDA:107,9,0,12
BRDA:107,9,1,12
BRDA:113,10,0,12
BRDA:113,10,1,8
BRDA:114,11,0,11
BRDA:114,11,1,2
BRDA:115,12,0,11
BRDA:115,12,1,9
BRDA:116,13,0,11
BRDA:116,13,1,9
BRDA:117,14,0,11
BRDA:117,14,1,9
BRDA:118,15,0,11
BRDA:118,15,1,9
BRDA:126,16,0,11
BRDA:126,16,1,0
BRDA:141,17,0,3
BRDA:141,17,1,0
BRDA:144,18,0,2
BRDA:144,18,1,1
BRDA:155,19,0,0
BRDA:155,19,1,0
BRDA:167,20,0,2
BRDA:167,20,1,0
BRDA:188,21,0,2
BRDA:188,21,1,0
BRDA:245,22,0,61
BRDA:245,22,1,0
BRDA:283,23,0,0
BRDA:283,23,1,0
BRDA:286,24,0,0
BRDA:286,24,1,0
BRDA:289,25,0,0
BRDA:289,25,1,0
BRDA:292,26,0,0
BRDA:292,26,1,0
BRDA:295,27,0,0
BRDA:295,27,1,0
BRDA:300,28,0,0
BRDA:300,28,1,0
BRDA:301,29,0,0
BRDA:301,29,1,0
BRDA:310,30,0,0
BRDA:310,30,1,0
BRDA:311,31,0,0
BRDA:311,31,1,0
BRDA:319,32,0,0
BRDA:319,32,1,0
BRDA:320,33,0,0
BRDA:320,33,1,0
BRDA:321,34,0,0
BRDA:321,34,1,0
BRDA:322,35,0,0
BRDA:322,35,1,0
BRDA:323,36,0,0
BRDA:323,36,1,0
BRDA:324,37,0,0
BRDA:324,37,1,0
BRDA:339,38,0,0
BRDA:339,38,1,0
BRF:77
BRH:37
end_of_record
TN:
SF:store/helpers.js
FNF:0
FNH:0
LF:0
LH:0
BRF:0
BRH:0
end_of_record
TN:
SF:store/tutorialSlice.js
FN:4,(anonymous_0)
FN:12,(anonymous_1)
FN:21,(anonymous_2)
FN:39,(anonymous_3)
FN:47,(anonymous_4)
FN:49,(anonymous_5)
FN:51,(anonymous_6)
FN:59,(anonymous_7)
FNF:8
FNH:8
FNDA:18,(anonymous_0)
FNDA:2,(anonymous_1)
FNDA:8,(anonymous_2)
FNDA:2,(anonymous_3)
FNDA:3,(anonymous_4)
FNDA:2,(anonymous_5)
FNDA:1,(anonymous_6)
FNDA:1,(anonymous_7)
DA:4,18
DA:13,2
DA:22,8
DA:23,6
DA:24,3
DA:26,3
DA:35,3
DA:39,2
DA:47,3
DA:49,2
DA:51,1
DA:59,1
LF:12
LH:12
BRDA:23,0,0,3
BRDA:23,0,1,3
BRF:2
BRH:2
end_of_record
TN:
SF:utils/analyticsTest.js
FN:13,(anonymous_0)
FN:35,(anonymous_1)
FN:53,(anonymous_2)
FN:59,(anonymous_3)
FN:65,(anonymous_4)
FNF:5
FNH:0
FNDA:0,(anonymous_0)
FNDA:0,(anonymous_1)
FNDA:0,(anonymous_2)
FNDA:0,(anonymous_3)
FNDA:0,(anonymous_4)
DA:11,0
DA:14,0
DA:16,0
DA:18,0
DA:20,0
DA:25,0
DA:27,0
DA:30,0
DA:36,0
DA:38,0
DA:41,0
DA:46,0
DA:48,0
DA:54,0
DA:59,0
DA:61,0
DA:66,0
DA:68,0
DA:74,0
DA:75,0
DA:76,0
DA:78,0
DA:80,0
DA:86,0
DA:87,0
LF:25
LH:0
BRDA:18,0,0,0
BRDA:18,0,1,0
BRDA:86,1,0,0
BRDA:86,1,1,0
BRF:4
BRH:0
end_of_record
TN:
SF:utils/backgroundMusicManager.js
FN:15,(anonymous_0)
FN:28,(anonymous_1)
FN:69,(anonymous_2)
FN:105,(anonymous_3)
FN:115,(anonymous_4)
FN:119,(anonymous_5)
FN:135,(anonymous_6)
FN:159,(anonymous_7)
FN:216,(anonymous_8)
FN:240,(anonymous_9)
FN:256,(anonymous_10)
FN:272,(anonymous_11)
FN:290,(anonymous_12)
FN:311,(anonymous_13)
FN:323,(anonymous_14)
FN:345,(anonymous_15)
FN:353,(anonymous_16)
FN:367,(anonymous_17)
FN:387,(anonymous_18)
FN:408,(anonymous_19)
FN:421,(anonymous_20)
FN:439,(anonymous_21)
FN:471,(anonymous_22)
FN:503,(anonymous_23)
FN:540,(anonymous_24)
FNF:25
FNH:0
FNDA:0,(anonymous_0)
FNDA:0,(anonymous_1)
FNDA:0,(anonymous_2)
FNDA:0,(anonymous_3)
FNDA:0,(anonymous_4)
FNDA:0,(anonymous_5)
FNDA:0,(anonymous_6)
FNDA:0,(anonymous_7)
FNDA:0,(anonymous_8)
FNDA:0,(anonymous_9)
FNDA:0,(anonymous_10)
FNDA:0,(anonymous_11)
FNDA:0,(anonymous_12)
FNDA:0,(anonymous_13)
FNDA:0,(anonymous_14)
FNDA:0,(anonymous_15)
FNDA:0,(anonymous_16)
FNDA:0,(anonymous_17)
FNDA:0,(anonymous_18)
FNDA:0,(anonymous_19)
FNDA:0,(anonymous_20)
FNDA:0,(anonymous_21)
FNDA:0,(anonymous_22)
FNDA:0,(anonymous_23)
FNDA:0,(anonymous_24)
DA:16,0
DA:17,0
DA:18,0
DA:19,0
DA:20,0
DA:21,0
DA:22,0
DA:25,0
DA:29,0
DA:30,0
DA:31,0
DA:32,0
DA:35,0
DA:36,0
DA:39,0
DA:40,0
DA:43,0
DA:44,0
DA:48,0
DA:49,0
DA:53,0
DA:54,0
DA:55,0
DA:64,0
DA:65,0
DA:70,0
DA:71,0
DA:72,0
DA:75,0
DA:77,0
DA:78,0
DA:85,0
DA:89,0
DA:92,0
DA:93,0
DA:96,0
DA:100,0
DA:106,0
DA:107,0
DA:110,0
DA:112,0
DA:115,0
DA:116,0
DA:118,0
DA:119,0
DA:127,0
DA:130,0
DA:131,0
DA:136,0
DA:137,0
DA:140,0
DA:141,0
DA:148,0
DA:149,0
DA:150,0
DA:154,0
DA:161,0
DA:163,0
DA:164,0
DA:167,0
DA:168,0
DA:169,0
DA:170,0
DA:174,0
DA:176,0
DA:177,0
DA:180,0
DA:181,0
DA:182,0
DA:183,0
DA:187,0
DA:189,0
DA:191,0
DA:192,0
DA:196,0
DA:197,0
DA:198,0
DA:201,0
DA:204,0
DA:208,0
DA:212,0
DA:216,0
DA:217,0
DA:218,0
DA:227,0
DA:228,0
DA:229,0
DA:233,0
DA:236,0
DA:241,0
DA:242,0
DA:243,0
DA:246,0
DA:248,0
DA:249,0
DA:250,0
DA:257,0
DA:258,0
DA:259,0
DA:262,0
DA:264,0
DA:265,0
DA:266,0
DA:273,0
DA:275,0
DA:277,0
DA:278,0
DA:279,0
DA:280,0
DA:282,0
DA:283,0
DA:284,0
DA:286,0
DA:288,0
DA:290,0
DA:291,0
DA:292,0
DA:293,0
DA:294,0
DA:295,0
DA:298,0
DA:299,0
DA:300,0
DA:312,0
DA:314,0
DA:316,0
DA:317,0
DA:318,0
DA:319,0
DA:321,0
DA:323,0
DA:324,0
DA:325,0
DA:326,0
DA:327,0
DA:328,0
DA:329,0
DA:332,0
DA:333,0
DA:334,0
DA:346,0
DA:347,0
DA:349,0
DA:354,0
DA:356,0
DA:357,0
DA:358,0
DA:361,0
DA:362,0
DA:368,0
DA:369,0
DA:370,0
DA:373,0
DA:374,0
DA:375,0
DA:379,0
DA:382,0
DA:383,0
DA:389,0
DA:391,0
DA:392,0
DA:396,0
DA:399,0
DA:401,0
DA:403,0
DA:409,0
DA:422,0
DA:423,0
DA:424,0
DA:425,0
DA:427,0
DA:428,0
DA:429,0
DA:431,0
DA:434,0
DA:440,0
DA:442,0
DA:443,0
DA:444,0
DA:447,0
DA:448,0
DA:451,0
DA:452,0
DA:453,0
DA:458,0
DA:459,0
DA:466,0
DA:473,0
DA:475,0
DA:476,0
DA:477,0
DA:481,0
DA:485,0
DA:486,0
DA:487,0
DA:490,0
DA:492,0
DA:493,0
DA:504,0
DA:514,0
DA:515,0
DA:516,0
DA:524,0
DA:525,0
DA:541,0
DA:543,0
DA:544,0
DA:548,0
DA:549,0
DA:550,0
DA:561,0
LF:211
LH:0
BRDA:40,0,0,0
BRDA:40,0,1,0
BRDA:43,1,0,0
BRDA:43,1,1,0
BRDA:43,2,0,0
BRDA:43,2,1,0
BRDA:48,3,0,0
BRDA:48,3,1,0
BRDA:48,4,0,0
BRDA:48,4,1,0
BRDA:48,4,2,0
BRDA:53,5,0,0
BRDA:53,5,1,0
BRDA:53,6,0,0
BRDA:53,6,1,0
BRDA:53,6,2,0
BRDA:70,7,0,0
BRDA:70,7,1,0
BRDA:77,8,0,0
BRDA:77,8,1,0
BRDA:92,9,0,0
BRDA:92,9,1,0
BRDA:106,10,0,0
BRDA:106,10,1,0
BRDA:116,11,0,0
BRDA:116,11,1,0
BRDA:116,12,0,0
BRDA:116,12,1,0
BRDA:118,13,0,0
BRDA:118,13,1,0
BRDA:118,14,0,0
BRDA:118,14,1,0
BRDA:136,15,0,0
BRDA:136,15,1,0
BRDA:136,16,0,0
BRDA:136,16,1,0
BRDA:148,17,0,0
BRDA:148,17,1,0
BRDA:163,18,0,0
BRDA:163,18,1,0
BRDA:167,19,0,0
BRDA:167,19,1,0
BRDA:169,20,0,0
BRDA:169,20,1,0
BRDA:174,21,0,0
BRDA:174,21,1,0
BRDA:180,22,0,0
BRDA:180,22,1,0
BRDA:182,23,0,0
BRDA:182,23,1,0
BRDA:191,24,0,0
BRDA:191,24,1,0
BRDA:196,25,0,0
BRDA:196,25,1,0
BRDA:227,26,0,0
BRDA:227,26,1,0
BRDA:241,27,0,0
BRDA:241,27,1,0
BRDA:246,28,0,0
BRDA:246,28,1,0
BRDA:257,29,0,0
BRDA:257,29,1,0
BRDA:262,30,0,0
BRDA:262,30,1,0
BRDA:272,31,0,0
BRDA:273,32,0,0
BRDA:273,32,1,0
BRDA:275,33,0,0
BRDA:275,33,1,0
BRDA:282,34,0,0
BRDA:282,34,1,0
BRDA:292,35,0,0
BRDA:292,35,1,0
BRDA:299,36,0,0
BRDA:299,36,1,0
BRDA:311,37,0,0
BRDA:312,38,0,0
BRDA:312,38,1,0
BRDA:314,39,0,0
BRDA:314,39,1,0
BRDA:325,40,0,0
BRDA:325,40,1,0
BRDA:333,41,0,0
BRDA:333,41,1,0
BRDA:346,42,0,0
BRDA:346,42,1,0
BRDA:356,43,0,0
BRDA:356,43,1,0
BRDA:357,44,0,0
BRDA:357,44,1,0
BRDA:361,45,0,0
BRDA:361,45,1,0
BRDA:368,46,0,0
BRDA:368,46,1,0
BRDA:373,47,0,0
BRDA:373,47,1,0
BRDA:391,48,0,0
BRDA:391,48,1,0
BRDA:428,49,0,0
BRDA:428,49,1,0
BRDA:429,50,0,0
BRDA:429,50,1,0
BRDA:431,51,0,0
BRDA:431,51,1,0
BRDA:431,51,2,0
BRDA:448,52,0,0
BRDA:448,52,1,0
BRDA:451,53,0,0
BRDA:451,53,1,0
BRDA:452,54,0,0
BRDA:452,54,1,0
BRDA:458,55,0,0
BRDA:458,55,1,0
BRDA:475,56,0,0
BRDA:475,56,1,0
BRDA:492,57,0,0
BRDA:492,57,1,0
BRDA:492,58,0,0
BRDA:492,58,1,0
BRDA:514,59,0,0
BRDA:514,59,1,0
BRDA:514,60,0,0
BRDA:514,60,1,0
BRDA:543,61,0,0
BRDA:543,61,1,0
BRDA:548,62,0,0
BRDA:548,62,1,0
BRF:127
BRH:0
end_of_record
TN:
SF:utils/comprehensiveGameAnalytics.js
FN:19,(anonymous_0)
FN:59,(anonymous_1)
FN:78,(anonymous_2)
FN:102,(anonymous_3)
FN:140,(anonymous_4)
FN:156,(anonymous_5)
FN:167,(anonymous_6)
FN:180,(anonymous_7)
FN:194,(anonymous_8)
FN:205,(anonymous_9)
FN:225,(anonymous_10)
FN:253,(anonymous_11)
FN:266,(anonymous_12)
FN:280,(anonymous_13)
FN:293,(anonymous_14)
FN:317,(anonymous_15)
FN:361,(anonymous_16)
FN:376,(anonymous_17)
FN:391,(anonymous_18)
FN:409,(anonymous_19)
FN:424,(anonymous_20)
FN:443,(anonymous_21)
FN:462,(anonymous_22)
FN:482,(anonymous_23)
FN:508,(anonymous_24)
FN:534,(anonymous_25)
FN:553,(anonymous_26)
FN:577,(anonymous_27)
FN:596,(anonymous_28)
FN:620,(anonymous_29)
FN:642,(anonymous_30)
FN:650,(anonymous_31)
FN:670,(anonymous_32)
FN:688,(anonymous_33)
FN:702,(anonymous_34)
FN:716,(anonymous_35)
FN:726,(anonymous_36)
FN:736,(anonymous_37)
FN:746,(anonymous_38)
FN:756,(anonymous_39)
FNF:40
FNH:0
FNDA:0,(anonymous_0)
FNDA:0,(anonymous_1)
FNDA:0,(anonymous_2)
FNDA:0,(anonymous_3)
FNDA:0,(anonymous_4)
FNDA:0,(anonymous_5)
FNDA:0,(anonymous_6)
FNDA:0,(anonymous_7)
FNDA:0,(anonymous_8)
FNDA:0,(anonymous_9)
FNDA:0,(anonymous_10)
FNDA:0,(anonymous_11)
FNDA:0,(anonymous_12)
FNDA:0,(anonymous_13)
FNDA:0,(anonymous_14)
FNDA:0,(anonymous_15)
FNDA:0,(anonymous_16)
FNDA:0,(anonymous_17)
FNDA:0,(anonymous_18)
FNDA:0,(anonymous_19)
FNDA:0,(anonymous_20)
FNDA:0,(anonymous_21)
FNDA:0,(anonymous_22)
FNDA:0,(anonymous_23)
FNDA:0,(anonymous_24)
FNDA:0,(anonymous_25)
FNDA:0,(anonymous_26)
FNDA:0,(anonymous_27)
FNDA:0,(anonymous_28)
FNDA:0,(anonymous_29)
FNDA:0,(anonymous_30)
FNDA:0,(anonymous_31)
FNDA:0,(anonymous_32)
FNDA:0,(anonymous_33)
FNDA:0,(anonymous_34)
FNDA:0,(anonymous_35)
FNDA:0,(anonymous_36)
FNDA:0,(anonymous_37)
FNDA:0,(anonymous_38)
FNDA:0,(anonymous_39)
DA:20,0
DA:21,0
DA:22,0
DA:23,0
DA:24,0
DA:39,0
DA:49,0
DA:56,0
DA:60,0
DA:62,0
DA:65,0
DA:79,0
DA:80,0
DA:82,0
DA:93,0
DA:94,0
DA:103,0
DA:104,0
DA:106,0
DA:118,0
DA:119,0
DA:126,0
DA:127,0
DA:128,0
DA:141,0
DA:142,0
DA:144,0
DA:155,0
DA:156,0
DA:157,0
DA:158,0
DA:168,0
DA:169,0
DA:181,0
DA:182,0
DA:184,0
DA:193,0
DA:194,0
DA:195,0
DA:196,0
DA:206,0
DA:207,0
DA:209,0
DA:226,0
DA:227,0
DA:228,0
DA:229,0
DA:231,0
DA:240,0
DA:241,0
DA:242,0
DA:243,0
DA:244,0
DA:245,0
DA:254,0
DA:255,0
DA:267,0
DA:268,0
DA:281,0
DA:282,0
DA:294,0
DA:295,0
DA:304,0
DA:305,0
DA:318,0
DA:319,0
DA:322,0
DA:323,0
DA:324,0
DA:329,0
DA:330,0
DA:333,0
DA:340,0
DA:348,0
DA:349,0
DA:350,0
DA:351,0
DA:352,0
DA:353,0
DA:362,0
DA:363,0
DA:377,0
DA:378,0
DA:392,0
DA:393,0
DA:410,0
DA:411,0
DA:425,0
DA:426,0
DA:428,0
DA:444,0
DA:445,0
DA:447,0
DA:463,0
DA:464,0
DA:475,0
DA:483,0
DA:484,0
DA:486,0
DA:501,0
DA:509,0
DA:510,0
DA:511,0
DA:512,0
DA:514,0
DA:535,0
DA:536,0
DA:538,0
DA:554,0
DA:555,0
DA:557,0
DA:578,0
DA:579,0
DA:581,0
DA:597,0
DA:598,0
DA:600,0
DA:621,0
DA:622,0
DA:643,0
DA:644,0
DA:645,0
DA:646,0
DA:651,0
DA:666,0
DA:671,0
DA:689,0
DA:690,0
DA:691,0
DA:692,0
DA:693,0
DA:694,0
DA:703,0
DA:704,0
DA:709,0
DA:717,0
DA:718,0
DA:719,0
DA:721,0
DA:727,0
DA:728,0
DA:729,0
DA:731,0
DA:737,0
DA:738,0
DA:739,0
DA:741,0
DA:747,0
DA:748,0
DA:749,0
DA:751,0
DA:757,0
DA:758,0
DA:760,0
DA:778,0
LF:155
LH:0
BRDA:78,0,0,0
BRDA:93,1,0,0
BRDA:93,1,1,0
BRDA:93,2,0,0
BRDA:93,2,1,0
BRDA:102,3,0,0
BRDA:118,4,0,0
BRDA:118,4,1,0
BRDA:126,5,0,0
BRDA:126,5,1,0
BRDA:140,6,0,0
BRDA:157,7,0,0
BRDA:157,7,1,0
BRDA:157,8,0,0
BRDA:157,8,1,0
BRDA:195,9,0,0
BRDA:195,9,1,0
BRDA:195,10,0,0
BRDA:195,10,1,0
BRDA:236,11,0,0
BRDA:236,11,1,0
BRDA:240,12,0,0
BRDA:240,12,1,0
BRDA:242,13,0,0
BRDA:242,13,1,0
BRDA:244,14,0,0
BRDA:244,14,1,0
BRDA:272,15,0,0
BRDA:272,15,1,0
BRDA:293,16,0,0
BRDA:293,17,0,0
BRDA:304,18,0,0
BRDA:304,18,1,0
BRDA:304,19,0,0
BRDA:304,19,1,0
BRDA:317,20,0,0
BRDA:322,21,0,0
BRDA:322,21,1,0
BRDA:322,22,0,0
BRDA:322,22,1,0
BRDA:325,23,0,0
BRDA:325,23,1,0
BRDA:344,24,0,0
BRDA:344,24,1,0
BRDA:344,25,0,0
BRDA:344,25,1,0
BRDA:348,26,0,0
BRDA:348,26,1,0
BRDA:350,27,0,0
BRDA:350,27,1,0
BRDA:352,28,0,0
BRDA:352,28,1,0
BRDA:409,29,0,0
BRDA:409,30,0,0
BRDA:435,31,0,0
BRDA:435,31,1,0
BRDA:454,32,0,0
BRDA:454,32,1,0
BRDA:482,33,0,0
BRDA:534,34,0,0
BRDA:542,35,0,0
BRDA:542,35,1,0
BRDA:543,36,0,0
BRDA:543,36,1,0
BRDA:544,37,0,0
BRDA:544,37,1,0
BRDA:545,38,0,0
[...]
BRDA:168,11,0,0
BRDA:168,11,1,0
BRDA:177,12,0,0
BRDA:177,12,1,0
BRDA:187,13,0,0
BRDA:187,13,1,0
BRDA:197,14,0,0
BRDA:197,14,1,0
BRDA:201,15,0,0
BRDA:201,15,1,0
BRDA:207,16,0,0
BRDA:207,16,1,0
BRDA:216,17,0,0
BRDA:216,17,1,0
BRDA:236,18,0,0
BRDA:236,18,1,0
BRDA:237,19,0,0
BRDA:237,19,1,0
BRDA:238,20,0,0
BRDA:238,20,1,0
BRDA:250,21,0,0
BRDA:250,21,1,0
BRDA:294,22,0,0
BRDA:294,23,0,0
BRDA:313,24,0,0
BRDA:313,24,1,0
BRDA:320,25,0,0
BRF:46
BRH:0
end_of_record
TN:
SF:utils/helpers.js
FN:5,(anonymous_0)
FN:20,(anonymous_1)
FNF:2
FNH:2
FNDA:1028,(anonymous_0)
FNDA:1032,(anonymous_1)
DA:5,1
DA:6,1028
DA:8,1028
DA:9,13
DA:10,13
DA:13,1015
DA:20,1
DA:22,1032
DA:23,2
DA:26,1030
DA:29,1030
DA:30,7
DA:34,1023
LF:13
LH:13
BRDA:8,0,0,13
BRDA:8,0,1,1015
BRDA:22,1,0,2
BRDA:22,1,1,1030
BRDA:22,2,0,1032
BRDA:22,2,1,1031
BRDA:29,3,0,7
BRDA:29,3,1,1023
BRF:8
BRH:8
end_of_record
TN:
SF:utils/soundLogger.js
FN:11,(anonymous_0)
FN:29,(anonymous_1)
FN:57,(anonymous_2)
FN:85,(anonymous_3)
FN:111,(anonymous_4)
FN:136,(anonymous_5)
FN:161,(anonymous_6)
FN:185,(anonymous_7)
FN:189,(anonymous_8)
FN:190,(anonymous_9)
FN:191,(anonymous_10)
FN:192,(anonymous_11)
FN:200,(anonymous_12)
FN:201,(anonymous_13)
FN:202,(anonymous_14)
FN:206,(anonymous_15)
FN:210,(anonymous_16)
FN:211,(anonymous_17)
FN:215,(anonymous_18)
FN:216,(anonymous_19)
FN:221,(anonymous_20)
FN:222,(anonymous_21)
FN:230,(anonymous_22)
FN:269,(anonymous_23)
FN:274,(anonymous_24)
FN:275,(anonymous_25)
FN:279,(anonymous_26)
FN:291,(anonymous_27)
FN:297,(anonymous_28)
FNF:29
FNH:0
FNDA:0,(anonymous_0)
FNDA:0,(anonymous_1)
FNDA:0,(anonymous_2)
FNDA:0,(anonymous_3)
FNDA:0,(anonymous_4)
FNDA:0,(anonymous_5)
FNDA:0,(anonymous_6)
FNDA:0,(anonymous_7)
FNDA:0,(anonymous_8)
FNDA:0,(anonymous_9)
FNDA:0,(anonymous_10)
FNDA:0,(anonymous_11)
FNDA:0,(anonymous_12)
FNDA:0,(anonymous_13)
FNDA:0,(anonymous_14)
FNDA:0,(anonymous_15)
FNDA:0,(anonymous_16)
FNDA:0,(anonymous_17)
FNDA:0,(anonymous_18)
FNDA:0,(anonymous_19)
FNDA:0,(anonymous_20)
FNDA:0,(anonymous_21)
FNDA:0,(anonymous_22)
FNDA:0,(anonymous_23)
FNDA:0,(anonymous_24)
FNDA:0,(anonymous_25)
FNDA:0,(anonymous_26)
FNDA:0,(anonymous_27)
FNDA:0,(anonymous_28)
DA:12,0
DA:13,0
DA:14,0
DA:15,0
DA:16,0
DA:19,0
DA:20,0
DA:23,0
DA:30,0
DA:32,0
DA:33,0
DA:42,0
DA:43,0
DA:58,0
DA:60,0
DA:61,0
DA:70,0
DA:71,0
DA:86,0
DA:88,0
DA:89,0
DA:98,0
DA:99,0
DA:112,0
DA:114,0
DA:115,0
DA:124,0
DA:125,0
DA:137,0
DA:139,0
DA:140,0
DA:148,0
DA:149,0
DA:162,0
DA:164,0
DA:165,0
DA:173,0
DA:174,0
DA:186,0
DA:187,0
DA:189,0
DA:190,0
DA:191,0
DA:192,0
DA:194,0
DA:200,0
DA:201,0
DA:202,0
DA:207,0
DA:208,0
DA:210,0
DA:211,0
DA:215,0
DA:216,0
DA:221,0
DA:222,0
DA:226,0
DA:231,0
DA:270,0
DA:275,0
DA:280,0
DA:281,0
DA:282,0
DA:283,0
DA:284,0
DA:285,0
DA:286,0
DA:292,0
DA:298,0
DA:307,0
LF:70
LH:0
BRDA:30,0,0,0
BRDA:30,0,1,0
BRDA:58,1,0,0
BRDA:58,1,1,0
BRDA:86,2,0,0
BRDA:86,2,1,0
BRDA:112,3,0,0
BRDA:112,3,1,0
BRDA:137,4,0,0
BRDA:137,4,1,0
BRDA:162,5,0,0
BRDA:162,5,1,0
BRDA:199,6,0,0
BRDA:199,6,1,0
BRDA:207,7,0,0
BRDA:207,7,1,0
BRDA:220,8,0,0
BRDA:220,8,1,0
BRF:18
BRH:0
end_of_record
TN:
SF:utils/soundManager.js
FN:21,(anonymous_0)
FN:73,(anonymous_1)
FN:101,(anonymous_2)
FN:161,(anonymous_3)
FN:169,(anonymous_4)
FN:171,(anonymous_5)
FN:185,(anonymous_6)
FN:192,(anonymous_7)
FN:193,(anonymous_8)
FN:205,(anonymous_9)
FN:216,(anonymous_10)
FN:218,(anonymous_11)
FN:226,(anonymous_12)
FN:227,(anonymous_13)
FN:241,(anonymous_14)
FN:265,(anonymous_15)
FN:281,(anonymous_16)
FN:287,(anonymous_17)
FN:291,(anonymous_18)
FN:292,(anonymous_19)
FN:322,(anonymous_20)
FN:330,(anonymous_21)
FN:347,(anonymous_22)
FN:368,(anonymous_23)
FN:383,(anonymous_24)
FN:399,(anonymous_25)
FN:410,(anonymous_26)
FN:421,(anonymous_27)
FN:432,(anonymous_28)
FN:443,(anonymous_29)
FN:455,(anonymous_30)
FN:463,(anonymous_31)
FN:471,(anonymous_32)
FN:485,(anonymous_33)
FN:489,(anonymous_34)
FN:493,(anonymous_35)
FN:528,(anonymous_36)
FN:553,(anonymous_37)
FN:563,(anonymous_38)
FN:569,(anonymous_39)
FN:574,(anonymous_40)
FN:578,(anonymous_41)
FN:582,(anonymous_42)
FN:603,(anonymous_43)
FN:608,(anonymous_44)
FN:612,(anonymous_45)
FN:617,(anonymous_46)
FN:629,(anonymous_47)
FN:653,(anonymous_48)
FN:657,(anonymous_49)
FN:661,(anonymous_50)
FN:665,(anonymous_51)
FN:671,(anonymous_52)
FN:676,(anonymous_53)
FN:691,(anonymous_54)
FNF:55
FNH:0
FNDA:0,(anonymous_0)
FNDA:0,(anonymous_1)
FNDA:0,(anonymous_2)
FNDA:0,(anonymous_3)
FNDA:0,(anonymous_4)
FNDA:0,(anonymous_5)
FNDA:0,(anonymous_6)
FNDA:0,(anonymous_7)
FNDA:0,(anonymous_8)
FNDA:0,(anonymous_9)
FNDA:0,(anonymous_10)
FNDA:0,(anonymous_11)
FNDA:0,(anonymous_12)
FNDA:0,(anonymous_13)
FNDA:0,(anonymous_14)
FNDA:0,(anonymous_15)
FNDA:0,(anonymous_16)
FNDA:0,(anonymous_17)
FNDA:0,(anonymous_18)
FNDA:0,(anonymous_19)
FNDA:0,(anonymous_20)
FNDA:0,(anonymous_21)
FNDA:0,(anonymous_22)
FNDA:0,(anonymous_23)
FNDA:0,(anonymous_24)
FNDA:0,(anonymous_25)
FNDA:0,(anonymous_26)
FNDA:0,(anonymous_27)
FNDA:0,(anonymous_28)
FNDA:0,(anonymous_29)
FNDA:0,(anonymous_30)
FNDA:0,(anonymous_31)
FNDA:0,(anonymous_32)
FNDA:0,(anonymous_33)
FNDA:0,(anonymous_34)
FNDA:0,(anonymous_35)
FNDA:0,(anonymous_36)
FNDA:0,(anonymous_37)
FNDA:0,(anonymous_38)
FNDA:0,(anonymous_39)
FNDA:0,(anonymous_40)
FNDA:0,(anonymous_41)
FNDA:0,(anonymous_42)
FNDA:0,(anonymous_43)
FNDA:0,(anonymous_44)
FNDA:0,(anonymous_45)
FNDA:0,(anonymous_46)
FNDA:0,(anonymous_47)
FNDA:0,(anonymous_48)
FNDA:0,(anonymous_49)
FNDA:0,(anonymous_50)
FNDA:0,(anonymous_51)
FNDA:0,(anonymous_52)
FNDA:0,(anonymous_53)
FNDA:0,(anonymous_54)
DA:22,0
DA:23,0
DA:24,0
DA:25,0
DA:26,0
DA:27,0
DA:28,0
DA:31,0
DA:32,0
DA:33,0
DA:42,0
DA:43,0
DA:44,0
DA:47,0
DA:56,0
DA:65,0
DA:66,0
DA:69,0
DA:70,0
DA:74,0
DA:75,0
DA:76,0
DA:79,0
DA:81,0
DA:82,0
DA:89,0
DA:92,0
DA:93,0
DA:96,0
DA:102,0
DA:103,0
DA:107,0
DA:108,0
DA:109,0
DA:110,0
DA:112,0
DA:116,0
DA:117,0
DA:118,0
DA:122,0
DA:123,0
DA:124,0
DA:127,0
DA:129,0
DA:130,0
DA:134,0
DA:136,0
DA:137,0
DA:141,0
DA:143,0
DA:144,0
DA:147,0
DA:148,0
DA:152,0
DA:160,0
DA:161,0
DA:163,0
DA:164,0
DA:171,0
DA:174,0
DA:177,0
DA:178,0
DA:179,0
DA:180,0
DA:186,0
DA:187,0
DA:188,0
DA:189,0
DA:190,0
DA:193,0
DA:197,0
DA:198,0
DA:206,0
DA:209,0
DA:213,0
DA:217,0
DA:218,0
DA:219,0
DA:222,0
DA:223,0
DA:224,0
DA:227,0
DA:233,0
DA:234,0
DA:242,0
DA:243,0
DA:246,0
DA:248,0
DA:249,0
DA:250,0
DA:253,0
DA:254,0
DA:255,0
DA:259,0
DA:260,0
DA:262,0
DA:264,0
DA:265,0
DA:266,0
DA:270,0
DA:273,0
DA:274,0
DA:280,0
DA:281,0
DA:284,0
DA:289,0
DA:291,0
DA:292,0
DA:293,0
DA:294,0
DA:295,0
DA:296,0
DA:299,0
DA:300,0
DA:303,0
DA:304,0
DA:306,0
DA:308,0
DA:310,0
DA:312,0
DA:314,0
DA:316,0
DA:319,0
DA:322,0
DA:323,0
DA:324,0
DA:325,0
DA:331,0
DA:333,0
DA:335,0
DA:337,0
DA:339,0
DA:341,0
DA:343,0
DA:348,0
DA:349,0
DA:352,0
DA:353,0
DA:354,0
DA:355,0
DA:356,0
DA:359,0
DA:361,0
DA:362,0
DA:369,0
DA:371,0
DA:372,0
DA:384,0
DA:386,0
DA:387,0
DA:389,0
DA:390,0
DA:391,0
DA:392,0
DA:400,0
DA:402,0
DA:403,0
DA:406,0
DA:411,0
DA:413,0
DA:414,0
DA:417,0
DA:422,0
DA:424,0
DA:425,0
DA:428,0
DA:433,0
DA:435,0
DA:436,0
DA:439,0
DA:444,0
DA:446,0
DA:447,0
DA:450,0
DA:456,0
DA:457,0
DA:460,0
DA:464,0
DA:465,0
DA:468,0
DA:472,0
DA:473,0
DA:476,0
DA:478,0
DA:479,0
DA:481,0
DA:486,0
DA:490,0
DA:494,0
DA:496,0
DA:497,0
DA:498,0
DA:499,0
DA:500,0
DA:503,0
DA:504,0
DA:505,0
DA:506,0
DA:507,0
DA:510,0
DA:511,0
DA:513,0
DA:516,0
DA:529,0
DA:531,0
DA:532,0
DA:533,0
DA:534,0
DA:536,0
DA:537,0
DA:538,0
DA:540,0
DA:541,0
DA:542,0
DA:544,0
DA:545,0
DA:546,0
DA:554,0
DA:556,0
DA:557,0
DA:564,0
DA:566,0
DA:570,0
DA:571,0
DA:575,0
DA:579,0
DA:583,0
DA:604,0
DA:605,0
DA:609,0
DA:613,0
DA:618,0
DA:632,0
DA:634,0
DA:637,0
DA:640,0
DA:641,0
DA:644,0
DA:666,0
DA:667,0
DA:677,0
DA:680,0
DA:682,0
DA:685,0
DA:687,0
DA:691,0
DA:692,0
DA:694,0
DA:698,0
DA:700,0
DA:703,0
DA:707,0
LF:252
LH:0
BRDA:74,0,0,0
BRDA:74,0,1,0
BRDA:81,1,0,0
BRDA:81,1,1,0
BRDA:101,2,0,0
BRDA:101,3,0,0
BRDA:102,4,0,0
BRDA:102,4,1,0
BRDA:102,5,0,0
BRDA:102,5,1,0
BRDA:107,6,0,0
BRDA:107,6,1,0
BRDA:109,7,0,0
BRDA:109,7,1,0
BRDA:117,8,0,0
BRDA:117,8,1,0
BRDA:117,9,0,0
BRDA:117,9,1,0
BRDA:123,10,0,0
BRDA:123,10,1,0
BRDA:124,11,0,0
BRDA:124,11,1,0
BRDA:127,12,0,0
BRDA:127,12,1,0
BRDA:127,13,0,0
BRDA:127,13,1,0
BRDA:129,14,0,0
BRDA:129,14,1,0
BRDA:134,15,0,0
BRDA:134,15,1,0
BRDA:134,16,0,0
BRDA:134,16,1,0
BRDA:136,17,0,0
BRDA:136,17,1,0
BRDA:141,18,0,0
BRDA:141,18,1,0
BRDA:141,19,0,0
BRDA:141,19,1,0
BRDA:143,20,0,0
BRDA:143,20,1,0
BRDA:147,21,0,0
BRDA:147,21,1,0
BRDA:163,22,0,0
BRDA:163,22,1,0
BRDA:178,23,0,0
BRDA:178,23,1,0
BRDA:185,24,0,0
BRDA:186,25,0,0
BRDA:186,25,1,0
BRDA:188,26,0,0
BRDA:188,26,1,0
BRDA:205,27,0,0
BRDA:206,28,0,0
BRDA:206,28,1,0
BRDA:217,29,0,0
BRDA:217,29,1,0
BRDA:222,30,0,0
BRDA:222,30,1,0
BRDA:242,31,0,0
BRDA:242,31,1,0
BRDA:242,32,0,0
BRDA:242,32,1,0
BRDA:253,33,0,0
BRDA:253,33,1,0
BRDA:259,34,0,0
BRDA:259,34,1,0
BRDA:260,35,0,0
BRDA:260,35,1,0
BRDA:262,36,0,0
BRDA:262,36,1,0
BRDA:280,37,0,0
BRDA:280,37,1,0
BRDA:304,38,0,0
BRDA:304,38,1,0
BRDA:304,38,2,0
BRDA:304,38,3,0
BRDA:304,38,4,0
BRDA:304,38,5,0
BRDA:331,39,0,0
BRDA:331,39,1,0
BRDA:331,39,2,0
BRDA:331,39,3,0
BRDA:331,39,4,0
BRDA:331,39,5,0
BRDA:348,40,0,0
BRDA:348,40,1,0
BRDA:369,41,0,0
BRDA:369,41,1,0
BRDA:384,42,0,0
BRDA:384,42,1,0
BRDA:387,43,0,0
BRDA:387,43,1,0
BRDA:389,44,0,0
BRDA:389,44,1,0
BRDA:390,45,0,0
BRDA:390,45,1,0
BRDA:391,46,0,0
BRDA:391,46,1,0
BRDA:392,47,0,0
BRDA:392,47,1,0
BRDA:400,48,0,0
BRDA:400,48,1,0
BRDA:400,49,0,0
BRDA:400,49,1,0
BRDA:411,50,0,0
BRDA:411,50,1,0
BRDA:411,51,0,0
BRDA:411,51,1,0
BRDA:422,52,0,0
BRDA:422,52,1,0
BRDA:422,53,0,0
BRDA:422,53,1,0
BRDA:433,54,0,0
BRDA:433,54,1,0
BRDA:433,55,0,0
BRDA:433,55,1,0
BRDA:444,56,0,0
BRDA:444,56,1,0
BRDA:444,57,0,0
BRDA:444,57,1,0
BRDA:455,58,0,0
BRDA:456,59,0,0
BRDA:456,59,1,0
BRDA:456,60,0,0
BRDA:456,60,1,0
BRDA:463,61,0,0
BRDA:464,62,0,0
BRDA:464,62,1,0
BRDA:464,63,0,0
BRDA:464,63,1,0
BRDA:471,64,0,0
BRDA:472,65,0,0
BRDA:472,65,1,0
BRDA:472,66,0,0
BRDA:472,66,1,0
BRDA:476,67,0,0
BRDA:476,67,1,0
BRDA:494,68,0,0
BRDA:494,68,1,0
BRDA:497,69,0,0
BRDA:497,69,1,0
BRDA:498,70,0,0
BRDA:498,70,1,0
BRDA:499,71,0,0
BRDA:499,71,1,0
BRDA:500,72,0,0
BRDA:500,72,1,0
BRDA:529,73,0,0
BRDA:529,73,1,0
BRDA:532,74,0,0
BRDA:532,74,1,0
BRDA:536,75,0,0
BRDA:536,75,1,0
BRDA:540,76,0,0
BRDA:540,76,1,0
BRDA:544,77,0,0
BRDA:544,77,1,0
BRDA:554,78,0,0
BRDA:554,78,1,0
BRDA:564,79,0,0
BRDA:564,79,1,0
BRDA:564,80,0,0
BRDA:564,80,1,0
BRDA:575,81,0,0
BRDA:575,81,1,0
BRDA:579,82,0,0
BRDA:579,82,1,0
BRDA:579,82,2,0
BRDA:603,83,0,0
BRDA:666,84,0,0
BRDA:666,84,1,0
BRDA:680,85,0,0
BRDA:680,85,1,0
BRDA:685,86,0,0
BRDA:685,86,1,0
BRDA:692,87,0,0
BRDA:692,87,1,0
BRDA:698,88,0,0
BRDA:698,88,1,0
BRF:179
BRH:0
end_of_record
TN:
SF:utils/soundManagerOptimized.js
FN:27,(anonymous_0)
FN:78,(anonymous_1)
FN:101,(anonymous_2)
FN:140,(anonymous_3)
FN:148,(anonymous_4)
FN:150,(anonymous_5)
FN:166,(anonymous_6)
FN:173,(anonymous_7)
FN:174,(anonymous_8)
FN:187,(anonymous_9)
FN:198,(anonymous_10)
FN:200,(anonymous_11)
FN:208,(anonymous_12)
FN:209,(anonymous_13)
FN:222,(anonymous_14)
FN:246,(anonymous_15)
FN:262,(anonymous_16)
FN:268,(anonymous_17)
FN:272,(anonymous_18)
FN:273,(anonymous_19)
FN:301,(anonymous_20)
FN:309,(anonymous_21)
FN:326,(anonymous_22)
FN:346,(anonymous_23)
FN:362,(anonymous_24)
FN:373,(anonymous_25)
FN:384,(anonymous_26)
FN:395,(anonymous_27)
FN:406,(anonymous_28)
FN:418,(anonymous_29)
FN:422,(anonymous_30)
FN:426,(anonymous_31)
FN:430,(anonymous_32)
FN:434,(anonymous_33)
FN:438,(anonymous_34)
FN:473,(anonymous_35)
FN:498,(anonymous_36)
FN:508,(anonymous_37)
FN:514,(anonymous_38)
FN:519,(anonymous_39)
FN:523,(anonymous_40)
FN:527,(anonymous_41)
FN:548,(anonymous_42)
FN:553,(anonymous_43)
FN:557,(anonymous_44)
FN:562,(anonymous_45)
FNF:46
FNH:0
FNDA:0,(anonymous_0)
FNDA:0,(anonymous_1)
FNDA:0,(anonymous_2)
FNDA:0,(anonymous_3)
FNDA:0,(anonymous_4)
FNDA:0,(anonymous_5)
FNDA:0,(anonymous_6)
FNDA:0,(anonymous_7)
FNDA:0,(anonymous_8)
FNDA:0,(anonymous_9)
FNDA:0,(anonymous_10)
FNDA:0,(anonymous_11)
FNDA:0,(anonymous_12)
FNDA:0,(anonymous_13)
FNDA:0,(anonymous_14)
FNDA:0,(anonymous_15)
FNDA:0,(anonymous_16)
FNDA:0,(anonymous_17)
FNDA:0,(anonymous_18)
FNDA:0,(anonymous_19)
FNDA:0,(anonymous_20)
FNDA:0,(anonymous_21)
FNDA:0,(anonymous_22)
FNDA:0,(anonymous_23)
FNDA:0,(anonymous_24)
FNDA:0,(anonymous_25)
FNDA:0,(anonymous_26)
FNDA:0,(anonymous_27)
FNDA:0,(anonymous_28)
FNDA:0,(anonymous_29)
FNDA:0,(anonymous_30)
FNDA:0,(anonymous_31)
FNDA:0,(anonymous_32)
FNDA:0,(anonymous_33)
FNDA:0,(anonymous_34)
FNDA:0,(anonymous_35)
FNDA:0,(anonymous_36)
FNDA:0,(anonymous_37)
FNDA:0,(anonymous_38)
FNDA:0,(anonymous_39)
FNDA:0,(anonymous_40)
FNDA:0,(anonymous_41)
FNDA:0,(anonymous_42)
FNDA:0,(anonymous_43)
FNDA:0,(anonymous_44)
FNDA:0,(anonymous_45)
DA:18,0
DA:19,0
DA:20,0
DA:21,0
DA:22,0
DA:23,0
DA:28,0
DA:29,0
DA:30,0
DA:31,0
DA:32,0
DA:33,0
DA:36,0
DA:37,0
DA:38,0
DA:47,0
DA:48,0
DA:49,0
DA:52,0
DA:61,0
DA:70,0
DA:71,0
DA:74,0
DA:75,0
DA:79,0
DA:80,0
DA:81,0
DA:84,0
DA:85,0
DA:93,0
DA:94,0
DA:96,0
DA:102,0
DA:103,0
DA:107,0
DA:108,0
DA:109,0
DA:110,0
DA:112,0
DA:116,0
DA:117,0
DA:118,0
DA:122,0
DA:123,0
DA:124,0
DA:126,0
DA:127,0
DA:131,0
DA:139,0
DA:140,0
DA:142,0
DA:143,0
DA:150,0
DA:153,0
DA:156,0
DA:157,0
DA:158,0
DA:159,0
DA:167,0
DA:168,0
DA:169,0
DA:170,0
DA:171,0
DA:174,0
DA:179,0
DA:180,0
DA:188,0
DA:191,0
DA:195,0
DA:199,0
DA:200,0
DA:201,0
DA:204,0
DA:205,0
DA:206,0
DA:209,0
DA:214,0
DA:215,0
DA:223,0
DA:224,0
DA:227,0
DA:229,0
DA:230,0
DA:231,0
DA:234,0
DA:235,0
DA:236,0
DA:240,0
DA:241,0
DA:243,0
DA:245,0
DA:246,0
DA:247,0
DA:251,0
DA:254,0
DA:255,0
DA:261,0
DA:262,0
DA:265,0
DA:270,0
DA:272,0
DA:273,0
DA:274,0
DA:275,0
DA:276,0
DA:277,0
DA:280,0
DA:281,0
DA:284,0
DA:285,0
DA:287,0
DA:289,0
DA:291,0
DA:293,0
DA:295,0
DA:297,0
DA:301,0
DA:302,0
DA:303,0
DA:304,0
DA:310,0
DA:312,0
DA:314,0
DA:316,0
DA:318,0
DA:320,0
DA:322,0
DA:327,0
DA:328,0
DA:331,0
DA:332,0
DA:333,0
DA:334,0
DA:335,0
DA:337,0
DA:338,0
DA:347,0
DA:349,0
DA:350,0
DA:352,0
DA:353,0
DA:354,0
DA:355,0
DA:363,0
DA:365,0
DA:366,0
DA:367,0
DA:369,0
DA:374,0
DA:376,0
DA:377,0
DA:378,0
DA:380,0
DA:385,0
DA:387,0
DA:388,0
DA:389,0
DA:391,0
DA:396,0
DA:398,0
DA:399,0
DA:400,0
DA:402,0
DA:407,0
DA:409,0
DA:410,0
DA:411,0
DA:413,0
DA:419,0
DA:423,0
DA:427,0
DA:431,0
DA:435,0
DA:439,0
DA:441,0
DA:442,0
DA:443,0
DA:444,0
DA:445,0
DA:448,0
DA:449,0
DA:450,0
DA:451,0
DA:452,0
DA:455,0
DA:456,0
DA:458,0
DA:461,0
DA:474,0
DA:476,0
DA:477,0
DA:478,0
DA:479,0
DA:481,0
DA:482,0
DA:483,0
DA:485,0
DA:486,0
DA:487,0
DA:489,0
DA:490,0
DA:491,0
DA:499,0
DA:501,0
DA:502,0
DA:509,0
DA:511,0
DA:515,0
DA:516,0
DA:520,0
DA:524,0
DA:528,0
DA:549,0
DA:550,0
DA:554,0
DA:558,0
DA:563,0
DA:574,0
LF:218
LH:0
BRDA:20,0,0,0
BRDA:20,0,1,0
BRDA:79,1,0,0
BRDA:79,1,1,0
BRDA:101,2,0,0
BRDA:101,3,0,0
BRDA:102,4,0,0
BRDA:102,4,1,0
BRDA:102,5,0,0
BRDA:102,5,1,0
BRDA:107,6,0,0
BRDA:107,6,1,0
BRDA:109,7,0,0
BRDA:109,7,1,0
BRDA:117,8,0,0
BRDA:117,8,1,0
BRDA:117,9,0,0
BRDA:117,9,1,0
BRDA:123,10,0,0
BRDA:123,10,1,0
BRDA:124,11,0,0
BRDA:124,11,1,0
BRDA:126,12,0,0
BRDA:126,12,1,0
BRDA:142,13,0,0
BRDA:142,13,1,0
BRDA:157,14,0,0
BRDA:157,14,1,0
BRDA:166,15,0,0
BRDA:167,16,0,0
BRDA:167,16,1,0
BRDA:169,17,0,0
BRDA:169,17,1,0
BRDA:187,18,0,0
BRDA:188,19,0,0
BRDA:188,19,1,0
BRDA:199,20,0,0
BRDA:199,20,1,0
BRDA:204,21,0,0
BRDA:204,21,1,0
BRDA:223,22,0,0
BRDA:223,22,1,0
BRDA:223,23,0,0
BRDA:223,23,1,0
BRDA:234,24,0,0
BRDA:234,24,1,0
BRDA:240,25,0,0
BRDA:240,25,1,0
BRDA:241,26,0,0
BRDA:241,26,1,0
BRDA:243,27,0,0
BRDA:243,27,1,0
BRDA:261,28,0,0
BRDA:261,28,1,0
BRDA:285,29,0,0
BRDA:285,29,1,0
BRDA:285,29,2,0
BRDA:285,29,3,0
BRDA:285,29,4,0
BRDA:285,29,5,0
BRDA:310,30,0,0
BRDA:310,30,1,0
BRDA:310,30,2,0
BRDA:310,30,3,0
BRDA:310,30,4,0
BRDA:310,30,5,0
BRDA:327,31,0,0
BRDA:327,31,1,0
BRDA:327,32,0,0
BRDA:327,32,1,0
BRDA:347,33,0,0
BRDA:347,33,1,0
BRDA:350,34,0,0
BRDA:350,34,1,0
BRDA:352,35,0,0
BRDA:352,35,1,0
BRDA:353,36,0,0
BRDA:353,36,1,0
BRDA:354,37,0,0
BRDA:354,37,1,0
BRDA:355,38,0,0
BRDA:355,38,1,0
BRDA:363,39,0,0
BRDA:363,39,1,0
BRDA:363,40,0,0
BRDA:363,40,1,0
BRDA:374,41,0,0
BRDA:374,41,1,0
BRDA:374,42,0,0
BRDA:374,42,1,0
BRDA:385,43,0,0
BRDA:385,43,1,0
BRDA:385,44,0,0
BRDA:385,44,1,0
BRDA:396,45,0,0
BRDA:396,45,1,0
BRDA:396,46,0,0
BRDA:396,46,1,0
BRDA:407,47,0,0
BRDA:407,47,1,0
BRDA:407,48,0,0
BRDA:407,48,1,0
BRDA:418,49,0,0
BRDA:422,50,0,0
BRDA:439,51,0,0
BRDA:439,51,1,0
BRDA:442,52,0,0
BRDA:442,52,1,0
BRDA:443,53,0,0
BRDA:443,53,1,0
BRDA:444,54,0,0
BRDA:444,54,1,0
BRDA:445,55,0,0
BRDA:445,55,1,0
BRDA:474,56,0,0
BRDA:474,56,1,0
BRDA:477,57,0,0
BRDA:477,57,1,0
BRDA:481,58,0,0
BRDA:481,58,1,0
BRDA:485,59,0,0
BRDA:485,59,1,0
BRDA:489,60,0,0
BRDA:489,60,1,0
BRDA:499,61,0,0
BRDA:499,61,1,0
BRDA:509,62,0,0
BRDA:509,62,1,0
BRDA:509,63,0,0
BRDA:509,63,1,0
BRDA:520,64,0,0
BRDA:520,64,1,0
BRDA:524,65,0,0
BRDA:524,65,1,0
BRDA:524,65,2,0
BRDA:548,66,0,0
BRF:136
BRH:0
end_of_record
TN:
SF:utils/soundTest.js
FN:10,(anonymous_0)
FN:14,(anonymous_1)
FN:37,(anonymous_2)
FN:49,(anonymous_3)
FN:57,(anonymous_4)
FN:75,(anonymous_5)
FN:85,(anonymous_6)
FN:93,(anonymous_7)
FN:99,(anonymous_8)
FN:109,(anonymous_9)
FN:126,(anonymous_10)
FN:131,(anonymous_11)
FN:141,(anonymous_12)
FN:147,(anonymous_13)
FN:157,(anonymous_14)
FN:181,(anonymous_15)
FN:187,(anonymous_16)
FN:208,(anonymous_17)
FN:210,(anonymous_18)
FN:211,(anonymous_19)
FN:213,(anonymous_20)
FN:225,(anonymous_21)
FN:234,(anonymous_22)
FN:244,(anonymous_23)
FN:248,(anonymous_24)
FNF:25
FNH:0
FNDA:0,(anonymous_0)
FNDA:0,(anonymous_1)
FNDA:0,(anonymous_2)
FNDA:0,(anonymous_3)
FNDA:0,(anonymous_4)
FNDA:0,(anonymous_5)
FNDA:0,(anonymous_6)
FNDA:0,(anonymous_7)
FNDA:0,(anonymous_8)
FNDA:0,(anonymous_9)
FNDA:0,(anonymous_10)
FNDA:0,(anonymous_11)
FNDA:0,(anonymous_12)
FNDA:0,(anonymous_13)
FNDA:0,(anonymous_14)
FNDA:0,(anonymous_15)
FNDA:0,(anonymous_16)
FNDA:0,(anonymous_17)
FNDA:0,(anonymous_18)
FNDA:0,(anonymous_19)
FNDA:0,(anonymous_20)
FNDA:0,(anonymous_21)
FNDA:0,(anonymous_22)
FNDA:0,(anonymous_23)
FNDA:0,(anonymous_24)
DA:11,0
DA:16,0
DA:26,0
DA:27,0
DA:28,0
DA:30,0
DA:34,0
DA:39,0
DA:41,0
DA:42,0
DA:45,0
DA:46,0
DA:49,0
DA:50,0
DA:51,0
DA:54,0
DA:60,0
DA:63,0
DA:70,0
DA:72,0
DA:75,0
DA:77,0
DA:78,0
DA:79,0
DA:82,0
DA:87,0
DA:90,0
DA:91,0
DA:92,0
DA:93,0
DA:96,0
DA:99,0
DA:101,0
DA:102,0
DA:103,0
DA:106,0
DA:111,0
DA:114,0
DA:121,0
DA:123,0
DA:126,0
DA:128,0
DA:133,0
DA:135,0
DA:138,0
DA:139,0
DA:140,0
DA:141,0
DA:144,0
DA:147,0
DA:149,0
DA:150,0
DA:151,0
DA:154,0
DA:159,0
DA:162,0
DA:170,0
DA:172,0
DA:173,0
DA:176,0
DA:178,0
DA:181,0
DA:184,0
DA:190,0
DA:191,0
DA:196,0
DA:197,0
DA:199,0
DA:200,0
DA:203,0
DA:205,0
DA:210,0
DA:211,0
DA:213,0
DA:214,0
DA:215,0
DA:219,0
DA:227,0
DA:230,0
DA:232,0
DA:233,0
DA:234,0
DA:241,0
DA:244,0
DA:245,0
DA:248,0
DA:249,0
LF:87
LH:0
BRDA:41,0,0,0
BRDA:41,0,1,0
BRDA:45,1,0,0
BRDA:45,1,1,0
BRDA:50,2,0,0
BRDA:50,2,1,0
BRDA:78,3,0,0
BRDA:78,3,1,0
BRDA:102,4,0,0
BRDA:102,4,1,0
BRDA:150,5,0,0
BRDA:150,5,1,0
BRDA:214,6,0,0
BRDA:214,6,1,0
BRDA:215,7,0,0
BRDA:215,7,1,0
BRDA:219,8,0,0
BRDA:219,8,1,0
BRF:18
BRH:0
end_of_record
TN:
SF:utils/vibration.js
FN:12,(anonymous_0)
FN:31,(anonymous_1)
FN:50,(anonymous_2)
FN:60,(anonymous_3)
FN:74,(anonymous_4)
FNF:5
FNH:0
FNDA:0,(anonymous_0)
FNDA:0,(anonymous_1)
FNDA:0,(anonymous_2)
FNDA:0,(anonymous_3)
FNDA:0,(anonymous_4)
DA:6,0
DA:7,0
DA:8,0
DA:12,0
DA:13,0
DA:15,0
DA:17,0
DA:21,0
DA:22,0
DA:23,0
DA:31,0
DA:32,0
DA:34,0
DA:36,0
DA:40,0
DA:41,0
DA:42,0
DA:50,0
DA:51,0
DA:53,0
DA:55,0
DA:60,0
DA:61,0
DA:65,0
DA:66,0
DA:67,0
DA:74,0
DA:75,0
DA:77,0
DA:79,0
DA:83,0
DA:84,0
DA:85,0
LF:33
LH:0
BRDA:7,0,0,0
BRDA:7,0,1,0
BRDA:12,1,0,0
BRDA:15,2,0,0
BRDA:15,2,1,0
BRDA:15,3,0,0
BRDA:15,3,1,0
BRDA:15,3,2,0
BRDA:21,4,0,0
BRDA:21,4,1,0
BRDA:31,5,0,0
BRDA:34,6,0,0
BRDA:34,6,1,0
BRDA:34,7,0,0
BRDA:34,7,1,0
BRDA:34,7,2,0
BRDA:40,8,0,0
BRDA:40,8,1,0
BRDA:53,9,0,0
BRDA:53,9,1,0
BRDA:53,10,0,0
BRDA:53,10,1,0
BRDA:53,10,2,0
BRDA:60,11,0,0
BRDA:65,12,0,0
BRDA:65,12,1,0
BRDA:77,13,0,0
BRDA:77,13,1,0
BRDA:77,14,0,0
BRDA:77,14,1,0
BRDA:77,14,2,0
BRDA:83,15,0,0
BRDA:83,15,1,0
BRF:33
BRH:0
end_of_record
